++========================================
||
||   Package:  ./slackware64-compat32/l-compat32/freetype-compat32-2.5.5-x86_64-1_slack14.1compat32.txz
||
++========================================
drwxr-xr-x root/root         0 2015-01-18 11:10 ./
drwxr-xr-x root/root         0 2015-01-18 11:10 install/
-rw-r--r-- root/root       204 2015-01-18 11:10 install/doinst.sh
-rw-r--r-- root/root       973 2015-01-18 11:10 install/slack-desc
drwxr-xr-x root/root         0 2015-01-18 11:10 usr/
drwxr-xr-x root/root         0 2015-01-14 01:23 usr/lib/
drwxr-xr-x root/root         0 2015-01-14 01:23 usr/lib/pkgconfig/
-rw-r--r-- root/root       314 2015-01-14 01:23 usr/lib/pkgconfig/freetype2.pc
-rwxr-xr-x root/root       988 2015-01-14 01:23 usr/lib/libfreetype.la
-rwxr-xr-x root/root    588804 2015-01-14 01:23 usr/lib/libfreetype.so.6.11.4
drwxr-xr-x root/root         0 2015-01-18 11:10 usr/bin/
drwxr-xr-x root/root         0 2015-01-18 11:10 usr/bin/32/
-rwxr-xr-x root/root      3792 2015-01-14 01:23 usr/bin/32/freetype-config
drwxr-xr-x root/root         0 2015-01-14 01:23 usr/doc/
drwxr-xr-x root/root         0 2015-01-18 11:10 usr/doc/freetype-2.5.5/
drwxr-xr-x root/root         0 2015-01-18 11:10 usr/doc/freetype-2.5.5/docs/
-rw-r--r-- root/root     17994 2009-03-14 14:45 usr/doc/freetype-2.5.5/docs/GPLv2.TXT
-rw-r--r-- root/root      1611 2013-05-28 23:00 usr/doc/freetype-2.5.5/docs/LICENSE.TXT


