++========================================
||
||   Package:  ./slackware64-compat32/l-compat32/gmp-compat32-5.1.3-x86_64-1compat32.txz
||
++========================================
drwxr-xr-x root/root         0 2013-10-02 04:59 ./
drwxr-xr-x root/root         0 2013-10-15 11:13 usr/
drwxr-xr-x root/root         0 2013-10-02 04:59 usr/doc/
drwxr-xr-x root/root         0 2013-10-15 11:13 usr/doc/gmp-5.1.3/
-rw-r--r-- root/root     35147 2013-09-30 12:18 usr/doc/gmp-5.1.3/COPYING
-rw-r--r-- root/root      7639 2013-09-30 12:18 usr/doc/gmp-5.1.3/COPYING.LIB
-rw-r--r-- root/root      2857 2013-09-30 12:18 usr/doc/gmp-5.1.3/AUTHORS
drwxr-xr-x root/root         0 2013-10-02 04:59 usr/lib/
-rwxr-xr-x root/root     20012 2013-10-02 04:59 usr/lib/libgmpxx.so.4.3.3
-rwxr-xr-x root/root       959 2013-10-02 04:59 usr/lib/libgmpxx.la
-rw-r--r-- root/root    930390 2013-10-02 04:59 usr/lib/libgmp.a
-rwxr-xr-x root/root       908 2013-10-02 04:59 usr/lib/libgmp.la
-rwxr-xr-x root/root    442072 2013-10-02 04:59 usr/lib/libgmp.so.10.1.3
-rw-r--r-- root/root     38866 2013-10-02 04:59 usr/lib/libgmpxx.a
drwxr-xr-x root/root         0 2013-10-15 11:13 install/
-rw-r--r-- root/root       360 2013-10-15 11:13 install/doinst.sh
-rw-r--r-- root/root       936 2013-10-15 11:13 install/slack-desc


