++========================================
||
||   Package:  ./slackware64-compat32/l-compat32/libgphoto2-compat32-2.5.2-x86_64-1compat32.txz
||
++========================================
drwxr-xr-x root/root         0 2013-06-11 10:17 ./
drwxr-xr-x root/root         0 2013-06-11 10:17 usr/
drwxr-xr-x root/root         0 2013-06-11 10:17 usr/bin/
drwxr-xr-x root/root         0 2013-06-11 10:17 usr/bin/32/
-rwxr-xr-x root/root      1082 2013-06-10 08:11 usr/bin/32/gphoto2-port-config
-rwxr-xr-x root/root      1080 2013-06-10 08:11 usr/bin/32/gphoto2-config
-rwxr-xr-x root/root     20380 2013-06-10 08:11 usr/bin/32/print-camera-list
drwxr-xr-x root/root         0 2013-06-10 08:11 usr/doc/
drwxr-xr-x root/root         0 2013-06-11 10:17 usr/doc/libgphoto2-2.5.2/
-rw-r--r-- root/root     26426 2012-12-13 09:49 usr/doc/libgphoto2-2.5.2/COPYING
-rw-r--r-- root/root      2387 2012-12-13 09:49 usr/doc/libgphoto2-2.5.2/AUTHORS
drwxr-xr-x root/root         0 2013-06-10 08:11 usr/lib/
drwxr-xr-x root/root         0 2013-06-10 08:11 usr/lib/libgphoto2/
drwxr-xr-x root/root         0 2013-06-10 08:11 usr/lib/libgphoto2/2.5.2/
-rwxr-xr-x root/root      1008 2013-06-10 08:11 usr/lib/libgphoto2/2.5.2/sq905.la
-rwxr-xr-x root/root      1020 2013-06-10 08:11 usr/lib/libgphoto2/2.5.2/dimagev.la
-rwxr-xr-x root/root     17316 2013-06-10 08:11 usr/lib/libgphoto2/2.5.2/kodak_dc3200.so
-rwxr-xr-x root/root      1014 2013-06-10 08:11 usr/lib/libgphoto2/2.5.2/iclick.la
-rwxr-xr-x root/root      1014 2013-06-10 08:11 usr/lib/libgphoto2/2.5.2/jamcam.la
-rwxr-xr-x root/root      8772 2013-06-10 08:11 usr/lib/libgphoto2/2.5.2/stv0674.so
-rwxr-xr-x root/root      1273 2013-06-10 08:11 usr/lib/libgphoto2/2.5.2/ax203.la
-rwxr-xr-x root/root    144744 2013-06-10 08:11 usr/lib/libgphoto2/2.5.2/canon.so
-rwxr-xr-x root/root      1040 2013-06-10 08:11 usr/lib/libgphoto2/2.5.2/jl2005c.la
-rwxr-xr-x root/root      8676 2013-06-10 08:11 usr/lib/libgphoto2/2.5.2/sipix_web2.so
-rwxr-xr-x root/root      1008 2013-06-10 08:11 usr/lib/libgphoto2/2.5.2/adc65.la
-rwxr-xr-x root/root      1008 2013-06-10 08:11 usr/lib/libgphoto2/2.5.2/canon.la
-rwxr-xr-x root/root      1026 2013-06-10 08:11 usr/lib/libgphoto2/2.5.2/pccam600.la
-rwxr-xr-x root/root      1020 2013-06-10 08:11 usr/lib/libgphoto2/2.5.2/stv0674.la
-rwxr-xr-x root/root      1279 2013-06-10 08:11 usr/lib/libgphoto2/2.5.2/tp6801.la
-rwxr-xr-x root/root      1038 2013-06-10 08:11 usr/lib/libgphoto2/2.5.2/dimera3500.la
-rwxr-xr-x root/root      1044 2013-06-10 08:11 usr/lib/libgphoto2/2.5.2/sony_dscf55.la
-rwxr-xr-x root/root      1014 2013-06-10 08:11 usr/lib/libgphoto2/2.5.2/sx330z.la
-rwxr-xr-x root/root     18780 2013-06-10 08:11 usr/lib/libgphoto2/2.5.2/polaroid_pdc640.so
-rwxr-xr-x root/root     27932 2013-06-10 08:11 usr/lib/libgphoto2/2.5.2/dimera3500.so
-rwxr-xr-x root/root      1044 2013-06-10 08:11 usr/lib/libgphoto2/2.5.2/kodak_dc240.la
-rwxr-xr-x root/root      8156 2013-06-10 08:11 usr/lib/libgphoto2/2.5.2/samsung.so
-rwxr-xr-x root/root     16476 2013-06-10 08:11 usr/lib/libgphoto2/2.5.2/digita.so
-rwxr-xr-x root/root     13372 2013-06-10 08:11 usr/lib/libgphoto2/2.5.2/gsmart300.so
-rwxr-xr-x root/root     23372 2013-06-10 08:11 usr/lib/libgphoto2/2.5.2/jl2005c.so
-rwxr-xr-x root/root      1026 2013-06-10 08:11 usr/lib/libgphoto2/2.5.2/casio_qv.la
-rwxr-xr-x root/root    414312 2013-06-10 08:11 usr/lib/libgphoto2/2.5.2/ptp2.so
-rwxr-xr-x root/root      1014 2013-06-10 08:11 usr/lib/libgphoto2/2.5.2/digita.la
-rwxr-xr-x root/root     10052 2013-06-10 08:11 usr/lib/libgphoto2/2.5.2/sipix_blink2.so
-rwxr-xr-x root/root      1026 2013-06-10 08:11 usr/lib/libgphoto2/2.5.2/pccam300.la
-rwxr-xr-x root/root      1014 2013-06-10 08:11 usr/lib/libgphoto2/2.5.2/lg_gsm.la
-rwxr-xr-x root/root     17116 2013-06-10 08:11 usr/lib/libgphoto2/2.5.2/mars.so
-rwxr-xr-x root/root     25052 2013-06-10 08:11 usr/lib/libgphoto2/2.5.2/stv0680.so
-rwxr-xr-x root/root     18372 2013-06-10 08:11 usr/lib/libgphoto2/2.5.2/ricoh_g3.so
-rwxr-xr-x root/root     35516 2013-06-10 08:11 usr/lib/libgphoto2/2.5.2/ricoh.so
-rwxr-xr-x root/root     17020 2013-06-10 08:11 usr/lib/libgphoto2/2.5.2/panasonic_dc1580.so
-rwxr-xr-x root/root     20116 2013-06-10 08:11 usr/lib/libgphoto2/2.5.2/polaroid_pdc700.so
-rwxr-xr-x root/root     37764 2013-06-10 08:11 usr/lib/libgphoto2/2.5.2/dimagev.so
-rwxr-xr-x root/root      1044 2013-06-10 08:11 usr/lib/libgphoto2/2.5.2/soundvision.la
-rwxr-xr-x root/root      1020 2013-06-10 08:11 usr/lib/libgphoto2/2.5.2/digigr8.la
-rwxr-xr-x root/root      1044 2013-06-10 08:11 usr/lib/libgphoto2/2.5.2/kodak_dc120.la
-rwxr-xr-x root/root      1026 2013-06-10 08:11 usr/lib/libgphoto2/2.5.2/enigma13.la
-rwxr-xr-x root/root     14116 2013-06-10 08:11 usr/lib/libgphoto2/2.5.2/clicksmart310.so
-rwxr-xr-x root/root      1008 2013-06-10 08:11 usr/lib/libgphoto2/2.5.2/ricoh.la
-rwxr-xr-x root/root     52252 2013-06-10 08:11 usr/lib/libgphoto2/2.5.2/ax203.so
-rwxr-xr-x root/root      1014 2013-06-10 08:11 usr/lib/libgphoto2/2.5.2/largan.la
-rwxr-xr-x root/root      7876 2013-06-10 08:11 usr/lib/libgphoto2/2.5.2/enigma13.so
-rwxr-xr-x root/root     15356 2013-06-10 08:11 usr/lib/libgphoto2/2.5.2/sony_dscf55.so
-rwxr-xr-x root/root      1056 2013-06-10 08:11 usr/lib/libgphoto2/2.5.2/clicksmart310.la
-rwxr-xr-x root/root    108848 2013-06-10 08:11 usr/lib/libgphoto2/2.5.2/sierra.so
-rwxr-xr-x root/root      1032 2013-06-10 08:11 usr/lib/libgphoto2/2.5.2/directory.la
-rwxr-xr-x root/root      1014 2013-06-10 08:11 usr/lib/libgphoto2/2.5.2/konica.la
-rwxr-xr-x root/root     21380 2013-06-10 08:11 usr/lib/libgphoto2/2.5.2/tp6801.so
-rwxr-xr-x root/root     23364 2013-06-10 08:11 usr/lib/libgphoto2/2.5.2/topfield.so
-rwxr-xr-x root/root     12124 2013-06-10 08:11 usr/lib/libgphoto2/2.5.2/polaroid_pdc320.so
-rwxr-xr-x root/root      1068 2013-06-10 08:11 usr/lib/libgphoto2/2.5.2/polaroid_pdc320.la
-rwxr-xr-x root/root     18620 2013-06-10 08:11 usr/lib/libgphoto2/2.5.2/sq905.so
-rwxr-xr-x root/root     10940 2013-06-10 08:11 usr/lib/libgphoto2/2.5.2/pccam300.so
-rwxr-xr-x root/root      1279 2013-06-10 08:11 usr/lib/libgphoto2/2.5.2/st2205.la
-rwxr-xr-x root/root     10684 2013-06-10 08:11 usr/lib/libgphoto2/2.5.2/sx330z.so
-rwxr-xr-x root/root      1032 2013-06-10 08:11 usr/lib/libgphoto2/2.5.2/agfa_cl20.la
-rwxr-xr-x root/root      1008 2013-06-10 08:11 usr/lib/libgphoto2/2.5.2/sonix.la
-rwxr-xr-x root/root      1044 2013-06-10 08:11 usr/lib/libgphoto2/2.5.2/kodak_dc210.la
-rwxr-xr-x root/root     22620 2013-06-10 08:11 usr/lib/libgphoto2/2.5.2/fuji.so
-rwxr-xr-x root/root      1026 2013-06-10 08:11 usr/lib/libgphoto2/2.5.2/topfield.la
-rwxr-xr-x root/root     14464 2013-06-10 08:11 usr/lib/libgphoto2/2.5.2/panasonic_coolshot.so
-rwxr-xr-x root/root       996 2013-06-10 08:11 usr/lib/libgphoto2/2.5.2/aox.la
-rwxr-xr-x root/root      1008 2013-06-10 08:11 usr/lib/libgphoto2/2.5.2/hp215.la
-rwxr-xr-x root/root      1068 2013-06-10 08:11 usr/lib/libgphoto2/2.5.2/polaroid_pdc640.la
-rwxr-xr-x root/root     12516 2013-06-10 08:11 usr/lib/libgphoto2/2.5.2/panasonic_l859.so
-rwxr-xr-x root/root     12328 2013-06-10 08:11 usr/lib/libgphoto2/2.5.2/jl2005a.so
-rwxr-xr-x root/root      1062 2013-06-10 08:11 usr/lib/libgphoto2/2.5.2/panasonic_l859.la
-rwxr-xr-x root/root      1026 2013-06-10 08:11 usr/lib/libgphoto2/2.5.2/ricoh_g3.la
-rwxr-xr-x root/root      1070 2013-06-10 08:11 usr/lib/libgphoto2/2.5.2/sipix_blink2.la
-rwxr-xr-x root/root     33284 2013-06-10 08:11 usr/lib/libgphoto2/2.5.2/st2205.so
-rwxr-xr-x root/root     14844 2013-06-10 08:11 usr/lib/libgphoto2/2.5.2/panasonic_dc1000.so
-rwxr-xr-x root/root      1068 2013-06-10 08:11 usr/lib/libgphoto2/2.5.2/polaroid_pdc700.la
-rwxr-xr-x root/root     22940 2013-06-10 08:11 usr/lib/libgphoto2/2.5.2/sonix.so
-rwxr-xr-x root/root      1020 2013-06-10 08:11 usr/lib/libgphoto2/2.5.2/samsung.la
-rwxr-xr-x root/root      1014 2013-06-10 08:11 usr/lib/libgphoto2/2.5.2/sierra.la
-rwxr-xr-x root/root     11204 2013-06-10 08:11 usr/lib/libgphoto2/2.5.2/toshiba_pdrm11.so
-rwxr-xr-x root/root      1086 2013-06-10 08:11 usr/lib/libgphoto2/2.5.2/panasonic_coolshot.la
-rwxr-xr-x root/root     11028 2013-06-10 08:11 usr/lib/libgphoto2/2.5.2/lg_gsm.so
-rwxr-xr-x root/root     21692 2013-06-10 08:11 usr/lib/libgphoto2/2.5.2/digigr8.so
-rwxr-xr-x root/root      1020 2013-06-10 08:11 usr/lib/libgphoto2/2.5.2/jl2005a.la
-rwxr-xr-x root/root     39836 2013-06-10 08:11 usr/lib/libgphoto2/2.5.2/konica.so
-rwxr-xr-x root/root     10108 2013-06-10 08:11 usr/lib/libgphoto2/2.5.2/iclick.so
-rwxr-xr-x root/root     30716 2013-06-10 08:11 usr/lib/libgphoto2/2.5.2/kodak_dc210.so
-rwxr-xr-x root/root      1074 2013-06-10 08:11 usr/lib/libgphoto2/2.5.2/panasonic_dc1000.la
-rwxr-xr-x root/root      1038 2013-06-10 08:11 usr/lib/libgphoto2/2.5.2/sony_dscf1.la
-rwxr-xr-x root/root     15292 2013-06-10 08:11 usr/lib/libgphoto2/2.5.2/directory.so
-rwxr-xr-x root/root      1014 2013-06-10 08:11 usr/lib/libgphoto2/2.5.2/mustek.la
-rwxr-xr-x root/root      1002 2013-06-10 08:11 usr/lib/libgphoto2/2.5.2/fuji.la
-rwxr-xr-x root/root     14116 2013-06-10 08:11 usr/lib/libgphoto2/2.5.2/hp215.so
-rwxr-xr-x root/root     17020 2013-06-10 08:11 usr/lib/libgphoto2/2.5.2/casio_qv.so
-rwxr-xr-x root/root      1020 2013-06-10 08:11 usr/lib/libgphoto2/2.5.2/stv0680.la
-rwxr-xr-x root/root      1002 2013-06-10 08:11 usr/lib/libgphoto2/2.5.2/jd11.la
-rwxr-xr-x root/root     10940 2013-06-10 08:11 usr/lib/libgphoto2/2.5.2/aox.so
-rwxr-xr-x root/root     18492 2013-06-10 08:11 usr/lib/libgphoto2/2.5.2/soundvision.so
-rwxr-xr-x root/root      1014 2013-06-10 08:11 usr/lib/libgphoto2/2.5.2/pentax.la
-rwxr-xr-x root/root     14396 2013-06-10 08:11 usr/lib/libgphoto2/2.5.2/smal.so
-rwxr-xr-x root/root      1044 2013-06-10 08:11 usr/lib/libgphoto2/2.5.2/kodak_ez200.la
-rwxr-xr-x root/root     18276 2013-06-10 08:11 usr/lib/libgphoto2/2.5.2/jd11.so
-rwxr-xr-x root/root     41412 2013-06-10 08:11 usr/lib/libgphoto2/2.5.2/pentax.so
-rwxr-xr-x root/root      1074 2013-06-10 08:11 usr/lib/libgphoto2/2.5.2/panasonic_dc1580.la
-rwxr-xr-x root/root     35676 2013-06-10 08:11 usr/lib/libgphoto2/2.5.2/spca50x.so
-rwxr-xr-x root/root     17148 2013-06-10 08:11 usr/lib/libgphoto2/2.5.2/kodak_dc240.so
-rwxr-xr-x root/root     22340 2013-06-10 08:11 usr/lib/libgphoto2/2.5.2/konica_qm150.so
-rwxr-xr-x root/root     25764 2013-06-10 08:11 usr/lib/libgphoto2/2.5.2/mustek.so
-rwxr-xr-x root/root      1038 2013-06-10 08:11 usr/lib/libgphoto2/2.5.2/sipix_web2.la
-rwxr-xr-x root/root      6532 2013-06-10 08:11 usr/lib/libgphoto2/2.5.2/adc65.so
-rwxr-xr-x root/root      1002 2013-06-10 08:11 usr/lib/libgphoto2/2.5.2/mars.la
-rwxr-xr-x root/root      7780 2013-06-10 08:11 usr/lib/libgphoto2/2.5.2/kodak_ez200.so
-rwxr-xr-x root/root      1050 2013-06-10 08:11 usr/lib/libgphoto2/2.5.2/konica_qm150.la
-rwxr-xr-x root/root      1062 2013-06-10 08:11 usr/lib/libgphoto2/2.5.2/toshiba_pdrm11.la
-rwxr-xr-x root/root      1002 2013-06-10 08:11 usr/lib/libgphoto2/2.5.2/smal.la
-rwxr-xr-x root/root     18340 2013-06-10 08:11 usr/lib/libgphoto2/2.5.2/sony_dscf1.so
-rwxr-xr-x root/root      1002 2013-06-10 08:11 usr/lib/libgphoto2/2.5.2/ptp2.la
-rwxr-xr-x root/root     18304 2013-06-10 08:11 usr/lib/libgphoto2/2.5.2/largan.so
-rwxr-xr-x root/root     15108 2013-06-10 08:11 usr/lib/libgphoto2/2.5.2/kodak_dc120.so
-rwxr-xr-x root/root      1014 2013-06-10 08:11 usr/lib/libgphoto2/2.5.2/barbie.la
-rwxr-xr-x root/root      1020 2013-06-10 08:11 usr/lib/libgphoto2/2.5.2/spca50x.la
-rwxr-xr-x root/root      1050 2013-06-10 08:11 usr/lib/libgphoto2/2.5.2/kodak_dc3200.la
-rwxr-xr-x root/root     12284 2013-06-10 08:11 usr/lib/libgphoto2/2.5.2/pccam600.so
-rwxr-xr-x root/root      8796 2013-06-10 08:11 usr/lib/libgphoto2/2.5.2/barbie.so
-rwxr-xr-x root/root     11900 2013-06-10 08:11 usr/lib/libgphoto2/2.5.2/agfa_cl20.so
-rwxr-xr-x root/root     16220 2013-06-10 08:11 usr/lib/libgphoto2/2.5.2/jamcam.so
-rwxr-xr-x root/root      1032 2013-06-10 08:11 usr/lib/libgphoto2/2.5.2/gsmart300.la
-rwxr-xr-x root/root      1007 2013-06-10 08:11 usr/lib/libgphoto2.la
-rwxr-xr-x root/root       989 2013-06-10 08:11 usr/lib/libgphoto2_port.la
-rwxr-xr-x root/root    130048 2013-06-10 08:11 usr/lib/libgphoto2.so.6.0.0
drwxr-xr-x root/root         0 2013-06-10 08:11 usr/lib/pkgconfig/
-rw-r--r-- root/root       378 2013-06-10 08:11 usr/lib/pkgconfig/libgphoto2.pc
-rw-r--r-- root/root       335 2013-06-10 08:11 usr/lib/pkgconfig/libgphoto2_port.pc
drwxr-xr-x root/root         0 2013-06-10 08:11 usr/lib/libgphoto2_port/
drwxr-xr-x root/root         0 2013-06-10 08:11 usr/lib/libgphoto2_port/0.10.0/
-rwxr-xr-x root/root      4604 2013-06-10 08:11 usr/lib/libgphoto2_port/0.10.0/ptpip.so
-rwxr-xr-x root/root      7412 2013-06-10 08:11 usr/lib/libgphoto2_port/0.10.0/disk.so
-rwxr-xr-x root/root       961 2013-06-10 08:11 usr/lib/libgphoto2_port/0.10.0/disk.la
-rwxr-xr-x root/root      9200 2013-06-10 08:11 usr/lib/libgphoto2_port/0.10.0/usbscsi.so
-rwxr-xr-x root/root     20068 2013-06-10 08:11 usr/lib/libgphoto2_port/0.10.0/usb1.so
-rwxr-xr-x root/root      1011 2013-06-10 08:11 usr/lib/libgphoto2_port/0.10.0/usb.la
-rwxr-xr-x root/root     11848 2013-06-10 08:11 usr/lib/libgphoto2_port/0.10.0/serial.so
-rwxr-xr-x root/root      1015 2013-06-10 08:11 usr/lib/libgphoto2_port/0.10.0/usbdiskdirect.la
-rwxr-xr-x root/root      8080 2013-06-10 08:11 usr/lib/libgphoto2_port/0.10.0/usbdiskdirect.so
-rwxr-xr-x root/root     18644 2013-06-10 08:11 usr/lib/libgphoto2_port/0.10.0/usb.so
-rwxr-xr-x root/root       979 2013-06-10 08:11 usr/lib/libgphoto2_port/0.10.0/usbscsi.la
-rwxr-xr-x root/root       967 2013-06-10 08:11 usr/lib/libgphoto2_port/0.10.0/ptpip.la
-rwxr-xr-x root/root       973 2013-06-10 08:11 usr/lib/libgphoto2_port/0.10.0/serial.la
-rwxr-xr-x root/root       998 2013-06-10 08:11 usr/lib/libgphoto2_port/0.10.0/usb1.la
-rwxr-xr-x root/root     36392 2013-06-10 08:11 usr/lib/libgphoto2_port.so.10.1.1
drwxr-xr-x root/root         0 2013-06-11 10:17 install/
-rw-r--r-- root/root       426 2013-06-11 10:17 install/doinst.sh
-rw-r--r-- root/root       933 2013-06-11 10:17 install/slack-desc
drwxr-xr-x root/root         0 2013-06-10 08:11 lib/
drwxr-xr-x root/root         0 2013-06-10 08:11 lib/udev/
-rwxr-xr-x root/root       489 2013-06-10 08:11 lib/udev/check-ptp-camera
drwxr-xr-x root/root         0 2013-06-10 08:11 lib/udev/rules.d/
-rw-r--r-- root/root    248829 2013-06-10 08:11 lib/udev/rules.d/40-libgphoto2.rules


