++========================================
||
||   Package:  ./slackware64-compat32/l-compat32/libtiff-compat32-3.9.7-x86_64-1compat32.txz
||
++========================================
drwxr-xr-x root/root         0 2013-10-20 15:50 ./
drwxr-xr-x root/root         0 2013-10-20 15:50 usr/
drwxr-xr-x root/root         0 2013-10-20 15:50 usr/bin/
drwxr-xr-x root/root         0 2013-10-20 15:50 usr/bin/32/
-rwxr-xr-x root/root     10068 2013-10-18 04:18 usr/bin/32/tiff2rgba
-rwxr-xr-x root/root     12824 2013-10-18 04:18 usr/bin/32/fax2ps
-rwxr-xr-x root/root     11588 2013-10-18 04:18 usr/bin/32/tiffinfo
-rwxr-xr-x root/root     12284 2013-10-18 04:18 usr/bin/32/tiffgt
-rwxr-xr-x root/root      8960 2013-10-18 04:18 usr/bin/32/tiffdither
-rwxr-xr-x root/root      9244 2013-10-18 04:18 usr/bin/32/ppm2tiff
-rwxr-xr-x root/root      7404 2013-10-18 04:18 usr/bin/32/tiffset
-rwxr-xr-x root/root     10372 2013-10-18 04:18 usr/bin/32/pal2rgb
-rwxr-xr-x root/root     11940 2013-10-18 04:18 usr/bin/32/bmp2tiff
-rwxr-xr-x root/root     29528 2013-10-18 04:18 usr/bin/32/tiffcp
-rwxr-xr-x root/root     49404 2013-10-18 04:18 usr/bin/32/tiff2ps
-rwxr-xr-x root/root     13408 2013-10-18 04:18 usr/bin/32/tiffcmp
-rwxr-xr-x root/root     12292 2013-10-18 04:18 usr/bin/32/thumbnail
-rwxr-xr-x root/root      8572 2013-10-18 04:18 usr/bin/32/ras2tiff
-rwxr-xr-x root/root     14492 2013-10-18 04:18 usr/bin/32/raw2tiff
-rwxr-xr-x root/root     59776 2013-10-18 04:18 usr/bin/32/tiff2pdf
-rwxr-xr-x root/root     11784 2013-10-18 04:18 usr/bin/32/fax2tiff
-rwxr-xr-x root/root     10304 2013-10-18 04:18 usr/bin/32/tiff2bw
-rwxr-xr-x root/root     10016 2013-10-18 04:18 usr/bin/32/rgb2ycbcr
-rwxr-xr-x root/root     14048 2013-10-18 04:18 usr/bin/32/tiffmedian
-rwxr-xr-x root/root     10212 2013-10-18 04:18 usr/bin/32/tiffsplit
-rwxr-xr-x root/root     98552 2013-10-18 04:18 usr/bin/32/tiffcrop
-rwxr-xr-x root/root     12488 2013-10-18 04:18 usr/bin/32/tiffdump
-rwxr-xr-x root/root     14132 2013-10-18 04:18 usr/bin/32/gif2tiff
drwxr-xr-x root/root         0 2013-10-18 04:18 usr/doc/
drwxr-xr-x root/root         0 2013-10-20 15:50 usr/doc/libtiff-3.9.7/
-rw-r--r-- root/root      1146 1999-07-27 23:50 usr/doc/libtiff-3.9.7/COPYRIGHT
drwxr-xr-x root/root         0 2013-10-18 04:18 usr/lib/
-rwxr-xr-x root/root      7468 2013-10-18 04:18 usr/lib/libtiffxx.so.3.9.7
-rw-r--r-- root/root    483582 2013-10-18 04:18 usr/lib/libtiff.a
-rwxr-xr-x root/root      1012 2013-10-18 04:18 usr/lib/libtiffxx.la
-rwxr-xr-x root/root       944 2013-10-18 04:18 usr/lib/libtiff.la
-rwxr-xr-x root/root    405484 2013-10-18 04:18 usr/lib/libtiff.so.3.9.7
-rw-r--r-- root/root      6538 2013-10-18 04:18 usr/lib/libtiffxx.a
drwxr-xr-x root/root         0 2013-10-20 15:50 install/
-rw-r--r-- root/root       368 2013-10-20 15:50 install/doinst.sh
-rw-r--r-- root/root      1022 2013-10-20 15:50 install/slack-desc


