++========================================
||
||   Package:  ./slackware64-compat32/l-compat32/libxslt-compat32-1.1.29-x86_64-1_slack14.1compat32.txz
||
++========================================
drwxr-xr-x root/root         0 2016-06-19 13:18 ./
drwxr-xr-x root/root         0 2016-06-19 13:18 install/
-rw-r--r-- root/root       366 2016-06-19 13:18 install/doinst.sh
-rw-r--r-- root/root       848 2016-06-19 13:18 install/slack-desc
drwxr-xr-x root/root         0 2016-06-19 13:18 usr/
drwxr-xr-x root/root         0 2016-05-28 00:56 usr/lib/
-rwxr-xr-x root/root      1038 2016-05-28 00:56 usr/lib/libexslt.la
drwxr-xr-x root/root         0 2016-05-28 00:56 usr/lib/pkgconfig/
-rw-r--r-- root/root       251 2016-05-28 00:56 usr/lib/pkgconfig/libxslt.pc
-rw-r--r-- root/root       280 2016-05-28 00:56 usr/lib/pkgconfig/libexslt.pc
-rwxr-xr-x root/root     82636 2016-05-28 00:56 usr/lib/libexslt.so.0.8.17
-rw-r--r-- root/root       191 2016-05-28 00:56 usr/lib/xsltConf.sh
drwxr-xr-x root/root         0 2016-05-28 00:56 usr/lib/python2.7/
drwxr-xr-x root/root         0 2016-05-28 00:56 usr/lib/python2.7/site-packages/
-rwxr-xr-x root/root      1113 2016-05-28 00:56 usr/lib/python2.7/site-packages/libxsltmod.la
-rw-r--r-- root/root     48432 2016-05-28 00:56 usr/lib/python2.7/site-packages/libxslt.py
-rwxr-xr-x root/root     74360 2016-05-28 00:56 usr/lib/python2.7/site-packages/libxsltmod.so
-rwxr-xr-x root/root       965 2016-05-28 00:56 usr/lib/libxslt.la
drwxr-xr-x root/root         0 2016-05-28 00:56 usr/lib/libxslt-plugins/
-rwxr-xr-x root/root    249320 2016-05-28 00:56 usr/lib/libxslt.so.1.1.29
drwxr-xr-x root/root         0 2016-06-19 13:18 usr/bin/
drwxr-xr-x root/root         0 2016-06-19 13:18 usr/bin/32/
-rwxr-xr-x root/root      2347 2016-05-28 00:56 usr/bin/32/xslt-config
-rwxr-xr-x root/root     19336 2016-05-28 00:56 usr/bin/32/xsltproc
drwxr-xr-x root/root         0 2016-05-28 00:56 usr/doc/
drwxr-xr-x root/root         0 2016-06-19 13:18 usr/doc/libxslt-1.1.29/
-rw-r--r-- root/root      2080 2015-05-10 16:11 usr/doc/libxslt-1.1.29/AUTHORS
-rw-r--r-- root/root      2968 2009-05-12 08:29 usr/doc/libxslt-1.1.29/Copyright


