++========================================
||
||   Package:  ./slackware64-compat32/l-compat32/alsa-oss-compat32-1.0.25-x86_64-1compat32.txz
||
++========================================
drwxr-xr-x root/root         0 2013-02-27 19:36 ./
drwxr-xr-x root/root         0 2013-02-27 19:36 usr/
drwxr-xr-x root/root         0 2013-02-27 19:36 usr/bin/
drwxr-xr-x root/root         0 2013-02-27 19:36 usr/bin/32/
-rwxr-xr-x root/root       320 2012-02-08 02:18 usr/bin/32/aoss
drwxr-xr-x root/root         0 2012-02-08 02:18 usr/doc/
drwxr-xr-x root/root         0 2012-02-08 02:18 usr/doc/alsa-oss-1.0.25/
-rw-r--r-- root/root     18009 2012-01-25 08:57 usr/doc/alsa-oss-1.0.25/COPYING
drwxr-xr-x root/root         0 2012-02-08 02:18 usr/lib/
-rwxr-xr-x root/root       847 2012-02-08 02:18 usr/lib/libaoss.la
-rw-r--r-- root/root      7766 2012-02-08 02:18 usr/lib/libossredir.a
-rwxr-xr-x root/root     16756 2012-02-08 02:18 usr/lib/libaoss.so.0.0.0
-rwxr-xr-x root/root     36496 2012-02-08 02:18 usr/lib/libalsatoss.so.0.0.0
-rwxr-xr-x root/root       847 2012-02-08 02:18 usr/lib/libalsatoss.la
-rwxr-xr-x root/root       751 2012-02-08 02:18 usr/lib/libossredir.la
drwxr-xr-x root/root         0 2013-02-27 19:36 install/
-rw-r--r-- root/root       380 2013-02-27 19:36 install/doinst.sh
-rw-r--r-- root/root      1132 2013-02-27 19:36 install/slack-desc


