++========================================
||
||   Package:  ./slackware64-compat32/l-compat32/alsa-lib-compat32-1.0.27.2-x86_64-1compat32.txz
||
++========================================
drwxr-xr-x root/root         0 2013-07-13 15:02 ./
drwxr-xr-x root/root         0 2013-07-13 15:02 usr/
drwxr-xr-x root/root         0 2013-07-13 15:02 usr/bin/
drwxr-xr-x root/root         0 2013-07-13 15:02 usr/bin/32/
-rwxr-xr-x root/root     23728 2013-07-10 07:39 usr/bin/32/aserver
drwxr-xr-x root/root         0 2013-07-10 07:39 usr/doc/
drwxr-xr-x root/root         0 2013-07-13 15:02 usr/doc/alsa-lib-1.0.27.2/
-rw-r--r-- root/root     18010 2013-07-08 14:31 usr/doc/alsa-lib-1.0.27.2/COPYING.aserver
-rw-r--r-- root/root     26430 2013-07-08 14:31 usr/doc/alsa-lib-1.0.27.2/COPYING.lib
drwxr-xr-x root/root         0 2013-07-10 07:39 usr/lib/
-rwxr-xr-x root/root       938 2013-07-10 07:39 usr/lib/libasound.la
drwxr-xr-x root/root         0 2013-07-10 07:39 usr/lib/pkgconfig/
-rw-r--r-- root/root       402 2013-07-10 07:39 usr/lib/pkgconfig/alsa.pc
-rwxr-xr-x root/root   1010680 2013-07-10 07:39 usr/lib/libasound.so.2.0.0
drwxr-xr-x root/root         0 2013-07-10 07:39 usr/lib/alsa-lib/
drwxr-xr-x root/root         0 2013-07-10 07:39 usr/lib/alsa-lib/smixer/
-rwxr-xr-x root/root       979 2013-07-10 07:39 usr/lib/alsa-lib/smixer/smixer-ac97.la
-rwxr-xr-x root/root       985 2013-07-10 07:39 usr/lib/alsa-lib/smixer/smixer-sbase.la
-rwxr-xr-x root/root       973 2013-07-10 07:39 usr/lib/alsa-lib/smixer/smixer-hda.la
-rwxr-xr-x root/root      5936 2013-07-10 07:39 usr/lib/alsa-lib/smixer/smixer-ac97.so
-rwxr-xr-x root/root     23444 2013-07-10 07:39 usr/lib/alsa-lib/smixer/smixer-python.so
-rwxr-xr-x root/root     10132 2013-07-10 07:39 usr/lib/alsa-lib/smixer/smixer-sbase.so
-rwxr-xr-x root/root      1010 2013-07-10 07:39 usr/lib/alsa-lib/smixer/smixer-python.la
-rwxr-xr-x root/root      5936 2013-07-10 07:39 usr/lib/alsa-lib/smixer/smixer-hda.so
drwxr-xr-x root/root         0 2013-07-13 15:02 install/
-rw-r--r-- root/root       190 2013-07-13 15:02 install/doinst.sh
-rw-r--r-- root/root      1031 2013-07-13 15:02 install/slack-desc


