++========================================
||
||   Package:  ./slackware64-compat32/l-compat32/fftw-compat32-3.3.3-x86_64-1compat32.txz
||
++========================================
drwxr-xr-x root/root         0 2016-02-23 23:44 ./
drwxr-xr-x root/root         0 2016-02-23 23:44 install/
-rw-r--r-- root/root      2550 2016-02-23 23:44 install/doinst.sh
-rw-r--r-- root/root      1129 2016-02-23 23:44 install/slack-desc
drwxr-xr-x root/root         0 2016-02-23 23:44 usr/
drwxr-xr-x root/root         0 2013-03-23 01:09 usr/lib/
-rwxr-xr-x root/root       935 2013-03-23 01:08 usr/lib/libfftw3l.la
-rwxr-xr-x root/root     22920 2013-03-23 01:08 usr/lib/libfftw3l_threads.so.3.3.2
-rwxr-xr-x root/root   2055372 2013-03-23 01:08 usr/lib/libfftw3f.so.3.3.2
-rwxr-xr-x root/root      1038 2013-03-23 01:09 usr/lib/libfftw3q_threads.la
-rwxr-xr-x root/root       990 2013-03-23 01:08 usr/lib/libfftw3l_omp.la
-rwxr-xr-x root/root   1965932 2013-03-23 01:07 usr/lib/libfftw3.so.3.3.2
drwxr-xr-x root/root         0 2013-03-23 01:09 usr/lib/pkgconfig/
-rw-r--r-- root/root       206 2013-03-23 01:08 usr/lib/pkgconfig/fftw3f.pc
-rw-r--r-- root/root       205 2013-03-23 01:07 usr/lib/pkgconfig/fftw3.pc
-rw-r--r-- root/root       206 2013-03-23 01:08 usr/lib/pkgconfig/fftw3l.pc
-rw-r--r-- root/root       216 2013-03-23 01:09 usr/lib/pkgconfig/fftw3q.pc
-rwxr-xr-x root/root       983 2013-03-23 01:07 usr/lib/libfftw3_omp.la
-rwxr-xr-x root/root       929 2013-03-23 01:07 usr/lib/libfftw3.la
-rwxr-xr-x root/root     21432 2013-03-23 01:09 usr/lib/libfftw3q_omp.so.3.3.2
-rwxr-xr-x root/root     21424 2013-03-23 01:08 usr/lib/libfftw3f_omp.so.3.3.2
-rwxr-xr-x root/root    946540 2013-03-23 01:08 usr/lib/libfftw3l.so.3.3.2
-rwxr-xr-x root/root     22888 2013-03-23 01:08 usr/lib/libfftw3f_threads.so.3.3.2
-rwxr-xr-x root/root      1014 2013-03-23 01:08 usr/lib/libfftw3l_threads.la
-rwxr-xr-x root/root       959 2013-03-23 01:09 usr/lib/libfftw3q.la
-rwxr-xr-x root/root     21392 2013-03-23 01:07 usr/lib/libfftw3_omp.so.3.3.2
-rwxr-xr-x root/root       990 2013-03-23 01:08 usr/lib/libfftw3f_omp.la
-rwxr-xr-x root/root     21456 2013-03-23 01:08 usr/lib/libfftw3l_omp.so.3.3.2
-rwxr-xr-x root/root       935 2013-03-23 01:08 usr/lib/libfftw3f.la
-rwxr-xr-x root/root     22896 2013-03-23 01:09 usr/lib/libfftw3q_threads.so.3.3.2
-rwxr-xr-x root/root      1014 2013-03-23 01:08 usr/lib/libfftw3f_threads.la
-rwxr-xr-x root/root      1014 2013-03-23 01:09 usr/lib/libfftw3q_omp.la
-rwxr-xr-x root/root   8372612 2013-03-23 01:09 usr/lib/libfftw3q.so.3.3.2
-rwxr-xr-x root/root     22824 2013-03-23 01:07 usr/lib/libfftw3_threads.so.3.3.2
-rwxr-xr-x root/root      1007 2013-03-23 01:07 usr/lib/libfftw3_threads.la
drwxr-xr-x root/root         0 2016-02-23 23:44 usr/bin/
drwxr-xr-x root/root         0 2016-02-23 23:44 usr/bin/32/
-rwxr-xr-x root/root      2278 2013-03-23 01:09 usr/bin/32/fftw-wisdom-to-conf
-rwxr-xr-x root/root     36520 2013-03-23 01:08 usr/bin/32/fftwl-wisdom
-rwxr-xr-x root/root     36520 2013-03-23 01:07 usr/bin/32/fftw-wisdom
-rwxr-xr-x root/root     36520 2013-03-23 01:08 usr/bin/32/fftwf-wisdom
-rwxr-xr-x root/root     36520 2013-03-23 01:09 usr/bin/32/fftwq-wisdom
drwxr-xr-x root/root         0 2013-03-23 01:09 usr/doc/
drwxr-xr-x root/root         0 2016-02-23 23:44 usr/doc/fftw-3.3.3/
-rw-r--r-- root/root       844 2012-11-25 13:33 usr/doc/fftw-3.3.3/COPYRIGHT
-rw-r--r-- root/root       470 2012-11-25 13:33 usr/doc/fftw-3.3.3/AUTHORS
drwxr-xr-x root/root         0 2016-02-23 23:44 usr/doc/fftw-3.3.3/html/
-rw-r--r-- root/root      4219 2012-11-25 13:42 usr/doc/fftw-3.3.3/html/License-and-Copyright.html
-rw-r--r-- root/root     18002 2012-11-25 13:33 usr/doc/fftw-3.3.3/COPYING


