++========================================
||
||   Package:  ./slackware64-compat32/l-compat32/gdk-pixbuf2-compat32-2.28.2-x86_64-2_slack14.1compat32.txz
||
++========================================
drwxr-xr-x root/root         0 2015-09-02 00:19 ./
drwxr-xr-x root/root         0 2015-09-05 22:52 install/
-rw-r--r-- root/root       588 2015-09-05 22:52 install/doinst.sh
-rw-r--r-- root/root      1170 2015-09-05 22:52 install/slack-desc
drwxr-xr-x root/root         0 2015-09-05 22:52 usr/
drwxr-xr-x root/root         0 2015-09-02 00:19 usr/lib/
drwxr-xr-x root/root         0 2015-09-02 00:19 usr/lib/pkgconfig/
-rw-r--r-- root/root       282 2015-09-02 00:19 usr/lib/pkgconfig/gdk-pixbuf-xlib-2.0.pc
-rw-r--r-- root/root       517 2015-09-02 00:19 usr/lib/pkgconfig/gdk-pixbuf-2.0.pc
-rwxr-xr-x root/root      1153 2015-09-02 00:19 usr/lib/libgdk_pixbuf-2.0.la
drwxr-xr-x root/root         0 2015-09-02 00:19 usr/lib/girepository-1.0/
-rw-r--r-- root/root     16316 2015-09-02 00:19 usr/lib/girepository-1.0/GdkPixbuf-2.0.typelib
-rwxr-xr-x root/root     65496 2015-09-02 00:19 usr/lib/libgdk_pixbuf_xlib-2.0.so.0.2800.2
-rwxr-xr-x root/root    134012 2015-09-02 00:19 usr/lib/libgdk_pixbuf-2.0.so.0.2800.2
-rwxr-xr-x root/root      1291 2015-09-02 00:19 usr/lib/libgdk_pixbuf_xlib-2.0.la
drwxr-xr-x root/root         0 2015-09-02 00:19 usr/lib/gdk-pixbuf-2.0/
drwxr-xr-x root/root         0 2015-09-02 00:19 usr/lib/gdk-pixbuf-2.0/2.10.0/
drwxr-xr-x root/root         0 2015-09-02 00:19 usr/lib/gdk-pixbuf-2.0/2.10.0/loaders/
-rwxr-xr-x root/root      1207 2015-09-02 00:19 usr/lib/gdk-pixbuf-2.0/2.10.0/loaders/libpixbufloader-ras.la
-rwxr-xr-x root/root     23180 2015-09-02 00:19 usr/lib/gdk-pixbuf-2.0/2.10.0/loaders/libpixbufloader-gif.so
-rwxr-xr-x root/root      1207 2015-09-02 00:19 usr/lib/gdk-pixbuf-2.0/2.10.0/loaders/libpixbufloader-ani.la
-rwxr-xr-x root/root     13300 2015-09-02 00:19 usr/lib/gdk-pixbuf-2.0/2.10.0/loaders/libpixbufloader-ani.so
-rwxr-xr-x root/root     18272 2015-09-02 00:19 usr/lib/gdk-pixbuf-2.0/2.10.0/loaders/libpixbufloader-png.so
-rwxr-xr-x root/root      1207 2015-09-02 00:19 usr/lib/gdk-pixbuf-2.0/2.10.0/loaders/libpixbufloader-ico.la
-rwxr-xr-x root/root     18220 2015-09-02 00:19 usr/lib/gdk-pixbuf-2.0/2.10.0/loaders/libpixbufloader-jpeg.so
-rwxr-xr-x root/root      7812 2015-09-02 00:19 usr/lib/gdk-pixbuf-2.0/2.10.0/loaders/libpixbufloader-icns.so
-rwxr-xr-x root/root     24728 2015-09-02 00:19 usr/lib/gdk-pixbuf-2.0/2.10.0/loaders/libpixbufloader-xpm.so
-rwxr-xr-x root/root      1257 2015-09-02 00:19 usr/lib/gdk-pixbuf-2.0/2.10.0/loaders/libpixbufloader-tiff.la
-rwxr-xr-x root/root     12956 2015-09-02 00:19 usr/lib/gdk-pixbuf-2.0/2.10.0/loaders/libpixbufloader-ico.so
-rwxr-xr-x root/root      1207 2015-09-02 00:19 usr/lib/gdk-pixbuf-2.0/2.10.0/loaders/libpixbufloader-tga.la
-rwxr-xr-x root/root      1207 2015-09-02 00:19 usr/lib/gdk-pixbuf-2.0/2.10.0/loaders/libpixbufloader-png.la
-rwxr-xr-x root/root      1207 2015-09-02 00:19 usr/lib/gdk-pixbuf-2.0/2.10.0/loaders/libpixbufloader-xpm.la
-rwxr-xr-x root/root      1207 2015-09-02 00:19 usr/lib/gdk-pixbuf-2.0/2.10.0/loaders/libpixbufloader-pnm.la
-rwxr-xr-x root/root      9952 2015-09-02 00:19 usr/lib/gdk-pixbuf-2.0/2.10.0/loaders/libpixbufloader-pcx.so
-rwxr-xr-x root/root      9084 2015-09-02 00:19 usr/lib/gdk-pixbuf-2.0/2.10.0/loaders/libpixbufloader-qtif.so
-rwxr-xr-x root/root      1233 2015-09-02 00:19 usr/lib/gdk-pixbuf-2.0/2.10.0/loaders/libpixbufloader-jpeg.la
-rwxr-xr-x root/root      1207 2015-09-02 00:19 usr/lib/gdk-pixbuf-2.0/2.10.0/loaders/libpixbufloader-gif.la
-rwxr-xr-x root/root      1207 2015-09-02 00:19 usr/lib/gdk-pixbuf-2.0/2.10.0/loaders/libpixbufloader-bmp.la
-rwxr-xr-x root/root      7136 2015-09-02 00:19 usr/lib/gdk-pixbuf-2.0/2.10.0/loaders/libpixbufloader-ras.so
-rwxr-xr-x root/root      1213 2015-09-02 00:19 usr/lib/gdk-pixbuf-2.0/2.10.0/loaders/libpixbufloader-icns.la
-rwxr-xr-x root/root      1207 2015-09-02 00:19 usr/lib/gdk-pixbuf-2.0/2.10.0/loaders/libpixbufloader-xbm.la
-rwxr-xr-x root/root      1213 2015-09-02 00:19 usr/lib/gdk-pixbuf-2.0/2.10.0/loaders/libpixbufloader-wbmp.la
-rwxr-xr-x root/root     11340 2015-09-02 00:19 usr/lib/gdk-pixbuf-2.0/2.10.0/loaders/libpixbufloader-tga.so
-rwxr-xr-x root/root      1207 2015-09-02 00:19 usr/lib/gdk-pixbuf-2.0/2.10.0/loaders/libpixbufloader-pcx.la
-rwxr-xr-x root/root      1213 2015-09-02 00:19 usr/lib/gdk-pixbuf-2.0/2.10.0/loaders/libpixbufloader-qtif.la
-rwxr-xr-x root/root      6612 2015-09-02 00:19 usr/lib/gdk-pixbuf-2.0/2.10.0/loaders/libpixbufloader-wbmp.so
-rwxr-xr-x root/root     12236 2015-09-02 00:19 usr/lib/gdk-pixbuf-2.0/2.10.0/loaders/libpixbufloader-pnm.so
-rwxr-xr-x root/root     12744 2015-09-02 00:19 usr/lib/gdk-pixbuf-2.0/2.10.0/loaders/libpixbufloader-tiff.so
-rwxr-xr-x root/root     13300 2015-09-02 00:19 usr/lib/gdk-pixbuf-2.0/2.10.0/loaders/libpixbufloader-bmp.so
-rwxr-xr-x root/root      9980 2015-09-02 00:19 usr/lib/gdk-pixbuf-2.0/2.10.0/loaders/libpixbufloader-xbm.so
drwxr-xr-x root/root         0 2015-09-05 22:52 usr/bin/
-rwxr-xr-x root/root      1848 2015-09-02 00:19 usr/bin/update-gdk-pixbuf-loaders-32
-rwxr-xr-x root/root      6128 2015-09-02 00:19 usr/bin/gdk-pixbuf-pixdata-32
-rwxr-xr-x root/root      8020 2015-09-02 00:19 usr/bin/gdk-pixbuf-query-loaders-32
-rwxr-xr-x root/root      7872 2015-09-02 00:19 usr/bin/gdk-pixbuf-csource-32
drwxr-xr-x root/root         0 2015-09-02 00:19 usr/doc/
drwxr-xr-x root/root         0 2015-09-05 22:52 usr/doc/gdk-pixbuf-2.28.2/
-rw-r--r-- root/root      1535 2011-08-16 03:45 usr/doc/gdk-pixbuf-2.28.2/AUTHORS
-rw-r--r-- root/root     25292 2011-08-16 03:45 usr/doc/gdk-pixbuf-2.28.2/COPYING


