++========================================
||
||   Package:  ./slackware64-compat32/l-compat32/lcms2-compat32-2.4-x86_64-1compat32.txz
||
++========================================
drwxr-xr-x root/root         0 2013-09-25 00:18 ./
drwxr-xr-x root/root         0 2013-09-25 00:18 usr/
drwxr-xr-x root/root         0 2013-09-25 00:18 usr/bin/
drwxr-xr-x root/root         0 2013-09-25 00:18 usr/bin/32/
-rwxr-xr-x root/root     26552 2012-10-30 21:36 usr/bin/32/jpgicc
-rwxr-xr-x root/root     13076 2012-10-30 21:36 usr/bin/32/psicc
-rwxr-xr-x root/root     26832 2012-10-30 21:36 usr/bin/32/tificc
-rwxr-xr-x root/root     27548 2012-10-30 21:36 usr/bin/32/transicc
-rwxr-xr-x root/root     16396 2012-10-30 21:36 usr/bin/32/linkicc
drwxr-xr-x root/root         0 2012-10-30 21:36 usr/doc/
drwxr-xr-x root/root         0 2013-09-25 00:18 usr/doc/lcms2-2.4/
-rw-r--r-- root/root      1078 2012-09-10 18:01 usr/doc/lcms2-2.4/COPYING
-rw-r--r-- root/root       559 2012-09-10 18:01 usr/doc/lcms2-2.4/AUTHORS
drwxr-xr-x root/root         0 2012-10-30 21:36 usr/lib/
drwxr-xr-x root/root         0 2012-10-30 21:36 usr/lib/pkgconfig/
-rw-r--r-- root/root       217 2012-10-30 21:36 usr/lib/pkgconfig/lcms2.pc
-rwxr-xr-x root/root       910 2012-10-30 21:36 usr/lib/liblcms2.la
-rwxr-xr-x root/root    338800 2012-10-30 21:36 usr/lib/liblcms2.so.2.0.4
drwxr-xr-x root/root         0 2013-09-25 00:18 install/
-rw-r--r-- root/root       184 2013-09-25 00:18 install/doinst.sh
-rw-r--r-- root/root       859 2013-09-25 00:18 install/slack-desc


