++========================================
||
||   Package:  ./slackware64-compat32/l-compat32/libusb-compat32-1.0.9-x86_64-1compat32.txz
||
++========================================
drwxr-xr-x root/root         0 2012-06-28 23:11 ./
drwxr-xr-x root/root         0 2013-02-27 19:37 usr/
drwxr-xr-x root/root         0 2012-06-28 23:11 usr/doc/
drwxr-xr-x root/root         0 2013-02-27 19:37 usr/doc/libusb-1.0.9/
-rw-r--r-- root/root     26436 2012-04-20 08:44 usr/doc/libusb-1.0.9/COPYING
-rw-r--r-- root/root       977 2012-04-20 08:44 usr/doc/libusb-1.0.9/AUTHORS
-rw-r--r-- root/root       215 2012-04-20 08:44 usr/doc/libusb-1.0.9/THANKS
drwxr-xr-x root/root         0 2012-06-28 23:11 usr/lib/
-rwxr-xr-x root/root       935 2012-06-28 23:11 usr/lib/libusb-1.0.la
drwxr-xr-x root/root         0 2012-06-28 23:11 usr/lib/pkgconfig/
-rw-r--r-- root/root       305 2012-06-28 23:11 usr/lib/pkgconfig/libusb-1.0.pc
-rwxr-xr-x root/root     58464 2012-06-28 23:11 usr/lib/libusb-1.0.so.0.1.0
drwxr-xr-x root/root         0 2013-02-27 19:37 install/
-rw-r--r-- root/root       196 2013-02-27 19:37 install/doinst.sh
-rw-r--r-- root/root       904 2013-02-27 19:37 install/slack-desc


