++========================================
||
||   Package:  ./slackware64-compat32/l-compat32/libvorbis-compat32-1.3.3-x86_64-1compat32.txz
||
++========================================
drwxr-xr-x root/root         0 2012-07-07 18:53 ./
drwxr-xr-x root/root         0 2013-02-27 19:37 usr/
drwxr-xr-x root/root         0 2012-07-07 18:53 usr/doc/
drwxr-xr-x root/root         0 2013-02-27 19:37 usr/doc/libvorbis-1.3.3/
-rw-r--r-- root/root      1470 2008-11-04 20:54 usr/doc/libvorbis-1.3.3/COPYING
-rw-r--r-- root/root        65 2007-01-24 17:09 usr/doc/libvorbis-1.3.3/AUTHORS
drwxr-xr-x root/root         0 2012-07-07 18:53 usr/lib/
-rwxr-xr-x root/root       988 2012-07-07 18:53 usr/lib/libvorbisenc.la
drwxr-xr-x root/root         0 2012-07-07 18:53 usr/lib/pkgconfig/
-rw-r--r-- root/root       380 2012-07-07 18:53 usr/lib/pkgconfig/vorbisfile.pc
-rw-r--r-- root/root       354 2012-07-07 18:53 usr/lib/pkgconfig/vorbisenc.pc
-rw-r--r-- root/root       278 2012-07-07 18:53 usr/lib/pkgconfig/vorbis.pc
-rwxr-xr-x root/root   1532500 2012-07-07 18:53 usr/lib/libvorbisenc.so.2.0.9
-rwxr-xr-x root/root    170664 2012-07-07 18:53 usr/lib/libvorbis.so.0.4.6
-rwxr-xr-x root/root       994 2012-07-07 18:53 usr/lib/libvorbisfile.la
-rwxr-xr-x root/root     32004 2012-07-07 18:53 usr/lib/libvorbisfile.so.3.3.5
-rwxr-xr-x root/root       948 2012-07-07 18:53 usr/lib/libvorbis.la
drwxr-xr-x root/root         0 2013-02-27 19:37 install/
-rw-r--r-- root/root       612 2013-02-27 19:37 install/doinst.sh
-rw-r--r-- root/root      1190 2013-02-27 19:37 install/slack-desc


