++========================================
||
||   Package:  ./slackware64-compat32/d-compat32/llvm-compat32-3.3-x86_64-3_slack14.1compat32.txz
||
++========================================
drwxr-xr-x root/root         0 2014-09-03 20:53 ./
drwxr-xr-x root/root         0 2014-09-03 20:53 install/
-rw-r--r-- root/root       806 2014-09-03 20:53 install/doinst.sh
-rw-r--r-- root/root      1025 2014-09-03 20:53 install/slack-desc
drwxr-xr-x root/root         0 2014-09-03 20:53 usr/
drwxr-xr-x root/root         0 2013-12-13 06:06 usr/lib/
-rwxr-xr-x root/root    171378 2013-12-13 06:05 usr/lib/libclangTooling.a
-rwxr-xr-x root/root      6472 2013-12-13 06:06 usr/lib/BugpointPasses.so
-rwxr-xr-x root/root     83770 2013-12-13 06:05 usr/lib/libLLVMSystemZDesc.a
-rwxr-xr-x root/root    205586 2013-12-13 06:05 usr/lib/libLLVMipa.a
-rwxr-xr-x root/root    783350 2013-12-13 06:05 usr/lib/libLLVMMC.a
-rwxr-xr-x root/root     28368 2013-12-13 06:05 usr/lib/libLLVMMipsAsmPrinter.a
-rwxr-xr-x root/root     24774 2013-12-13 06:05 usr/lib/libLLVMMSP430Desc.a
-rwxr-xr-x root/root     11644 2013-12-13 06:05 usr/lib/libprofile_rt.a
-rwxr-xr-x root/root      3486 2013-12-13 06:05 usr/lib/libLLVMSparcInfo.a
-rwxr-xr-x root/root     78046 2013-12-13 06:05 usr/lib/libLLVMAArch64Disassembler.a
-rwxr-xr-x root/root   1288072 2013-12-13 06:05 usr/lib/libLLVMScalarOpts.a
-rwxr-xr-x root/root    763216 2013-12-13 06:05 usr/lib/libclangLex.a
-rwxr-xr-x root/root      8956 2013-12-13 06:06 usr/lib/libprofile_rt.so
-rwxr-xr-x root/root    144282 2013-12-13 06:05 usr/lib/libclangFormat.a
-rwxr-xr-x root/root    219072 2013-12-13 06:05 usr/lib/libLLVMCppBackendCodeGen.a
-rwxr-xr-x root/root     45032 2013-12-13 06:05 usr/lib/libLLVMPowerPCAsmParser.a
-rwxr-xr-x root/root    511166 2013-12-13 06:05 usr/lib/libLLVMARMAsmParser.a
-rwxr-xr-x root/root    331180 2013-12-13 06:05 usr/lib/libLLVMX86Disassembler.a
-rwxr-xr-x root/root   1644942 2013-12-13 06:05 usr/lib/libLLVMX86CodeGen.a
-rwxr-xr-x root/root    480374 2013-12-13 06:05 usr/lib/libLLVMX86Desc.a
-rwxr-xr-x root/root   2932204 2013-12-13 06:05 usr/lib/libclangCodeGen.a
-rwxr-xr-x root/root      2544 2013-12-13 06:05 usr/lib/libLLVMMSP430Info.a
-rwxr-xr-x root/root      3508 2013-12-13 06:05 usr/lib/libLLVMNVPTXInfo.a
-rwxr-xr-x root/root     15604 2013-12-13 06:05 usr/lib/libLLVMMBlazeDisassembler.a
-rwxr-xr-x root/root      3444 2013-12-13 06:05 usr/lib/libLLVMX86Info.a
-rwxr-xr-x root/root    348954 2013-12-13 06:05 usr/lib/libLLVMVectorize.a
-rwxr-xr-x root/root     16430 2013-12-13 06:05 usr/lib/libLLVMSystemZAsmPrinter.a
-rwxr-xr-x root/root     12122 2013-12-13 06:05 usr/lib/libLLVMXCoreAsmPrinter.a
-rwxr-xr-x root/root    153580 2013-12-13 06:05 usr/lib/libLLVMPowerPCDesc.a
-rwxr-xr-x root/root    364352 2013-12-13 06:05 usr/lib/libLLVMARMDisassembler.a
-rwxr-xr-x root/root     26462 2013-12-13 06:05 usr/lib/libLLVMMBlazeAsmParser.a
-rwxr-xr-x root/root     60630 2013-12-13 06:05 usr/lib/libclangEdit.a
-rwxr-xr-x root/root   2110388 2013-12-13 06:05 usr/lib/libclangStaticAnalyzerCheckers.a
-rwxr-xr-x root/root    144168 2013-12-13 06:05 usr/lib/libLLVMARMAsmPrinter.a
-rwxr-xr-x root/root     53392 2013-12-13 06:05 usr/lib/libLLVMMipsDisassembler.a
-rwxr-xr-x root/root   5496206 2013-12-13 06:05 usr/lib/libclangSema.a
-rwxr-xr-x root/root    652930 2013-12-13 06:05 usr/lib/libLLVMHexagonCodeGen.a
-rwxr-xr-x root/root   1807928 2013-12-13 06:05 usr/lib/libclangARCMigrate.a
-rwxr-xr-x root/root      7798 2013-12-13 06:05 usr/lib/libLLVMX86Utils.a
-rwxr-xr-x root/root      2540 2013-12-13 06:05 usr/lib/libLLVMR600Info.a
-rwxr-xr-x root/root     21034 2013-12-13 06:05 usr/lib/libclangFrontendTool.a
-rwxr-xr-x root/root    534916 2013-12-13 06:05 usr/lib/libclangAnalysis.a
-rwxr-xr-x root/root    310702 2013-12-13 06:05 usr/lib/libLLVMSparcCodeGen.a
-rwxr-xr-x root/root    968718 2013-12-13 06:05 usr/lib/libLLVMR600CodeGen.a
-rwxr-xr-x root/root    836836 2013-12-13 06:05 usr/lib/libLLVMPowerPCCodeGen.a
-rwxr-xr-x root/root    449182 2013-12-13 06:05 usr/lib/libLLVMRuntimeDyld.a
-rwxr-xr-x root/root    114622 2013-12-13 06:05 usr/lib/libLLVMAArch64AsmParser.a
-rwxr-xr-x root/root     10614 2013-12-13 06:05 usr/lib/libLLVMMBlazeAsmPrinter.a
-rwxr-xr-x root/root     35246 2013-12-13 06:05 usr/lib/libLLVMSystemZAsmParser.a
-rwxr-xr-x root/root    946840 2013-12-13 06:05 usr/lib/libclangParse.a
-rwxr-xr-x root/root    441996 2013-12-13 06:05 usr/lib/libclangASTMatchers.a
-rwxr-xr-x root/root    163876 2013-12-13 06:05 usr/lib/libclangStaticAnalyzerFrontend.a
drwxr-xr-x root/root         0 2013-12-13 06:05 usr/lib/clang-analyzer/
drwxr-xr-x root/root         0 2013-06-07 13:13 usr/lib/clang-analyzer/scan-view/
-rw-r--r-- root/root      8135 2008-10-30 18:29 usr/lib/clang-analyzer/scan-view/Reporter.py
-rwxr-xr-x root/root      4175 2009-05-04 21:02 usr/lib/clang-analyzer/scan-view/scan-view
-rw-r--r-- root/root      5991 2008-09-22 20:44 usr/lib/clang-analyzer/scan-view/startfile.py
drwxr-xr-x root/root         0 2013-12-13 05:57 usr/lib/clang-analyzer/scan-view/Resources/
-rw-r--r-- root/root       318 2008-09-22 19:26 usr/lib/clang-analyzer/scan-view/Resources/bugcatcher.ico
-rw-r--r-- root/root         0 2008-09-20 01:32 usr/lib/clang-analyzer/scan-view/Resources/GetRadarVersion.scpt
-rw-r--r-- root/root     18418 2008-10-30 18:29 usr/lib/clang-analyzer/scan-view/Resources/FileRadar.scpt
-rw-r--r-- root/root     25494 2013-04-29 19:23 usr/lib/clang-analyzer/scan-view/ScanView.py
drwxr-xr-x root/root         0 2013-12-13 06:05 usr/lib/clang-analyzer/scan-build/
-rw-r--r-- root/root        23 2013-05-02 02:52 usr/lib/clang-analyzer/scan-build/scan-build.bat
-rwxr-xr-x root/root     18679 2013-04-23 02:10 usr/lib/clang-analyzer/scan-build/ccc-analyzer
-rw-r--r-- root/root      1287 2010-02-25 20:01 usr/lib/clang-analyzer/scan-build/scanview.css
-rwxr-xr-x root/root     45793 2013-12-13 06:05 usr/lib/clang-analyzer/scan-build/scan-build
-rwxr-xr-x root/root      3922 2013-01-11 22:49 usr/lib/clang-analyzer/scan-build/set-xcode-analyzer
-rw-r--r-- root/root     16917 2010-02-25 20:01 usr/lib/clang-analyzer/scan-build/sorttable.js
-rwxr-xr-x root/root       203 2013-05-02 03:57 usr/lib/clang-analyzer/scan-build/c++-analyzer
-rwxr-xr-x root/root    877868 2013-12-13 06:05 usr/lib/libLLVMMipsCodeGen.a
-rwxr-xr-x root/root    178786 2013-12-13 06:05 usr/lib/libLLVMAArch64Desc.a
-rwxr-xr-x root/root   1323370 2013-12-13 06:05 usr/lib/libclangFrontend.a
-rwxr-xr-x root/root    138810 2013-12-13 06:05 usr/lib/libLTO.a
-rwxr-xr-x root/root       762 2013-12-13 06:05 usr/lib/libLLVMNVPTXAsmPrinter.a
-rwxr-xr-x root/root    104238 2013-12-13 06:05 usr/lib/libLLVMHexagonAsmPrinter.a
-rwxr-xr-x root/root   1414072 2013-12-13 06:05 usr/lib/libclangSerialization.a
-rwxr-xr-x root/root    812632 2013-12-13 06:05 usr/lib/libclangRewriteFrontend.a
-rwxr-xr-x root/root   2349112 2013-12-13 06:05 usr/lib/libLLVMAnalysis.a
-rwxr-xr-x root/root     31884 2013-12-13 06:05 usr/lib/libLLVMAArch64Utils.a
-rwxr-xr-x root/root     96282 2013-12-13 06:05 usr/lib/libLLVMAArch64AsmPrinter.a
-rwxr-xr-x root/root  10863832 2013-12-13 06:06 usr/lib/libclang.so
-rwxr-xr-x root/root    307568 2013-12-13 06:05 usr/lib/libLLVMXCoreCodeGen.a
-rwxr-xr-x root/root    272216 2013-12-13 06:05 usr/lib/libLLVMInterpreter.a
drwxr-xr-x root/root         0 2013-12-13 06:05 usr/lib/clang/
drwxr-xr-x root/root         0 2013-12-13 06:05 usr/lib/clang/3.3/
drwxr-xr-x root/root         0 2013-12-13 06:05 usr/lib/clang/3.3/include/
-rw-r--r-- root/root      7620 2013-12-13 06:05 usr/lib/clang/3.3/include/fma4intrin.h
-rw-r--r-- root/root     17450 2013-12-13 06:05 usr/lib/clang/3.3/include/smmintrin.h
-rw-r--r-- root/root    300934 2013-12-13 06:05 usr/lib/clang/3.3/include/altivec.h
-rw-r--r-- root/root      2064 2013-12-13 06:05 usr/lib/clang/3.3/include/stdarg.h
-rw-r--r-- root/root     27093 2013-12-13 06:05 usr/lib/clang/3.3/include/xmmintrin.h
-rw-r--r-- root/root      1381 2013-12-13 06:05 usr/lib/clang/3.3/include/stdnoreturn.h
-rw-r--r-- root/root     13246 2013-12-13 06:05 usr/lib/clang/3.3/include/xopintrin.h
-rw-r--r-- root/root      1454 2013-12-13 06:05 usr/lib/clang/3.3/include/stdalign.h
-rw-r--r-- root/root      1732 2013-12-13 06:05 usr/lib/clang/3.3/include/popcntintrin.h
-rw-r--r-- root/root      2611 2013-12-13 06:05 usr/lib/clang/3.3/include/mm_malloc.h
-rw-r--r-- root/root      2247 2013-12-13 06:05 usr/lib/clang/3.3/include/f16cintrin.h
-rw-r--r-- root/root      7219 2013-12-13 06:05 usr/lib/clang/3.3/include/tmmintrin.h
-rw-r--r-- root/root      1565 2013-12-13 06:05 usr/lib/clang/3.3/include/iso646.h
-rw-r--r-- root/root      3301 2013-12-13 06:05 usr/lib/clang/3.3/include/bmi2intrin.h
-rw-r--r-- root/root     15478 2013-12-13 06:05 usr/lib/clang/3.3/include/mmintrin.h
-rw-r--r-- root/root      1612 2013-12-13 06:05 usr/lib/clang/3.3/include/wmmintrin.h
-rw-r--r-- root/root      1932 2013-12-13 06:05 usr/lib/clang/3.3/include/rtmintrin.h
-rw-r--r-- root/root      4016 2013-12-13 06:05 usr/lib/clang/3.3/include/unwind.h
-rw-r--r-- root/root      1606 2013-12-13 06:05 usr/lib/clang/3.3/include/__wmmintrin_pclmul.h
-rw-r--r-- root/root      3784 2013-12-13 06:05 usr/lib/clang/3.3/include/pmmintrin.h
-rw-r--r-- root/root      2449 2013-12-13 06:05 usr/lib/clang/3.3/include/module.map
-rw-r--r-- root/root     41340 2013-12-13 06:05 usr/lib/clang/3.3/include/avx2intrin.h
-rw-r--r-- root/root      3223 2013-12-13 06:05 usr/lib/clang/3.3/include/stddef.h
-rw-r--r-- root/root      1890 2013-12-13 06:05 usr/lib/clang/3.3/include/x86intrin.h
-rw-r--r-- root/root      1334 2013-12-13 06:05 usr/lib/clang/3.3/include/varargs.h
-rw-r--r-- root/root      1542 2013-12-13 06:05 usr/lib/clang/3.3/include/nmmintrin.h
-rw-r--r-- root/root     30955 2013-12-13 06:05 usr/lib/clang/3.3/include/tgmath.h
-rw-r--r-- root/root     40780 2013-12-13 06:05 usr/lib/clang/3.3/include/emmintrin.h
-rw-r--r-- root/root      1883 2013-12-13 06:05 usr/lib/clang/3.3/include/rdseedintrin.h
-rw-r--r-- root/root      5768 2013-12-13 06:05 usr/lib/clang/3.3/include/mm3dnow.h
-rw-r--r-- root/root     39651 2013-12-13 06:05 usr/lib/clang/3.3/include/avxintrin.h
-rw-r--r-- root/root      3665 2013-12-13 06:05 usr/lib/clang/3.3/include/limits.h
-rw-r--r-- root/root     23774 2013-12-13 06:05 usr/lib/clang/3.3/include/stdint.h
-rw-r--r-- root/root      2751 2013-12-13 06:05 usr/lib/clang/3.3/include/immintrin.h
-rw-r--r-- root/root      2010 2013-12-13 06:05 usr/lib/clang/3.3/include/lzcntintrin.h
-rw-r--r-- root/root      2393 2013-12-13 06:05 usr/lib/clang/3.3/include/__wmmintrin_aes.h
-rw-r--r-- root/root      7621 2013-12-13 06:05 usr/lib/clang/3.3/include/fmaintrin.h
-rw-r--r-- root/root      3562 2013-12-13 06:05 usr/lib/clang/3.3/include/bmiintrin.h
-rw-r--r-- root/root      3893 2013-12-13 06:05 usr/lib/clang/3.3/include/float.h
-rw-r--r-- root/root      1730 2013-12-13 06:05 usr/lib/clang/3.3/include/stdbool.h
-rw-r--r-- root/root    255874 2013-12-13 06:05 usr/lib/clang/3.3/include/arm_neon.h
-rw-r--r-- root/root      1608 2013-12-13 06:05 usr/lib/clang/3.3/include/prfchwintrin.h
-rw-r--r-- root/root      1650 2013-12-13 06:05 usr/lib/clang/3.3/include/cpuid.h
-rw-r--r-- root/root      2515 2013-12-13 06:05 usr/lib/clang/3.3/include/ammintrin.h
-rwxr-xr-x root/root    293492 2013-12-13 06:05 usr/lib/libLLVMMBlazeCodeGen.a
-rwxr-xr-x root/root    439992 2013-12-13 06:05 usr/lib/libLLVMTableGen.a
-rwxr-xr-x root/root     48296 2013-12-13 06:05 usr/lib/libLLVMMCJIT.a
-rwxr-xr-x root/root    993922 2013-12-13 06:05 usr/lib/libclangDriver.a
-rwxr-xr-x root/root    845604 2013-12-13 06:05 usr/lib/libLLVMNVPTXCodeGen.a
-rwxr-xr-x root/root   2598480 2013-12-13 06:05 usr/lib/libLLVMSelectionDAG.a
-rwxr-xr-x root/root    311624 2013-12-13 06:05 usr/lib/libLLVMAsmParser.a
-rwxr-xr-x root/root    108284 2013-12-13 06:05 usr/lib/libLLVMR600AsmPrinter.a
-rwxr-xr-x root/root     71800 2013-12-13 06:05 usr/lib/libLLVMMipsAsmParser.a
-rwxr-xr-x root/root    146758 2013-12-13 06:05 usr/lib/libLLVMObjCARCOpts.a
-rwxr-xr-x root/root    248696 2013-12-13 06:05 usr/lib/libLLVMMCParser.a
-rwxr-xr-x root/root   1168164 2013-12-13 06:05 usr/lib/libLLVMSupport.a
-rwxr-xr-x root/root    375208 2013-12-13 06:05 usr/lib/libLLVMR600Desc.a
-rwxr-xr-x root/root    347734 2013-12-13 06:05 usr/lib/libLLVMSystemZCodeGen.a
-rwxr-xr-x root/root   3167216 2013-12-13 06:05 usr/lib/libLLVMCodeGen.a
-rwxr-xr-x root/root      3384 2013-12-13 06:05 usr/lib/libLLVMARMInfo.a
-rwxr-xr-x root/root    359312 2013-12-13 06:05 usr/lib/libLLVMNVPTXDesc.a
-rwxr-xr-x root/root     60180 2013-12-13 06:05 usr/lib/libLLVMOption.a
-rwxr-xr-x root/root    553822 2013-12-13 06:05 usr/lib/libLLVMARMDesc.a
-rwxr-xr-x root/root     62162 2013-12-13 06:05 usr/lib/libLLVMMBlazeDesc.a
-rwxr-xr-x root/root    983674 2013-12-13 06:05 usr/lib/libLLVMTransformUtils.a
-rwxr-xr-x root/root    878252 2013-12-13 06:05 usr/lib/libLLVMInstCombine.a
-rwxr-xr-x root/root     61728 2013-12-13 06:05 usr/lib/libLLVMLinker.a
-rwxr-xr-x root/root    144914 2013-12-13 06:05 usr/lib/libLLVMBitWriter.a
-rwxr-xr-x root/root   1890868 2013-12-13 06:05 usr/lib/libLLVMARMCodeGen.a
-rwxr-xr-x root/root      1900 2013-12-13 06:05 usr/lib/libLLVMCppBackendInfo.a
-rwxr-xr-x root/root     10340 2013-12-13 06:05 usr/lib/libLLVMIRReader.a
-rwxr-xr-x root/root   1555652 2013-12-13 06:05 usr/lib/libclangStaticAnalyzerCore.a
-rwxr-xr-x root/root     28414 2013-12-13 06:05 usr/lib/libLLVMPowerPCAsmPrinter.a
-rwxr-xr-x root/root     52174 2013-12-13 06:05 usr/lib/libLLVMXCoreDisassembler.a
-rwxr-xr-x root/root    481312 2013-12-13 06:05 usr/lib/libLLVMInstrumentation.a
-rwxr-xr-x root/root   1238786 2013-12-13 06:05 usr/lib/libclangBasic.a
-rwxr-xr-x root/root    263526 2013-12-13 06:05 usr/lib/libLLVMDebugInfo.a
-rwxr-xr-x root/root     76134 2013-12-13 06:05 usr/lib/libclangRewriteCore.a
-rwxr-xr-x root/root    155058 2013-12-13 06:05 usr/lib/libLLVMJIT.a
-rwxr-xr-x root/root    822096 2013-12-13 06:05 usr/lib/libclang.a
-rwxr-xr-x root/root    188570 2013-12-13 06:05 usr/lib/libLLVMBitReader.a
-rwxr-xr-x root/root      2542 2013-12-13 06:05 usr/lib/libLLVMSystemZInfo.a
-rwxr-xr-x root/root      2532 2013-12-13 06:05 usr/lib/libLLVMAArch64Info.a
-rwxr-xr-x root/root  16728052 2013-12-13 06:06 usr/lib/libLTO.so
-rwxr-xr-x root/root    454988 2013-12-13 06:05 usr/lib/libLLVMAsmPrinter.a
-rwxr-xr-x root/root    494050 2013-12-13 06:05 usr/lib/libLLVMipo.a
-rwxr-xr-x root/root   2101838 2013-12-13 06:05 usr/lib/libLLVMCore.a
-rwxr-xr-x root/root     31266 2013-12-13 06:05 usr/lib/libLLVMSparcDesc.a
-rwxr-xr-x root/root    154692 2013-12-13 06:05 usr/lib/libLLVMMipsDesc.a
-rwxr-xr-x root/root      2524 2013-12-13 06:05 usr/lib/libLLVMXCoreInfo.a
-rwxr-xr-x root/root    437986 2013-12-13 06:05 usr/lib/libLLVMAArch64CodeGen.a
-rwxr-xr-x root/root     56646 2013-12-13 06:05 usr/lib/libLLVMArchive.a
-rwxr-xr-x root/root    137002 2013-12-13 06:05 usr/lib/libLLVMX86AsmPrinter.a
-rwxr-xr-x root/root    450530 2013-12-13 06:05 usr/lib/libLLVMObject.a
-rwxr-xr-x root/root    133080 2013-12-13 06:05 usr/lib/libLLVMExecutionEngine.a
-rwxr-xr-x root/root      3492 2013-12-13 06:05 usr/lib/libLLVMPowerPCInfo.a
-rwxr-xr-x root/root      9036 2013-12-13 06:05 usr/lib/libLLVMMSP430AsmPrinter.a
-rwxr-xr-x root/root      5420 2013-12-13 06:05 usr/lib/libLLVMMipsInfo.a
-rwxr-xr-x root/root    221304 2013-12-13 06:05 usr/lib/libLLVMX86AsmParser.a
-rwxr-xr-x root/root     91398 2013-12-13 06:05 usr/lib/libLLVMTarget.a
-rwxr-xr-x root/root      2530 2013-12-13 06:05 usr/lib/libLLVMMBlazeInfo.a
-rwxr-xr-x root/root      7472 2013-12-13 06:05 usr/lib/libLLVMMCDisassembler.a
-rwxr-xr-x root/root      2532 2013-12-13 06:05 usr/lib/libLLVMHexagonInfo.a
-rwxr-xr-x root/root    269288 2013-12-13 06:05 usr/lib/libLLVMMSP430CodeGen.a
-rwxr-xr-x root/root     28430 2013-12-13 06:05 usr/lib/libLLVMXCoreDesc.a
-rwxr-xr-x root/root   3277192 2013-12-13 06:05 usr/lib/libclangAST.a
-rwxr-xr-x root/root    143950 2013-12-13 06:05 usr/lib/libLLVMHexagonDesc.a
drwxr-xr-x root/root         0 2014-09-03 20:53 usr/bin/
drwxr-xr-x root/root         0 2014-09-03 20:53 usr/bin/32/
-rwxr-xr-x root/root    453956 2013-12-13 06:05 usr/bin/32/macho-dump
-rwxr-xr-x root/root    721072 2013-12-13 06:05 usr/bin/32/llvm-rtdyld
-rwxr-xr-x root/root     82168 2013-12-13 06:05 usr/bin/32/c-index-test
-rwxr-xr-x root/root    454568 2013-12-13 06:05 usr/bin/32/llvm-size
-rwxr-xr-x root/root  15838220 2013-12-13 06:05 usr/bin/32/opt
-rwxr-xr-x root/root    286772 2013-12-13 06:05 usr/bin/32/llvm-mcmarkup
-rwxr-xr-x root/root   1885676 2013-12-13 06:05 usr/bin/32/llvm-extract
-rwxr-xr-x root/root   4677312 2013-12-13 06:05 usr/bin/32/llvm-mc
-rwxr-xr-x root/root    573780 2013-12-13 06:05 usr/bin/32/llvm-symbolizer
-rwxr-xr-x root/root    801448 2013-12-13 06:05 usr/bin/32/clang-tblgen
-rwxr-xr-x root/root   1669468 2013-12-13 06:05 usr/bin/32/llvm-tblgen
-rwxr-xr-x root/root   9307408 2013-12-13 06:05 usr/bin/32/lli
-rwxr-xr-x root/root   9563388 2013-12-13 06:05 usr/bin/32/clang-check
-rwxr-xr-x root/root   1493460 2013-12-13 06:05 usr/bin/32/llvm-diff
-rwxr-xr-x root/root   1293884 2013-12-13 06:05 usr/bin/32/llvm-dis
-rwxr-xr-x root/root    831704 2013-12-13 06:05 usr/bin/32/llvm-readobj
-rwxr-xr-x root/root   2463276 2013-12-13 06:05 usr/bin/32/llvm-link
-rwxr-xr-x root/root  31142288 2013-12-13 06:05 usr/bin/32/clang
-rwxr-xr-x root/root   1554720 2013-12-13 06:05 usr/bin/32/llvm-as
-rwxr-xr-x root/root   1305680 2013-12-13 06:05 usr/bin/32/llvm-stress
-rwxr-xr-x root/root    313620 2013-12-13 06:05 usr/bin/32/llvm-bcanalyzer
-rwxr-xr-x root/root    281248 2013-12-13 06:05 usr/bin/32/llvm-cov
-rwxr-xr-x root/root    209560 2013-12-13 06:05 usr/bin/32/llvm-config
-rwxr-xr-x root/root   1337784 2013-12-13 06:05 usr/bin/32/llvm-ar
-rwxr-xr-x root/root   1354200 2013-12-13 06:05 usr/bin/32/llvm-prof
-rwxr-xr-x root/root   1474980 2013-12-13 06:05 usr/bin/32/llvm-nm
-rwxr-xr-x root/root   5420936 2013-12-13 06:05 usr/bin/32/bugpoint
-rwxr-xr-x root/root   4900792 2013-12-13 06:05 usr/bin/32/llvm-objdump
-rwxr-xr-x root/root   1317132 2013-12-13 06:05 usr/bin/32/llvm-ranlib
-rwxr-xr-x root/root    563724 2013-12-13 06:05 usr/bin/32/llvm-dwarfdump
-rwxr-xr-x root/root  15443112 2013-12-13 06:05 usr/bin/32/llc
-rwxr-xr-x root/root   9076800 2013-12-13 06:05 usr/bin/32/clang-format
drwxr-xr-x root/root         0 2013-12-13 06:06 usr/doc/
drwxr-xr-x root/root         0 2014-09-03 20:53 usr/doc/llvm-3.3/
drwxr-xr-x root/root         0 2014-09-03 20:53 usr/doc/llvm-3.3/clang/
-rw-r--r-- root/root      2749 2013-01-01 11:00 usr/doc/llvm-3.3/clang/LICENSE.TXT
-rw-r--r-- root/root      3254 2013-01-07 11:04 usr/doc/llvm-3.3/LICENSE.TXT


