++========================================
||
||   Package:  ./debug/glibc-debug-2.17_multilib-x86_64-11alien.txz
||
++========================================
drwxr-xr-x root/root         0 2016-02-24 01:10 ./
drwxr-xr-x root/root         0 2016-02-24 01:10 install/
-rw-r--r-- root/root      1139 2016-02-24 01:10 install/slack-desc
-rw-r--r-- root/root      2353 2016-02-24 01:10 install/doinst.sh
drwxr-xr-x root/root         0 2016-02-24 01:10 usr/
drwxr-xr-x root/root         0 2016-02-24 01:10 usr/lib64/
drwxr-xr-x root/root         0 2016-02-24 01:10 usr/lib64/debug/
-rw-r--r-- root/root   6420624 2016-02-24 01:01 usr/lib64/debug/libm.a
-rwxr-xr-x root/root     19291 2016-02-24 01:09 usr/lib64/debug/libanl-2.17.so
-rwxr-xr-x root/root     27146 2016-02-24 01:09 usr/lib64/debug/libnss_dns-2.17.so
-rw-r--r-- root/root      2608 2016-02-24 01:01 usr/lib64/debug/libieee.a
-rwxr-xr-x root/root     46069 2016-02-24 01:09 usr/lib64/debug/libnss_compat-2.17.so
-rw-r--r-- root/root     72654 2016-02-24 01:01 usr/lib64/debug/libc_nonshared.a
-rw-r--r-- root/root    343854 2016-02-24 01:01 usr/lib64/debug/librpcsvc.a
-rwxr-xr-x root/root     14149 2016-02-24 01:09 usr/lib64/debug/libutil-2.17.so
-rwxr-xr-x root/root     27781 2016-02-24 01:09 usr/lib64/debug/libnss_hesiod-2.17.so
-rw-r--r-- root/root     47298 2016-02-24 01:01 usr/lib64/debug/libdl.a
-rwxr-xr-x root/root    110237 2016-02-24 01:09 usr/lib64/debug/libresolv-2.17.so
-rwxr-xr-x root/root     18988 2016-02-24 01:09 usr/lib64/debug/libdl-2.17.so
-rwxr-xr-x root/root     61626 2016-02-24 01:09 usr/lib64/debug/libnss_files-2.17.so
-rwxr-xr-x root/root     23135 2016-02-24 01:09 usr/lib64/debug/libmemusage.so
-rw-r--r-- root/root      2794 2016-02-24 01:01 usr/lib64/debug/libg.a
-rw-r--r-- root/root    272630 2016-02-24 01:01 usr/lib64/debug/libcrypt.a
-rwxr-xr-x root/root     21752 2016-02-24 01:09 usr/lib64/debug/libSegFault.so
-rw-r--r-- root/root     21406 2016-02-24 01:00 usr/lib64/debug/libBrokenLocale.a
-rw-r--r-- root/root    870434 2016-02-24 01:01 usr/lib64/debug/libresolv.a
-rwxr-xr-x root/root   1125896 2016-02-24 01:09 usr/lib64/debug/libm-2.17.so
-rwxr-xr-x root/root   2102965 2016-02-24 01:09 usr/lib64/debug/libc-2.17.so
-rwxr-xr-x root/root    115871 2016-02-24 01:09 usr/lib64/debug/libnsl-2.17.so
-rwxr-xr-x root/root     56124 2016-02-24 01:09 usr/lib64/debug/libnss_nis-2.17.so
-rw-r--r-- root/root  24821718 2016-02-24 01:01 usr/lib64/debug/libc.a
-rwxr-xr-x root/root     40645 2016-02-24 01:09 usr/lib64/debug/libthread_db-1.0.so
-rwxr-xr-x root/root     42592 2016-02-24 01:09 usr/lib64/debug/librt-2.17.so
-rw-r--r-- root/root      2794 2016-02-24 01:01 usr/lib64/debug/libbsd-compat.a
-rwxr-xr-x root/root    200731 2016-02-24 01:09 usr/lib64/debug/libcidn-2.17.so
-rw-r--r-- root/root      4812 2016-02-24 01:01 usr/lib64/debug/libpthread_nonshared.a
-rwxr-xr-x root/root     65031 2016-02-24 01:09 usr/lib64/debug/libnss_nisplus-2.17.so
-rw-r--r-- root/root     11272 2016-02-24 01:01 usr/lib64/debug/libmcheck.a
-rwxr-xr-x root/root     37445 2016-02-24 01:09 usr/lib64/debug/libnss_db-2.17.so
-rwxr-xr-x root/root      8266 2016-02-24 01:09 usr/lib64/debug/libBrokenLocale-2.17.so
-rwxr-xr-x root/root      8588 2016-02-24 01:09 usr/lib64/debug/libpcprofile.so
-rwxr-xr-x root/root     48928 2016-02-24 01:09 usr/lib64/debug/libcrypt-2.17.so
-rwxr-xr-x root/root    134893 2016-02-24 01:09 usr/lib64/debug/libpthread-2.17.so
-rw-r--r-- root/root   1306554 2016-02-24 01:01 usr/lib64/debug/libnsl.a
-rw-r--r-- root/root    336208 2016-02-24 01:01 usr/lib64/debug/librt.a
-rw-r--r-- root/root     49424 2016-02-24 01:01 usr/lib64/debug/libutil.a
-rw-r--r-- root/root   1748266 2016-02-24 01:01 usr/lib64/debug/libpthread.a
-rwxr-xr-x root/root    171470 2016-02-24 01:09 usr/lib64/debug/ld-2.17.so
-rw-r--r-- root/root    134436 2016-02-24 01:01 usr/lib64/debug/libanl.a
drwxr-xr-x root/root         0 2016-02-24 01:10 usr/lib/


