++========================================
||
||   Package:  ./slackware64-compat32/a-compat32/aaa_elflibs-compat32-14.1-x86_64-3compat32.txz
||
++========================================
drwxr-xr-x root/root         0 2013-10-12 02:23 ./
drwxr-xr-x root/root         0 2013-10-12 02:23 usr/
drwxr-xr-x root/root         0 2013-10-12 02:23 usr/lib/
-rwxr-xr-x root/root    159004 2013-07-10 07:13 usr/lib/libexpat.so.1.6.0
-rwxr-xr-x root/root     65052 2013-07-10 07:13 usr/lib/libformw.so.5.9
-rwxr-xr-x root/root     16780 2013-07-10 07:13 usr/lib/libusb-0.1.so.4.4.4
-rwxr-xr-x root/root     14380 2013-07-10 07:13 usr/lib/libgmpxx.so.3.1.1
-rwxr-xr-x root/root    299212 2013-07-10 07:13 usr/lib/libmpfr.so.1.2.2
-rwxr-xr-x root/root    204576 2013-07-10 07:13 usr/lib/libidn.so.11.6.8
-rwxr-xr-x root/root     10804 2013-07-10 07:13 usr/lib/libpanel.so.5.9
-rwxr-xr-x root/root    170400 2013-07-10 07:13 usr/lib/libpng14.so.14.12.0
-rwxr-xr-x root/root     20012 2013-10-02 04:59 usr/lib/libgmpxx.so.4.3.3
-rwxr-xr-x root/root    221868 2013-07-10 07:13 usr/lib/libgmp.so.3.4.4
-rwxr-xr-x root/root    367480 2013-07-10 07:13 usr/lib/libslang.so.1.4.9
-rwxr-xr-x root/root    271244 2013-07-10 07:13 usr/lib/libpcre.so.1.2.1
-r-xr-xr-x root/root     81068 2013-10-12 02:23 usr/lib/libcupsimage.so.2
-rwxr-xr-x root/root    226648 2013-07-10 07:13 usr/lib/libcurl.so.3.0.0
-rwxr-xr-x root/root    942368 2013-07-10 07:13 usr/lib/libslang.so.2.2.4
-rwxr-xr-x root/root     57812 2013-07-10 07:13 usr/lib/libvgagl.so.1.9.25
-rwxr-xr-x root/root     28196 2013-07-10 07:13 usr/lib/libmenu.so.5.9
-rwxr-xr-x root/root    572544 2013-07-10 08:09 usr/lib/libfreetype.so.6.10.2
-rwxr-xr-x root/root     28836 2013-07-10 07:13 usr/lib/libmenuw.so.5.9
-rwxr-xr-x root/root    109784 2013-07-10 07:13 usr/lib/libgcc_s.so.1
-rwxr-xr-x root/root     78536 2013-07-10 07:13 usr/lib/libelf.so.0.8.13
-rwxr-xr-x root/root    130364 2013-07-10 07:13 usr/lib/libexpat.so.0.5.0
-rwxr-xr-x root/root   1010680 2013-07-10 07:39 usr/lib/libasound.so.2.0.0
-rwxr-xr-x root/root    383064 2013-07-10 07:13 usr/lib/libcurl.so.4.3.0
-rwxr-xr-x root/root      3656 2013-08-08 00:36 usr/lib/libgthread-2.0.so.0.3600.4
-rwxr-xr-x root/root    193020 2013-07-10 07:13 usr/lib/libreadline.so.5.2
-rwxr-xr-x root/root    243544 2013-07-10 07:13 usr/lib/libpcre.so.0.0.1
-rwxr-xr-x root/root      6232 2013-07-10 07:13 usr/lib/libpcreposix.so.0.0.2
-rwxr-xr-x root/root    178780 2013-07-10 07:13 usr/lib/libpng.so.3.50.0
-rwxr-xr-x root/root    126528 2013-07-10 07:13 usr/lib/libjpeg.so.62.0.0
-rwxr-xr-x root/root    401368 2013-07-10 07:13 usr/lib/libtiff.so.3.9.6
-rwxr-xr-x root/root     35164 2013-07-10 07:13 usr/lib/libltdl.so.7.3.0
-rwxr-xr-x root/root     23200 2013-07-10 07:13 usr/lib/libltdl.so.3.1.6
-rwxr-xr-x root/root     10804 2013-07-10 07:13 usr/lib/libpanelw.so.5.9
-rwxr-xr-x root/root   1236472 2013-08-08 00:36 usr/lib/libglib-2.0.so.0.3600.4
-rwxr-xr-x root/root     14100 2013-07-10 07:13 usr/lib/libmm.so.14.0.22
-rwxr-xr-x root/root     21220 2013-07-10 07:13 usr/lib/libgdbm.so.2.0.0
-rwxr-xr-x root/root    162076 2013-07-10 07:13 usr/lib/libcurl.so.2.0.2
-rwxr-xr-x root/root    423361 2013-07-10 07:13 usr/lib/libvga.so.1.9.25
-rwxr-xr-x root/root    318936 2013-08-08 00:36 usr/lib/libgobject-2.0.so.0.3600.4
-rwxr-xr-x root/root    168396 2013-07-10 07:13 usr/lib/libpng12.so.0.50.0
-rwxr-xr-x root/root    216524 2013-07-10 07:13 usr/lib/libjpeg.so.8.0.1
-r-xr-xr-x root/root    282016 2013-10-12 02:23 usr/lib/libcups.so.2
-rwxr-xr-x root/root     58464 2013-07-10 07:13 usr/lib/libusb-1.0.so.0.1.0
-rwxr-xr-x root/root    296624 2013-07-10 07:13 usr/lib/libldap-2.4.so.2.8.3
-rwxr-xr-x root/root     19080 2013-07-10 07:13 usr/lib/libgdbm.so.3.0.0
-rwxr-xr-x root/root     52244 2013-07-10 07:13 usr/lib/liblber-2.4.so.2.8.3
-rwxr-xr-x root/root     57276 2013-07-10 07:13 usr/lib/libform.so.5.9
-rwxr-xr-x root/root    442072 2013-10-02 04:59 usr/lib/libgmp.so.10.1.3
-rwxr-xr-x root/root     26472 2013-07-10 07:13 usr/lib/libhistory.so.5.2
-rwxr-xr-x root/root     10652 2013-08-08 00:36 usr/lib/libgmodule-2.0.so.0.3600.4
drwxr-xr-x root/root         0 2013-10-15 11:12 install/
-rw-r--r-- root/root      5991 2013-10-15 11:12 install/doinst.sh
-rw-r--r-- root/root      1200 2013-10-15 11:12 install/slack-desc
drwxr-xr-x root/root         0 2013-10-12 02:23 lib/
-r-xr-xr-x root/root    257068 2013-08-30 05:17 lib/libdevmapper.so.1.02
-rwxr-xr-x root/root    313416 2013-07-10 07:13 lib/libncurses.so.5.9
-rwxr-xr-x root/root     23200 2013-07-10 07:13 lib/libdm.so.0.0.4
-rwxr-xr-x root/root    871648 2013-07-10 07:13 lib/libdb-4.2.so
-rwxr-xr-x root/root     10280 2013-07-10 07:13 lib/libtermcap.so.2.0.8
-rwxr-xr-x root/root     85748 2013-08-21 02:33 lib/libz.so.1.2.8
-rwxr-xr-x root/root     31604 2013-07-10 07:13 lib/libacl.so.1.1.0
-rwxr-xr-x root/root     20348 2013-07-10 07:13 lib/libgpm.so.2.1.0
-rwxr-xr-x root/root    395048 2013-07-10 07:13 lib/libncursesw.so.5.9
-rwxr-xr-x root/root    508748 2013-07-10 07:13 lib/libdb-3.1.so
-rwxr-xr-x root/root     45888 2013-07-10 07:13 lib/libpopt.so.0.0.0
-rwxr-xr-x root/root     18384 2013-07-10 07:13 lib/libgpm.so.1.19.0
-rwxr-xr-x root/root    604188 2013-07-10 07:13 lib/libdb-3.3.so
-rwxr-xr-x root/root     17044 2013-07-10 07:13 lib/libattr.so.1.1.0
-rwxr-xr-x root/root    160372 2013-07-10 07:13 lib/libfuse.so.2.8.5
-rwxr-xr-x root/root     17340 2013-07-10 07:13 lib/libcap.so.2.22
-rwxr-xr-x root/root    165412 2013-07-10 08:57 lib/liblzma.so.5.0.5
-rwxr-xr-x root/root     70360 2013-07-10 07:13 lib/libbz2.so.1.0.6
-rwxr-xr-x root/root     36228 2013-07-10 07:13 lib/libsysfs.so.2.0.1
-rwxr-xr-x root/root   1165272 2013-07-10 07:13 lib/libdb-4.4.so


