++========================================
||
||   Package:  ./slackware64-compat32/ap-compat32/flac-compat32-1.3.1-x86_64-1_slack14.1compat32.txz
||
++========================================
drwxr-xr-x root/root         0 2016-02-23 23:44 ./
drwxr-xr-x root/root         0 2016-02-23 23:44 install/
-rw-r--r-- root/root       368 2016-02-23 23:44 install/doinst.sh
-rw-r--r-- root/root      1175 2016-02-23 23:44 install/slack-desc
drwxr-xr-x root/root         0 2016-02-23 23:44 usr/
drwxr-xr-x root/root         0 2016-02-08 21:42 usr/lib/
-rwxr-xr-x root/root    364308 2016-02-08 21:42 usr/lib/libFLAC.so.8.3.0
drwxr-xr-x root/root         0 2016-02-08 21:42 usr/lib/pkgconfig/
-rw-r--r-- root/root       242 2016-02-08 21:42 usr/lib/pkgconfig/flac.pc
-rw-r--r-- root/root       239 2016-02-08 21:42 usr/lib/pkgconfig/flac++.pc
drwxr-xr-x root/root         0 2016-02-08 21:42 usr/lib/xmms/
drwxr-xr-x root/root         0 2016-02-08 21:42 usr/lib/xmms/Input/
-rwxr-xr-x root/root    130844 2016-02-08 21:42 usr/lib/xmms/Input/libxmms-flac.so
-rwxr-xr-x root/root      1286 2016-02-08 21:42 usr/lib/xmms/Input/libxmms-flac.la
-rwxr-xr-x root/root      1004 2016-02-08 21:42 usr/lib/libFLAC++.la
-rwxr-xr-x root/root     94664 2016-02-08 21:42 usr/lib/libFLAC++.so.6.3.0
-rwxr-xr-x root/root       955 2016-02-08 21:42 usr/lib/libFLAC.la
drwxr-xr-x root/root         0 2016-02-23 23:44 usr/bin/
drwxr-xr-x root/root         0 2016-02-23 23:44 usr/bin/32/
-rwxr-xr-x root/root    131172 2016-02-08 21:42 usr/bin/32/metaflac
-rwxr-xr-x root/root    233396 2016-02-08 21:42 usr/bin/32/flac
drwxr-xr-x root/root         0 2016-02-08 21:42 usr/doc/
drwxr-xr-x root/root         0 2016-02-23 23:44 usr/doc/flac-1.3.1/
-rw-r--r-- root/root      5221 2016-02-08 21:42 usr/doc/flac-1.3.1/license.html
-rw-r--r-- root/root      2155 2014-11-27 02:19 usr/doc/flac-1.3.1/AUTHORS
-rw-r--r-- root/root     26436 2013-04-30 12:46 usr/doc/flac-1.3.1/COPYING.LGPL
-rw-r--r-- root/root     20403 2013-04-30 12:46 usr/doc/flac-1.3.1/COPYING.FDL
-rw-r--r-- root/root     18092 2013-07-16 12:53 usr/doc/flac-1.3.1/COPYING.GPL
-rw-r--r-- root/root      1509 2014-11-27 02:19 usr/doc/flac-1.3.1/COPYING.Xiph


