++========================================
||
||   Package:  ./gcc-4.8.2_multilib-x86_64-1alien.txz
||
++========================================
drwxr-xr-x root/root         0 2013-10-21 11:32 ./
drwxr-xr-x root/root         0 2013-10-21 11:32 lib/
drwxr-xr-x root/root         0 2013-10-21 11:27 usr/
drwxr-xr-x root/root         0 2013-10-21 11:32 usr/bin/
-rwxr-xr-x root/root     25336 2013-10-21 11:30 usr/bin/gcc-ar
-rwxr-xr-x root/root     25304 2013-10-21 11:30 usr/bin/gcc-nm
-rwxr-xr-x root/root    763960 2013-10-21 11:30 usr/bin/cpp
-rwxr-xr-x root/root     25304 2013-10-21 11:30 usr/bin/gcc-ranlib
-rwxr-xr-x root/root    318936 2013-10-21 11:30 usr/bin/gcov
-rwxr-xr-x root/root    763960 2013-10-21 11:30 usr/bin/gcc-4.8.2
drwxr-xr-x root/root         0 2013-10-21 11:30 usr/include/
drwxr-xr-x root/root         0 2013-10-21 11:30 usr/share/
drwxr-xr-x root/root         0 2013-10-21 11:27 usr/share/locale/
drwxr-xr-x root/root         0 2013-10-21 11:27 usr/share/locale/sr/
drwxr-xr-x root/root         0 2013-10-21 11:27 usr/share/locale/sr/LC_MESSAGES/
-rw-r--r-- root/root     26785 2013-10-21 11:27 usr/share/locale/sr/LC_MESSAGES/cpplib.mo
-rw-r--r-- root/root    661258 2013-10-21 11:27 usr/share/locale/sr/LC_MESSAGES/gcc.mo
drwxr-xr-x root/root         0 2013-10-21 11:27 usr/share/locale/fi/
drwxr-xr-x root/root         0 2013-10-21 11:27 usr/share/locale/fi/LC_MESSAGES/
-rw-r--r-- root/root     22053 2013-10-21 11:27 usr/share/locale/fi/LC_MESSAGES/cpplib.mo
-rw-r--r-- root/root    257899 2013-10-21 11:27 usr/share/locale/fi/LC_MESSAGES/gcc.mo
drwxr-xr-x root/root         0 2013-10-21 11:27 usr/share/locale/es/
drwxr-xr-x root/root         0 2013-10-21 11:27 usr/share/locale/es/LC_MESSAGES/
-rw-r--r-- root/root     21622 2013-10-21 11:27 usr/share/locale/es/LC_MESSAGES/cpplib.mo
-rw-r--r-- root/root   1155446 2013-10-21 11:27 usr/share/locale/es/LC_MESSAGES/gcc.mo
drwxr-xr-x root/root         0 2013-10-21 11:27 usr/share/locale/uk/
drwxr-xr-x root/root         0 2013-10-21 11:27 usr/share/locale/uk/LC_MESSAGES/
-rw-r--r-- root/root     27778 2013-10-21 11:27 usr/share/locale/uk/LC_MESSAGES/cpplib.mo
drwxr-xr-x root/root         0 2013-10-21 11:27 usr/share/locale/da/
drwxr-xr-x root/root         0 2013-10-21 11:27 usr/share/locale/da/LC_MESSAGES/
-rw-r--r-- root/root     13534 2013-10-21 11:27 usr/share/locale/da/LC_MESSAGES/cpplib.mo
-rw-r--r-- root/root    139115 2013-10-21 11:27 usr/share/locale/da/LC_MESSAGES/gcc.mo
drwxr-xr-x root/root         0 2013-10-21 11:27 usr/share/locale/el/
drwxr-xr-x root/root         0 2013-10-21 11:27 usr/share/locale/el/LC_MESSAGES/
-rw-r--r-- root/root       703 2013-10-21 11:27 usr/share/locale/el/LC_MESSAGES/cpplib.mo
-rw-r--r-- root/root     11733 2013-10-21 11:27 usr/share/locale/el/LC_MESSAGES/gcc.mo
drwxr-xr-x root/root         0 2013-10-21 11:27 usr/share/locale/de/
drwxr-xr-x root/root         0 2013-10-21 11:28 usr/share/locale/de/LC_MESSAGES/
-rw-r--r-- root/root     21421 2013-10-21 11:27 usr/share/locale/de/LC_MESSAGES/cpplib.mo
-rw-r--r-- root/root       488 2013-10-21 11:28 usr/share/locale/de/LC_MESSAGES/libstdc++.mo
-rw-r--r-- root/root   1226592 2013-10-21 11:27 usr/share/locale/de/LC_MESSAGES/gcc.mo
drwxr-xr-x root/root         0 2013-10-21 11:27 usr/share/locale/be/
drwxr-xr-x root/root         0 2013-10-21 11:27 usr/share/locale/be/LC_MESSAGES/
-rw-r--r-- root/root      1003 2013-10-21 11:27 usr/share/locale/be/LC_MESSAGES/cpplib.mo
-rw-r--r-- root/root     10532 2013-10-21 11:27 usr/share/locale/be/LC_MESSAGES/gcc.mo
drwxr-xr-x root/root         0 2013-10-21 11:27 usr/share/locale/zh_CN/
drwxr-xr-x root/root         0 2013-10-21 11:27 usr/share/locale/zh_CN/LC_MESSAGES/
-rw-r--r-- root/root     19362 2013-10-21 11:27 usr/share/locale/zh_CN/LC_MESSAGES/cpplib.mo
-rw-r--r-- root/root    806335 2013-10-21 11:27 usr/share/locale/zh_CN/LC_MESSAGES/gcc.mo
drwxr-xr-x root/root         0 2013-10-21 11:27 usr/share/locale/nl/
drwxr-xr-x root/root         0 2013-10-21 11:27 usr/share/locale/nl/LC_MESSAGES/
-rw-r--r-- root/root     20942 2013-10-21 11:27 usr/share/locale/nl/LC_MESSAGES/cpplib.mo
-rw-r--r-- root/root     68717 2013-10-21 11:27 usr/share/locale/nl/LC_MESSAGES/gcc.mo
drwxr-xr-x root/root         0 2013-10-21 11:27 usr/share/locale/id/
drwxr-xr-x root/root         0 2013-10-21 11:27 usr/share/locale/id/LC_MESSAGES/
-rw-r--r-- root/root     20751 2013-10-21 11:27 usr/share/locale/id/LC_MESSAGES/cpplib.mo
-rw-r--r-- root/root    680679 2013-10-21 11:27 usr/share/locale/id/LC_MESSAGES/gcc.mo
drwxr-xr-x root/root         0 2013-10-21 11:27 usr/share/locale/tr/
drwxr-xr-x root/root         0 2013-10-21 11:27 usr/share/locale/tr/LC_MESSAGES/
-rw-r--r-- root/root     18470 2013-10-21 11:27 usr/share/locale/tr/LC_MESSAGES/cpplib.mo
-rw-r--r-- root/root    472170 2013-10-21 11:27 usr/share/locale/tr/LC_MESSAGES/gcc.mo
drwxr-xr-x root/root         0 2013-10-21 11:27 usr/share/locale/sv/
drwxr-xr-x root/root         0 2013-10-21 11:27 usr/share/locale/sv/LC_MESSAGES/
-rw-r--r-- root/root     21053 2013-10-21 11:27 usr/share/locale/sv/LC_MESSAGES/cpplib.mo
-rw-r--r-- root/root   1196052 2013-10-21 11:27 usr/share/locale/sv/LC_MESSAGES/gcc.mo
drwxr-xr-x root/root         0 2013-10-21 11:27 usr/share/locale/eo/
drwxr-xr-x root/root         0 2013-10-21 11:27 usr/share/locale/eo/LC_MESSAGES/
-rw-r--r-- root/root     20758 2013-10-21 11:27 usr/share/locale/eo/LC_MESSAGES/cpplib.mo
drwxr-xr-x root/root         0 2013-10-21 11:27 usr/share/locale/ca/
drwxr-xr-x root/root         0 2013-10-21 11:27 usr/share/locale/ca/LC_MESSAGES/
-rw-r--r-- root/root     17214 2013-10-21 11:27 usr/share/locale/ca/LC_MESSAGES/cpplib.mo
drwxr-xr-x root/root         0 2013-10-21 11:27 usr/share/locale/hr/
drwxr-xr-x root/root         0 2013-10-21 11:27 usr/share/locale/hr/LC_MESSAGES/
-rw-r--r-- root/root     16065 2013-10-21 11:27 usr/share/locale/hr/LC_MESSAGES/gcc.mo
drwxr-xr-x root/root         0 2013-10-21 11:27 usr/share/locale/vi/
drwxr-xr-x root/root         0 2013-10-21 11:27 usr/share/locale/vi/LC_MESSAGES/
-rw-r--r-- root/root     24923 2013-10-21 11:27 usr/share/locale/vi/LC_MESSAGES/cpplib.mo
-rw-r--r-- root/root    434846 2013-10-21 11:27 usr/share/locale/vi/LC_MESSAGES/gcc.mo
drwxr-xr-x root/root         0 2013-10-21 11:27 usr/share/locale/ru/
drwxr-xr-x root/root         0 2013-10-21 11:27 usr/share/locale/ru/LC_MESSAGES/
-rw-r--r-- root/root     28404 2013-10-21 11:27 usr/share/locale/ru/LC_MESSAGES/cpplib.mo
-rw-r--r-- root/root    512953 2013-10-21 11:27 usr/share/locale/ru/LC_MESSAGES/gcc.mo
drwxr-xr-x root/root         0 2013-10-21 11:27 usr/share/locale/ja/
drwxr-xr-x root/root         0 2013-10-21 11:27 usr/share/locale/ja/LC_MESSAGES/
-rw-r--r-- root/root     23912 2013-10-21 11:27 usr/share/locale/ja/LC_MESSAGES/cpplib.mo
-rw-r--r-- root/root    500204 2013-10-21 11:27 usr/share/locale/ja/LC_MESSAGES/gcc.mo
drwxr-xr-x root/root         0 2013-10-21 11:27 usr/share/locale/zh_TW/
drwxr-xr-x root/root         0 2013-10-21 11:27 usr/share/locale/zh_TW/LC_MESSAGES/
-rw-r--r-- root/root     19955 2013-10-21 11:27 usr/share/locale/zh_TW/LC_MESSAGES/cpplib.mo
-rw-r--r-- root/root    393612 2013-10-21 11:27 usr/share/locale/zh_TW/LC_MESSAGES/gcc.mo
drwxr-xr-x root/root         0 2013-10-21 11:27 usr/share/locale/fr/
drwxr-xr-x root/root         0 2013-10-21 11:28 usr/share/locale/fr/LC_MESSAGES/
-rw-r--r-- root/root     20278 2013-10-21 11:27 usr/share/locale/fr/LC_MESSAGES/cpplib.mo
-rw-r--r-- root/root       490 2013-10-21 11:28 usr/share/locale/fr/LC_MESSAGES/libstdc++.mo
-rw-r--r-- root/root    200159 2013-10-21 11:27 usr/share/locale/fr/LC_MESSAGES/gcc.mo
drwxr-xr-x root/root         0 2013-10-21 11:30 usr/info/
-rw-r--r-- root/root     17134 2013-10-21 11:30 usr/info/cppinternals.info.gz
-rw-r--r-- root/root    537861 2013-10-21 11:30 usr/info/gcc.info.gz
-rw-r--r-- root/root     62839 2013-10-21 11:30 usr/info/gccinstall.info.gz
-rw-r--r-- root/root     11480 2013-10-21 11:30 usr/info/libquadmath.info.gz
-rw-r--r-- root/root     28214 2013-10-21 11:30 usr/info/cp-tools.info.gz
-rw-r--r-- root/root     19394 2013-10-21 11:30 usr/info/libitm.info.gz
-rw-r--r-- root/root     71809 2013-10-21 11:30 usr/info/cpp.info.gz
-rw-r--r-- root/root    548550 2013-10-21 11:30 usr/info/gccint.info.gz
-rw-r--r-- root/root     32197 2013-10-21 11:30 usr/info/libgomp.info.gz
-rw-r--r-- root/root      6219 2013-10-21 11:30 usr/info/libffi.info.gz
drwxr-xr-x root/root         0 2013-10-21 11:32 usr/lib64/
-rwxr-xr-x root/root     88840 2013-10-21 11:31 usr/lib64/libgcc_s.so.1
-rwxr-xr-x root/root       981 2013-10-21 11:30 usr/lib64/libmudflapth.la
-rw-r--r-- root/root    253272 2013-10-21 11:30 usr/lib64/libitm.a
-rwxr-xr-x root/root    122496 2013-10-21 11:31 usr/lib64/libmudflapth.so.0.0.0
-rwxr-xr-x root/root       941 2013-10-21 11:30 usr/lib64/libgomp.la
-rwxr-xr-x root/root       934 2013-10-21 11:30 usr/lib64/libitm.la
-rw-r--r-- root/root    703336 2013-10-21 11:30 usr/lib64/libtsan.a
-rwxr-xr-x root/root       934 2013-10-21 11:30 usr/lib64/libssp.la
-rw-r--r-- root/root      1614 2013-10-21 11:30 usr/lib64/libssp_nonshared.a
-rw-r--r-- root/root       162 2013-10-21 11:30 usr/lib64/libitm.spec
-rwxr-xr-x root/root       995 2013-10-21 11:30 usr/lib64/libtsan.la
-rwxr-xr-x root/root       964 2013-10-21 11:30 usr/lib64/libatomic.la
-rw-r--r-- root/root    123450 2013-10-21 11:30 usr/lib64/libatomic.a
-rwxr-xr-x root/root      9744 2013-10-21 11:31 usr/lib64/libssp.so.0.0.0
-rwxr-xr-x root/root    298264 2013-10-21 11:31 usr/lib64/libtsan.so.0.0.0
-rwxr-xr-x root/root       916 2013-10-21 11:30 usr/lib64/libssp_nonshared.la
-rw-r--r-- root/root    248560 2013-10-21 11:30 usr/lib64/libmudflap.a
-rw-r--r-- root/root     26634 2013-10-21 11:30 usr/lib64/libssp.a
-rwxr-xr-x root/root    241544 2013-10-21 11:31 usr/lib64/libquadmath.so.0.0.0
-rwxr-xr-x root/root     56240 2013-10-21 11:31 usr/lib64/libgomp.so.1.0.0
-rwxr-xr-x root/root    119824 2013-10-21 11:31 usr/lib64/libmudflap.so.0.0.0
-rw-r--r-- root/root      1200 2013-10-21 11:28 usr/lib64/libasan_preinit.o
-rwxr-xr-x root/root    127896 2013-10-21 11:31 usr/lib64/libitm.so.1.0.0
-rwxr-xr-x root/root    168400 2013-10-21 11:31 usr/lib64/libasan.so.0.0.0
-rw-r--r-- root/root    120828 2013-10-21 11:30 usr/lib64/libgomp.a
-rwxr-xr-x root/root       973 2013-10-21 11:30 usr/lib64/libquadmath.la
-rwxr-xr-x root/root       995 2013-10-21 11:30 usr/lib64/libasan.la
-rwxr-xr-x root/root       967 2013-10-21 11:30 usr/lib64/libmudflap.la
-rw-r--r-- root/root    555298 2013-10-21 11:30 usr/lib64/libquadmath.a
-rw-r--r-- root/root    417900 2013-10-21 11:30 usr/lib64/libasan.a
-rw-r--r-- root/root       165 2013-10-21 11:30 usr/lib64/libgomp.spec
-rwxr-xr-x root/root     23608 2013-10-21 11:31 usr/lib64/libatomic.so.1.0.0
drwxr-xr-x root/root         0 2013-10-21 11:26 usr/lib64/gcc/
drwxr-xr-x root/root         0 2013-10-21 11:26 usr/lib64/gcc/x86_64-slackware-linux/
drwxr-xr-x root/root         0 2013-10-21 11:30 usr/lib64/gcc/x86_64-slackware-linux/4.8.2/
-rw-r--r-- root/root      3616 2013-10-21 11:27 usr/lib64/gcc/x86_64-slackware-linux/4.8.2/crtbeginT.o
-rw-r--r-- root/root     53294 2013-10-21 11:30 usr/lib64/gcc/x86_64-slackware-linux/4.8.2/libgcc_eh.a
-rw-r--r-- root/root      6748 2013-10-21 11:30 usr/lib64/gcc/x86_64-slackware-linux/4.8.2/libcaf_single.a
-rw-r--r-- root/root      3136 2013-10-21 11:27 usr/lib64/gcc/x86_64-slackware-linux/4.8.2/crtbegin.o
drwxr-xr-x root/root         0 2013-10-21 11:30 usr/lib64/gcc/x86_64-slackware-linux/4.8.2/include/
-rw-r--r-- root/root      8987 2013-10-21 10:28 usr/lib64/gcc/x86_64-slackware-linux/4.8.2/include/fma4intrin.h
-rw-r--r-- root/root      7029 2013-10-21 10:28 usr/lib64/gcc/x86_64-slackware-linux/4.8.2/include/stdint-gcc.h
-rw-r--r-- root/root      6350 2013-10-21 10:28 usr/lib64/gcc/x86_64-slackware-linux/4.8.2/include/ia32intrin.h
-rw-r--r-- root/root      2205 2013-10-21 10:28 usr/lib64/gcc/x86_64-slackware-linux/4.8.2/include/lzcntintrin.h
-rw-r--r-- root/root      1991 2013-10-21 10:28 usr/lib64/gcc/x86_64-slackware-linux/4.8.2/include/xsaveintrin.h
-rw-r--r-- root/root      1554 2013-10-21 10:28 usr/lib64/gcc/x86_64-slackware-linux/4.8.2/include/xtestintrin.h
-rw-r--r-- root/root     41676 2013-10-21 10:28 usr/lib64/gcc/x86_64-slackware-linux/4.8.2/include/xmmintrin.h
-rw-r--r-- root/root       328 2013-10-21 10:28 usr/lib64/gcc/x86_64-slackware-linux/4.8.2/include/stdint.h
-rw-r--r-- root/root      1210 2013-10-21 10:28 usr/lib64/gcc/x86_64-slackware-linux/4.8.2/include/stdalign.h
-rw-r--r-- root/root      9030 2013-10-21 11:28 usr/lib64/gcc/x86_64-slackware-linux/4.8.2/include/quadmath.h
-rw-r--r-- root/root      5445 2013-10-21 10:28 usr/lib64/gcc/x86_64-slackware-linux/4.8.2/include/bmiintrin.h
-rw-r--r-- root/root      3212 2013-10-21 10:28 usr/lib64/gcc/x86_64-slackware-linux/4.8.2/include/lwpintrin.h
-rw-r--r-- root/root      1756 2013-10-21 10:28 usr/lib64/gcc/x86_64-slackware-linux/4.8.2/include/mm_malloc.h
-rw-r--r-- root/root      3129 2013-10-21 11:28 usr/lib64/gcc/x86_64-slackware-linux/4.8.2/include/quadmath_weak.h
-rw-r--r-- root/root      6000 2013-10-21 10:28 usr/lib64/gcc/x86_64-slackware-linux/4.8.2/include/stdfix.h
-rw-r--r-- root/root      3082 2013-10-21 10:28 usr/lib64/gcc/x86_64-slackware-linux/4.8.2/include/ammintrin.h
-rw-r--r-- root/root      1382 2013-10-21 10:28 usr/lib64/gcc/x86_64-slackware-linux/4.8.2/include/nmmintrin.h
-rw-r--r-- root/root     56873 2013-10-21 10:28 usr/lib64/gcc/x86_64-slackware-linux/4.8.2/include/avx2intrin.h
-rw-r--r-- root/root     50143 2013-10-21 10:28 usr/lib64/gcc/x86_64-slackware-linux/4.8.2/include/emmintrin.h
-rw-r--r-- root/root      1577 2013-10-21 10:28 usr/lib64/gcc/x86_64-slackware-linux/4.8.2/include/prfchwintrin.h
-rw-r--r-- root/root      5183 2013-10-21 10:28 usr/lib64/gcc/x86_64-slackware-linux/4.8.2/include/tbmintrin.h
-rw-r--r-- root/root      2596 2013-10-21 10:28 usr/lib64/gcc/x86_64-slackware-linux/4.8.2/include/rtmintrin.h
-rw-r--r-- root/root      6475 2013-10-21 10:28 usr/lib64/gcc/x86_64-slackware-linux/4.8.2/include/mm3dnow.h
-rw-r--r-- root/root      1604 2013-10-21 10:28 usr/lib64/gcc/x86_64-slackware-linux/4.8.2/include/popcntintrin.h
-rw-r--r-- root/root      2558 2013-10-21 10:28 usr/lib64/gcc/x86_64-slackware-linux/4.8.2/include/cross-stdarg.h
-rw-r--r-- root/root      2334 2013-10-21 10:28 usr/lib64/gcc/x86_64-slackware-linux/4.8.2/include/x86intrin.h
-rw-r--r-- root/root     48008 2013-10-21 10:28 usr/lib64/gcc/x86_64-slackware-linux/4.8.2/include/avxintrin.h
drwxr-xr-x root/root         0 2013-10-21 11:28 usr/lib64/gcc/x86_64-slackware-linux/4.8.2/include/ssp/
-rw-r--r-- root/root      2816 2013-10-21 11:28 usr/lib64/gcc/x86_64-slackware-linux/4.8.2/include/ssp/unistd.h
-rw-r--r-- root/root      5720 2013-10-21 11:28 usr/lib64/gcc/x86_64-slackware-linux/4.8.2/include/ssp/string.h
-rw-r--r-- root/root      3473 2013-10-21 11:28 usr/lib64/gcc/x86_64-slackware-linux/4.8.2/include/ssp/stdio.h
-rw-r--r-- root/root      2402 2013-10-21 11:28 usr/lib64/gcc/x86_64-slackware-linux/4.8.2/include/ssp/ssp.h
-rw-r--r-- root/root      8123 2013-10-21 10:28 usr/lib64/gcc/x86_64-slackware-linux/4.8.2/include/cpuid.h
-rw-r--r-- root/root     28353 2013-10-21 10:28 usr/lib64/gcc/x86_64-slackware-linux/4.8.2/include/xopintrin.h
-rw-r--r-- root/root      8209 2013-10-21 10:28 usr/lib64/gcc/x86_64-slackware-linux/4.8.2/include/tmmintrin.h
-rw-r--r-- root/root     27701 2013-10-21 10:28 usr/lib64/gcc/x86_64-slackware-linux/4.8.2/include/smmintrin.h
-rw-r--r-- root/root      3251 2013-10-21 10:28 usr/lib64/gcc/x86_64-slackware-linux/4.8.2/include/bmi2intrin.h
-rw-r--r-- root/root      1861 2013-10-21 10:28 usr/lib64/gcc/x86_64-slackware-linux/4.8.2/include/rdseedintrin.h
-rw-r--r-- root/root      4238 2013-10-21 10:28 usr/lib64/gcc/x86_64-slackware-linux/4.8.2/include/pmmintrin.h
-rw-r--r-- root/root      1154 2013-10-21 10:28 usr/lib64/gcc/x86_64-slackware-linux/4.8.2/include/bmmintrin.h
-rw-r--r-- root/root      1919 2013-10-21 10:28 usr/lib64/gcc/x86_64-slackware-linux/4.8.2/include/fxsrintrin.h
-rw-r--r-- root/root     10728 2013-10-21 11:27 usr/lib64/gcc/x86_64-slackware-linux/4.8.2/include/unwind.h
-rw-r--r-- root/root      1801 2013-10-21 10:28 usr/lib64/gcc/x86_64-slackware-linux/4.8.2/include/adxintrin.h
-rw-r--r-- root/root      3619 2013-10-21 11:30 usr/lib64/gcc/x86_64-slackware-linux/4.8.2/include/omp.h
-rw-r--r-- root/root      4075 2013-10-21 10:28 usr/lib64/gcc/x86_64-slackware-linux/4.8.2/include/stdarg.h
-rw-r--r-- root/root      4358 2013-10-21 10:28 usr/lib64/gcc/x86_64-slackware-linux/4.8.2/include/wmmintrin.h
-rw-r--r-- root/root     10151 2013-10-21 11:28 usr/lib64/gcc/x86_64-slackware-linux/4.8.2/include/mf-runtime.h
-rw-r--r-- root/root      1136 2013-10-21 10:28 usr/lib64/gcc/x86_64-slackware-linux/4.8.2/include/stdnoreturn.h
-rw-r--r-- root/root     10396 2013-10-21 10:28 usr/lib64/gcc/x86_64-slackware-linux/4.8.2/include/fmaintrin.h
-rw-r--r-- root/root      8877 2013-10-21 10:28 usr/lib64/gcc/x86_64-slackware-linux/4.8.2/include/float.h
-rw-r--r-- root/root      1438 2013-10-21 10:28 usr/lib64/gcc/x86_64-slackware-linux/4.8.2/include/stdbool.h
-rw-r--r-- root/root      1669 2013-10-21 10:28 usr/lib64/gcc/x86_64-slackware-linux/4.8.2/include/xsaveoptintrin.h
-rw-r--r-- root/root      1272 2013-10-21 10:28 usr/lib64/gcc/x86_64-slackware-linux/4.8.2/include/iso646.h
-rw-r--r-- root/root       139 2013-10-21 10:28 usr/lib64/gcc/x86_64-slackware-linux/4.8.2/include/varargs.h
-rw-r--r-- root/root     30585 2013-10-21 10:28 usr/lib64/gcc/x86_64-slackware-linux/4.8.2/include/mmintrin.h
-rw-r--r-- root/root      3267 2013-10-21 10:28 usr/lib64/gcc/x86_64-slackware-linux/4.8.2/include/f16cintrin.h
-rw-r--r-- root/root     13619 2013-10-21 10:28 usr/lib64/gcc/x86_64-slackware-linux/4.8.2/include/stddef.h
-rw-r--r-- root/root      3942 2013-10-21 10:28 usr/lib64/gcc/x86_64-slackware-linux/4.8.2/include/immintrin.h
-rw-r--r-- root/root      3400 2013-10-21 11:27 usr/lib64/gcc/x86_64-slackware-linux/4.8.2/crtprec64.o
-rw-r--r-- root/root   3021878 2013-10-21 11:30 usr/lib64/gcc/x86_64-slackware-linux/4.8.2/libgcc.a
-rw-r--r-- root/root      2032 2013-10-21 11:27 usr/lib64/gcc/x86_64-slackware-linux/4.8.2/crtendS.o
-rw-r--r-- root/root      3456 2013-10-21 11:27 usr/lib64/gcc/x86_64-slackware-linux/4.8.2/crtbeginS.o
-rw-r--r-- root/root     48556 2013-10-21 11:30 usr/lib64/gcc/x86_64-slackware-linux/4.8.2/libgcov.a
-rw-r--r-- root/root      3784 2013-10-21 11:27 usr/lib64/gcc/x86_64-slackware-linux/4.8.2/crtfastmath.o
-rw-r--r-- root/root      3384 2013-10-21 11:27 usr/lib64/gcc/x86_64-slackware-linux/4.8.2/crtprec80.o
-rw-r--r-- root/root      2032 2013-10-21 11:27 usr/lib64/gcc/x86_64-slackware-linux/4.8.2/crtend.o
drwxr-xr-x root/root         0 2013-10-21 11:27 usr/lib64/gcc/x86_64-slackware-linux/4.8.2/install-tools/
-rw-r--r-- root/root        85 2013-10-21 11:27 usr/lib64/gcc/x86_64-slackware-linux/4.8.2/install-tools/mkheaders.conf
drwxr-xr-x root/root         0 2013-10-21 11:27 usr/lib64/gcc/x86_64-slackware-linux/4.8.2/install-tools/include/
-rw-r--r-- root/root      5382 2013-10-21 11:27 usr/lib64/gcc/x86_64-slackware-linux/4.8.2/install-tools/include/limits.h
-rw-r--r-- root/root       750 2013-10-21 11:26 usr/lib64/gcc/x86_64-slackware-linux/4.8.2/install-tools/include/README
-rw-r--r-- root/root         0 2013-10-21 11:27 usr/lib64/gcc/x86_64-slackware-linux/4.8.2/install-tools/macro_list
-rw-r--r-- root/root         2 2013-10-21 11:27 usr/lib64/gcc/x86_64-slackware-linux/4.8.2/install-tools/fixinc_list
-rw-r--r-- root/root       330 2013-10-21 11:27 usr/lib64/gcc/x86_64-slackware-linux/4.8.2/install-tools/gsyslimits.h
drwxr-xr-x root/root         0 2013-10-21 11:30 usr/lib64/gcc/x86_64-slackware-linux/4.8.2/32/
-rw-r--r-- root/root      2792 2013-10-21 11:27 usr/lib64/gcc/x86_64-slackware-linux/4.8.2/32/crtbeginT.o
-rw-r--r-- root/root     40652 2013-10-21 11:30 usr/lib64/gcc/x86_64-slackware-linux/4.8.2/32/libgcc_eh.a
-rw-r--r-- root/root      5354 2013-10-21 11:30 usr/lib64/gcc/x86_64-slackware-linux/4.8.2/32/libcaf_single.a
-rw-r--r-- root/root      2460 2013-10-21 11:27 usr/lib64/gcc/x86_64-slackware-linux/4.8.2/32/crtbegin.o
-rw-r--r-- root/root      2380 2013-10-21 11:27 usr/lib64/gcc/x86_64-slackware-linux/4.8.2/32/crtprec64.o
-rw-r--r-- root/root   3265872 2013-10-21 11:30 usr/lib64/gcc/x86_64-slackware-linux/4.8.2/32/libgcc.a
-rw-r--r-- root/root      1640 2013-10-21 11:27 usr/lib64/gcc/x86_64-slackware-linux/4.8.2/32/crtendS.o
-rw-r--r-- root/root      2664 2013-10-21 11:27 usr/lib64/gcc/x86_64-slackware-linux/4.8.2/32/crtbeginS.o
-rw-r--r-- root/root     40992 2013-10-21 11:30 usr/lib64/gcc/x86_64-slackware-linux/4.8.2/32/libgcov.a
-rw-r--r-- root/root      4624 2013-10-21 11:27 usr/lib64/gcc/x86_64-slackware-linux/4.8.2/32/crtfastmath.o
-rw-r--r-- root/root      2372 2013-10-21 11:27 usr/lib64/gcc/x86_64-slackware-linux/4.8.2/32/crtprec80.o
-rw-r--r-- root/root      1640 2013-10-21 11:27 usr/lib64/gcc/x86_64-slackware-linux/4.8.2/32/crtend.o
-rwxr-xr-x root/root       938 2013-10-21 11:30 usr/lib64/gcc/x86_64-slackware-linux/4.8.2/32/libcaf_single.la
-rw-r--r-- root/root      2372 2013-10-21 11:27 usr/lib64/gcc/x86_64-slackware-linux/4.8.2/32/crtprec32.o
drwxr-xr-x root/root         0 2013-10-21 11:27 usr/lib64/gcc/x86_64-slackware-linux/4.8.2/plugin/
drwxr-xr-x root/root         0 2013-10-21 11:27 usr/lib64/gcc/x86_64-slackware-linux/4.8.2/plugin/include/
-rw-r--r-- root/root      6650 2013-10-21 11:27 usr/lib64/gcc/x86_64-slackware-linux/4.8.2/plugin/include/cfg-flags.def
-rw-r--r-- root/root     13452 2013-10-21 11:27 usr/lib64/gcc/x86_64-slackware-linux/4.8.2/plugin/include/sanitizer.def
-rw-r--r-- root/root       184 2013-10-21 11:27 usr/lib64/gcc/x86_64-slackware-linux/4.8.2/plugin/include/version.h
-rw-r--r-- root/root      8676 2013-10-21 11:27 usr/lib64/gcc/x86_64-slackware-linux/4.8.2/plugin/include/tree-ssa-operands.h
-rw-r--r-- root/root      6369 2013-10-21 11:27 usr/lib64/gcc/x86_64-slackware-linux/4.8.2/plugin/include/insn-constants.h
-rw-r--r-- root/root       170 2013-10-21 11:27 usr/lib64/gcc/x86_64-slackware-linux/4.8.2/plugin/include/bversion.h
-rw-r--r-- root/root      2769 2013-10-21 11:27 usr/lib64/gcc/x86_64-slackware-linux/4.8.2/plugin/include/toplev.h
-rw-r--r-- root/root      8988 2013-10-21 11:27 usr/lib64/gcc/x86_64-slackware-linux/4.8.2/plugin/include/cfghooks.h
-rw-r--r-- root/root      5335 2013-10-21 11:27 usr/lib64/gcc/x86_64-slackware-linux/4.8.2/plugin/include/md5.h
-rw-r--r-- root/root    105802 2013-10-21 11:27 usr/lib64/gcc/x86_64-slackware-linux/4.8.2/plugin/include/rtl.h
-rw-r--r-- root/root      6129 2013-10-21 11:27 usr/lib64/gcc/x86_64-slackware-linux/4.8.2/plugin/include/tree-inline.h
-rw-r--r-- root/root      7149 2013-10-21 11:27 usr/lib64/gcc/x86_64-slackware-linux/4.8.2/plugin/include/dumpfile.h
-rw-r--r-- root/root    134641 2013-10-21 11:27 usr/lib64/gcc/x86_64-slackware-linux/4.8.2/plugin/include/gimple.h
-rw-r--r-- root/root     14497 2013-10-21 11:27 usr/lib64/gcc/x86_64-slackware-linux/4.8.2/plugin/include/ansidecl.h
-rw-r--r-- root/root     23214 2013-10-21 11:27 usr/lib64/gcc/x86_64-slackware-linux/4.8.2/plugin/include/hard-reg-set.h
drwxr-xr-x root/root         0 2013-10-21 11:27 usr/lib64/gcc/x86_64-slackware-linux/4.8.2/plugin/include/c-family/
-rw-r--r-- root/root      9126 2013-10-21 11:27 usr/lib64/gcc/x86_64-slackware-linux/4.8.2/plugin/include/c-family/c-pretty-print.h
-rw-r--r-- root/root      2761 2013-10-21 11:27 usr/lib64/gcc/x86_64-slackware-linux/4.8.2/plugin/include/c-family/c-common.def
-rw-r--r-- root/root      5193 2013-10-21 11:27 usr/lib64/gcc/x86_64-slackware-linux/4.8.2/plugin/include/c-family/c-objc.h
-rw-r--r-- root/root      5216 2013-10-21 11:27 usr/lib64/gcc/x86_64-slackware-linux/4.8.2/plugin/include/c-family/c-pragma.h
-rw-r--r-- root/root     41573 2013-10-21 11:27 usr/lib64/gcc/x86_64-slackware-linux/4.8.2/plugin/include/c-family/c-common.h
-rw-r--r-- root/root     22583 2013-10-21 11:27 usr/lib64/gcc/x86_64-slackware-linux/4.8.2/plugin/include/ipa-prop.h
-rw-r--r-- root/root     14295 2013-10-21 11:27 usr/lib64/gcc/x86_64-slackware-linux/4.8.2/plugin/include/pretty-print.h
-rw-r--r-- root/root      1545 2013-10-21 11:27 usr/lib64/gcc/x86_64-slackware-linux/4.8.2/plugin/include/internal-fn.def
-rw-r--r-- root/root      1864 2013-10-21 11:27 usr/lib64/gcc/x86_64-slackware-linux/4.8.2/plugin/include/mode-classes.def
-rw-r--r-- root/root      3312 2013-10-21 11:27 usr/lib64/gcc/x86_64-slackware-linux/4.8.2/plugin/include/flags.h
-rw-r--r-- root/root     41888 2013-10-21 11:27 usr/lib64/gcc/x86_64-slackware-linux/4.8.2/plugin/include/defaults.h
-rw-r--r-- root/root      5643 2013-10-21 11:27 usr/lib64/gcc/x86_64-slackware-linux/4.8.2/plugin/include/safe-ctype.h
-rw-r--r-- root/root      9234 2013-10-21 11:27 usr/lib64/gcc/x86_64-slackware-linux/4.8.2/plugin/include/tm-preds.h
-rw-r--r-- root/root     12284 2013-10-21 11:27 usr/lib64/gcc/x86_64-slackware-linux/4.8.2/plugin/include/except.h
-rw-r--r-- root/root       217 2013-10-21 11:27 usr/lib64/gcc/x86_64-slackware-linux/4.8.2/plugin/include/config.h
-rw-r--r-- root/root      5559 2013-10-21 11:27 usr/lib64/gcc/x86_64-slackware-linux/4.8.2/plugin/include/is-a.h
-rw-r--r-- root/root      4059 2013-10-21 11:27 usr/lib64/gcc/x86_64-slackware-linux/4.8.2/plugin/include/target-hooks-macros.h
-rw-r--r-- root/root     38477 2013-10-21 11:27 usr/lib64/gcc/x86_64-slackware-linux/4.8.2/plugin/include/params.def
-rw-r--r-- root/root      4102 2013-10-21 11:27 usr/lib64/gcc/x86_64-slackware-linux/4.8.2/plugin/include/cif-code.def
-rw-r--r-- root/root     12892 2013-10-21 11:27 usr/lib64/gcc/x86_64-slackware-linux/4.8.2/plugin/include/plugin-api.h
-rw-r--r-- root/root     12331 2013-10-21 11:27 usr/lib64/gcc/x86_64-slackware-linux/4.8.2/plugin/include/b-header-vars
-rw-r--r-- root/root      3492 2013-10-21 11:27 usr/lib64/gcc/x86_64-slackware-linux/4.8.2/plugin/include/emit-rtl.h
-rw-r--r-- root/root       593 2013-10-21 11:27 usr/lib64/gcc/x86_64-slackware-linux/4.8.2/plugin/include/plugin-version.h
-rw-r--r-- root/root      1341 2013-10-21 11:27 usr/lib64/gcc/x86_64-slackware-linux/4.8.2/plugin/include/realmpfr.h
-rw-r--r-- root/root     34940 2013-10-21 11:27 usr/lib64/gcc/x86_64-slackware-linux/4.8.2/plugin/include/genrtl.h
-rw-r--r-- root/root     11612 2013-10-21 11:27 usr/lib64/gcc/x86_64-slackware-linux/4.8.2/plugin/include/machmode.h
-rw-r--r-- root/root      1259 2013-10-21 11:27 usr/lib64/gcc/x86_64-slackware-linux/4.8.2/plugin/include/prefix.h
-rw-r--r-- root/root      2342 2013-10-21 11:27 usr/lib64/gcc/x86_64-slackware-linux/4.8.2/plugin/include/plugin.h
-rw-r--r-- root/root      9540 2013-10-21 11:27 usr/lib64/gcc/x86_64-slackware-linux/4.8.2/plugin/include/reg-notes.def
-rw-r--r-- root/root     20889 2013-10-21 11:27 usr/lib64/gcc/x86_64-slackware-linux/4.8.2/plugin/include/obstack.h
-rw-r--r-- root/root      1474 2013-10-21 11:27 usr/lib64/gcc/x86_64-slackware-linux/4.8.2/plugin/include/predict.h
-rw-r--r-- root/root     26589 2013-10-21 11:27 usr/lib64/gcc/x86_64-slackware-linux/4.8.2/plugin/include/sync-builtins.def
-rw-r--r-- root/root    294393 2013-10-21 11:27 usr/lib64/gcc/x86_64-slackware-linux/4.8.2/plugin/include/insn-flags.h
drwxr-xr-x root/root         0 2013-10-21 11:27 usr/lib64/gcc/x86_64-slackware-linux/4.8.2/plugin/include/cp/
-rw-r--r-- root/root    247330 2013-10-21 11:27 usr/lib64/gcc/x86_64-slackware-linux/4.8.2/plugin/include/cp/cp-tree.h
-rw-r--r-- root/root     13670 2013-10-21 11:27 usr/lib64/gcc/x86_64-slackware-linux/4.8.2/plugin/include/cp/name-lookup.h
-rw-r--r-- root/root     21499 2013-10-21 11:27 usr/lib64/gcc/x86_64-slackware-linux/4.8.2/plugin/include/cp/cp-tree.def
-rw-r--r-- root/root      3061 2013-10-21 11:27 usr/lib64/gcc/x86_64-slackware-linux/4.8.2/plugin/include/cp/cxx-pretty-print.h
-rw-r--r-- root/root      9909 2013-10-21 11:27 usr/lib64/gcc/x86_64-slackware-linux/4.8.2/plugin/include/gtm-builtins.def
-rw-r--r-- root/root      1548 2013-10-21 11:27 usr/lib64/gcc/x86_64-slackware-linux/4.8.2/plugin/include/ipa-utils.h
-rw-r--r-- root/root      9636 2013-10-21 11:27 usr/lib64/gcc/x86_64-slackware-linux/4.8.2/plugin/include/hwint.h
-rw-r--r-- root/root      2222 2013-10-21 11:27 usr/lib64/gcc/x86_64-slackware-linux/4.8.2/plugin/include/alias.h
-rw-r--r-- root/root     12786 2013-10-21 11:27 usr/lib64/gcc/x86_64-slackware-linux/4.8.2/plugin/include/double-int.h
-rw-r--r-- root/root      7405 2013-10-21 11:27 usr/lib64/gcc/x86_64-slackware-linux/4.8.2/plugin/include/hashtab.h
-rw-r--r-- root/root     14409 2013-10-21 11:27 usr/lib64/gcc/x86_64-slackware-linux/4.8.2/plugin/include/gimple.def
-rw-r--r-- root/root     18628 2013-10-21 11:27 usr/lib64/gcc/x86_64-slackware-linux/4.8.2/plugin/include/tree-check.h
-rw-r--r-- root/root      2017 2013-10-21 11:27 usr/lib64/gcc/x86_64-slackware-linux/4.8.2/plugin/include/diagnostic.def
-rw-r--r-- root/root      1069 2013-10-21 11:27 usr/lib64/gcc/x86_64-slackware-linux/4.8.2/plugin/include/ipa-reference.h
-rw-r--r-- root/root      5727 2013-10-21 11:27 usr/lib64/gcc/x86_64-slackware-linux/4.8.2/plugin/include/predict.def
-rw-r--r-- root/root     44991 2013-10-21 11:27 usr/lib64/gcc/x86_64-slackware-linux/4.8.2/plugin/include/auto-host.h
-rw-r--r-- root/root     18555 2013-10-21 11:27 usr/lib64/gcc/x86_64-slackware-linux/4.8.2/plugin/include/real.h
-rw-r--r-- root/root     28744 2013-10-21 11:27 usr/lib64/gcc/x86_64-slackware-linux/4.8.2/plugin/include/function.h
-rw-r--r-- root/root     14314 2013-10-21 11:27 usr/lib64/gcc/x86_64-slackware-linux/4.8.2/plugin/include/timevar.def
-rw-r--r-- root/root     38961 2013-10-21 11:27 usr/lib64/gcc/x86_64-slackware-linux/4.8.2/plugin/include/cpplib.h
-rw-r--r-- root/root      7011 2013-10-21 11:27 usr/lib64/gcc/x86_64-slackware-linux/4.8.2/plugin/include/flag-types.h
-rw-r--r-- root/root      7749 2013-10-21 11:27 usr/lib64/gcc/x86_64-slackware-linux/4.8.2/plugin/include/params.h
-rw-r--r-- root/root      1368 2013-10-21 11:27 usr/lib64/gcc/x86_64-slackware-linux/4.8.2/plugin/include/gimple-pretty-print.h
-rw-r--r-- root/root     89858 2013-10-21 11:27 usr/lib64/gcc/x86_64-slackware-linux/4.8.2/plugin/include/target.def
-rw-r--r-- root/root      2706 2013-10-21 11:27 usr/lib64/gcc/x86_64-slackware-linux/4.8.2/plugin/include/ipa-ref-inline.h
-rw-r--r-- root/root      8725 2013-10-21 11:27 usr/lib64/gcc/x86_64-slackware-linux/4.8.2/plugin/include/sbitmap.h
-rw-r--r-- root/root     49802 2013-10-21 11:27 usr/lib64/gcc/x86_64-slackware-linux/4.8.2/plugin/include/vec.h
-rw-r--r-- root/root      6459 2013-10-21 11:27 usr/lib64/gcc/x86_64-slackware-linux/4.8.2/plugin/include/target.h
-rw-r--r-- root/root      1025 2013-10-21 11:27 usr/lib64/gcc/x86_64-slackware-linux/4.8.2/plugin/include/configargs.h
-rw-r--r-- root/root      1420 2013-10-21 11:27 usr/lib64/gcc/x86_64-slackware-linux/4.8.2/plugin/include/internal-fn.h
-rw-r--r-- root/root      4301 2013-10-21 11:27 usr/lib64/gcc/x86_64-slackware-linux/4.8.2/plugin/include/fixed-value.h
-rw-r--r-- root/root     24449 2013-10-21 11:27 usr/lib64/gcc/x86_64-slackware-linux/4.8.2/plugin/include/output.h
-rw-r--r-- root/root       204 2013-10-21 11:27 usr/lib64/gcc/x86_64-slackware-linux/4.8.2/plugin/include/all-tree.def
-rw-r--r-- root/root     24516 2013-10-21 11:27 usr/lib64/gcc/x86_64-slackware-linux/4.8.2/plugin/include/libiberty.h
-rw-r--r-- root/root      2845 2013-10-21 11:27 usr/lib64/gcc/x86_64-slackware-linux/4.8.2/plugin/include/statistics.h
-rw-r--r-- root/root      3458 2013-10-21 11:27 usr/lib64/gcc/x86_64-slackware-linux/4.8.2/plugin/include/filenames.h
-rw-r--r-- root/root      1121 2013-10-21 11:27 usr/lib64/gcc/x86_64-slackware-linux/4.8.2/plugin/include/highlev-plugin-common.h
-rw-r--r-- root/root    208651 2013-10-21 11:27 usr/lib64/gcc/x86_64-slackware-linux/4.8.2/plugin/include/options.h
-rw-r--r-- root/root     59785 2013-10-21 11:27 usr/lib64/gcc/x86_64-slackware-linux/4.8.2/plugin/include/tree.def
-rw-r--r-- root/root     24452 2013-10-21 11:27 usr/lib64/gcc/x86_64-slackware-linux/4.8.2/plugin/include/bitmap.h
-rw-r--r-- root/root      2608 2013-10-21 11:27 usr/lib64/gcc/x86_64-slackware-linux/4.8.2/plugin/include/input.h
-rw-r--r-- root/root      3193 2013-10-21 11:27 usr/lib64/gcc/x86_64-slackware-linux/4.8.2/plugin/include/tree-iterator.h
-rw-r--r-- root/root      3298 2013-10-21 11:27 usr/lib64/gcc/x86_64-slackware-linux/4.8.2/plugin/include/insn-notes.def
drwxr-xr-x root/root         0 2013-10-21 11:27 usr/lib64/gcc/x86_64-slackware-linux/4.8.2/plugin/include/objc/
-rw-r--r-- root/root      3378 2013-10-21 11:27 usr/lib64/gcc/x86_64-slackware-linux/4.8.2/plugin/include/objc/objc-tree.def
-rw-r--r-- root/root     14497 2013-10-21 11:27 usr/lib64/gcc/x86_64-slackware-linux/4.8.2/plugin/include/opts.h
-rw-r--r-- root/root      2784 2013-10-21 11:27 usr/lib64/gcc/x86_64-slackware-linux/4.8.2/plugin/include/cppdefault.h
-rw-r--r-- root/root      2980 2013-10-21 11:27 usr/lib64/gcc/x86_64-slackware-linux/4.8.2/plugin/include/tree-dump.h
-rw-r--r-- root/root      2030 2013-10-21 11:27 usr/lib64/gcc/x86_64-slackware-linux/4.8.2/plugin/include/alloc-pool.h
-rw-r--r-- root/root      3551 2013-10-21 11:27 usr/lib64/gcc/x86_64-slackware-linux/4.8.2/plugin/include/timevar.h
-rw-r--r-- root/root     30684 2013-10-21 11:27 usr/lib64/gcc/x86_64-slackware-linux/4.8.2/plugin/include/tree-flow.h
-rw-r--r-- root/root      5122 2013-10-21 11:27 usr/lib64/gcc/x86_64-slackware-linux/4.8.2/plugin/include/gcc-plugin.h
-rw-r--r-- root/root     33044 2013-10-21 11:27 usr/lib64/gcc/x86_64-slackware-linux/4.8.2/plugin/include/basic-block.h
-rw-r--r-- root/root      9499 2013-10-21 11:27 usr/lib64/gcc/x86_64-slackware-linux/4.8.2/plugin/include/ggc.h
-rw-r--r-- root/root     33463 2013-10-21 11:27 usr/lib64/gcc/x86_64-slackware-linux/4.8.2/plugin/include/system.h
-rw-r--r-- root/root       144 2013-10-21 11:27 usr/lib64/gcc/x86_64-slackware-linux/4.8.2/plugin/include/tm_p.h
-rw-r--r-- root/root      2177 2013-10-21 11:27 usr/lib64/gcc/x86_64-slackware-linux/4.8.2/plugin/include/tree-pretty-print.h
-rw-r--r-- root/root      1088 2013-10-21 11:27 usr/lib64/gcc/x86_64-slackware-linux/4.8.2/plugin/include/tm.h
-rw-r--r-- root/root      2809 2013-10-21 11:27 usr/lib64/gcc/x86_64-slackware-linux/4.8.2/plugin/include/plugin.def
drwxr-xr-x root/root         0 2013-10-21 11:27 usr/lib64/gcc/x86_64-slackware-linux/4.8.2/plugin/include/config/
-rw-r--r-- root/root      1947 2013-10-21 11:27 usr/lib64/gcc/x86_64-slackware-linux/4.8.2/plugin/include/config/linux-android.h
-rw-r--r-- root/root      2264 2013-10-21 11:27 usr/lib64/gcc/x86_64-slackware-linux/4.8.2/plugin/include/config/dbxelf.h
-rw-r--r-- root/root     16540 2013-10-21 11:27 usr/lib64/gcc/x86_64-slackware-linux/4.8.2/plugin/include/config/elfos.h
-rw-r--r-- root/root      1470 2013-10-21 11:27 usr/lib64/gcc/x86_64-slackware-linux/4.8.2/plugin/include/config/vxworks-dummy.h
-rw-r--r-- root/root      4505 2013-10-21 11:27 usr/lib64/gcc/x86_64-slackware-linux/4.8.2/plugin/include/config/linux.h
drwxr-xr-x root/root         0 2013-10-21 11:27 usr/lib64/gcc/x86_64-slackware-linux/4.8.2/plugin/include/config/i386/
-rw-r--r-- root/root      1413 2013-10-21 11:27 usr/lib64/gcc/x86_64-slackware-linux/4.8.2/plugin/include/config/i386/linux64.h
-rw-r--r-- root/root      3334 2013-10-21 11:27 usr/lib64/gcc/x86_64-slackware-linux/4.8.2/plugin/include/config/i386/gnu-user64.h
-rw-r--r-- root/root      2878 2013-10-21 11:27 usr/lib64/gcc/x86_64-slackware-linux/4.8.2/plugin/include/config/i386/unix.h
-rw-r--r-- root/root      3182 2013-10-21 11:27 usr/lib64/gcc/x86_64-slackware-linux/4.8.2/plugin/include/config/i386/att.h
-rw-r--r-- root/root      3505 2013-10-21 11:27 usr/lib64/gcc/x86_64-slackware-linux/4.8.2/plugin/include/config/i386/x86-64.h
-rw-r--r-- root/root      2212 2013-10-21 11:27 usr/lib64/gcc/x86_64-slackware-linux/4.8.2/plugin/include/config/i386/i386-opts.h
-rw-r--r-- root/root      1926 2013-10-21 11:27 usr/lib64/gcc/x86_64-slackware-linux/4.8.2/plugin/include/config/i386/linux-common.h
-rw-r--r-- root/root      2435 2013-10-21 11:27 usr/lib64/gcc/x86_64-slackware-linux/4.8.2/plugin/include/config/i386/gnu-user-common.h
-rw-r--r-- root/root      1293 2013-10-21 11:27 usr/lib64/gcc/x86_64-slackware-linux/4.8.2/plugin/include/config/i386/biarch64.h
-rw-r--r-- root/root     93374 2013-10-21 11:27 usr/lib64/gcc/x86_64-slackware-linux/4.8.2/plugin/include/config/i386/i386.h
-rw-r--r-- root/root     13771 2013-10-21 11:27 usr/lib64/gcc/x86_64-slackware-linux/4.8.2/plugin/include/config/i386/i386-protos.h
-rw-r--r-- root/root      1343 2013-10-21 11:27 usr/lib64/gcc/x86_64-slackware-linux/4.8.2/plugin/include/config/initfini-array.h
-rw-r--r-- root/root      4645 2013-10-21 11:27 usr/lib64/gcc/x86_64-slackware-linux/4.8.2/plugin/include/config/gnu-user.h
-rw-r--r-- root/root      2548 2013-10-21 11:27 usr/lib64/gcc/x86_64-slackware-linux/4.8.2/plugin/include/config/glibc-stdint.h
-rw-r--r-- root/root      6474 2013-10-21 11:27 usr/lib64/gcc/x86_64-slackware-linux/4.8.2/plugin/include/insn-modes.h
-rw-r--r-- root/root     19625 2013-10-21 11:27 usr/lib64/gcc/x86_64-slackware-linux/4.8.2/plugin/include/langhooks.h
-rw-r--r-- root/root     25731 2013-10-21 11:27 usr/lib64/gcc/x86_64-slackware-linux/4.8.2/plugin/include/c-tree.h
-rw-r--r-- root/root     10801 2013-10-21 11:27 usr/lib64/gcc/x86_64-slackware-linux/4.8.2/plugin/include/diagnostic.h
-rw-r--r-- root/root      2810 2013-10-21 11:27 usr/lib64/gcc/x86_64-slackware-linux/4.8.2/plugin/include/treestruct.def
-rw-r--r-- root/root      5280 2013-10-21 11:27 usr/lib64/gcc/x86_64-slackware-linux/4.8.2/plugin/include/tree-ssa-alias.h
-rw-r--r-- root/root     29884 2013-10-21 11:27 usr/lib64/gcc/x86_64-slackware-linux/4.8.2/plugin/include/line-map.h
-rw-r--r-- root/root      1830 2013-10-21 11:27 usr/lib64/gcc/x86_64-slackware-linux/4.8.2/plugin/include/intl.h
-rw-r--r-- root/root     46198 2013-10-21 11:27 usr/lib64/gcc/x86_64-slackware-linux/4.8.2/plugin/include/cgraph.h
-rw-r--r-- root/root     22687 2013-10-21 11:27 usr/lib64/gcc/x86_64-slackware-linux/4.8.2/plugin/include/tree-pass.h
-rw-r--r-- root/root      7998 2013-10-21 11:27 usr/lib64/gcc/x86_64-slackware-linux/4.8.2/plugin/include/tree-ssa-sccvn.h
drwxr-xr-x root/root         0 2013-10-21 11:27 usr/lib64/gcc/x86_64-slackware-linux/4.8.2/plugin/include/java/
-rw-r--r-- root/root      1350 2013-10-21 11:27 usr/lib64/gcc/x86_64-slackware-linux/4.8.2/plugin/include/java/java-tree.def
-rw-r--r-- root/root    246607 2013-10-21 11:27 usr/lib64/gcc/x86_64-slackware-linux/4.8.2/plugin/include/tree.h
-rw-r--r-- root/root      3516 2013-10-21 11:27 usr/lib64/gcc/x86_64-slackware-linux/4.8.2/plugin/include/symtab.h
drwxr-xr-x root/root         0 2013-10-21 11:27 usr/lib64/gcc/x86_64-slackware-linux/4.8.2/plugin/include/ada/
drwxr-xr-x root/root         0 2013-10-21 11:27 usr/lib64/gcc/x86_64-slackware-linux/4.8.2/plugin/include/ada/gcc-interface/
-rw-r--r-- root/root      4496 2013-10-21 11:27 usr/lib64/gcc/x86_64-slackware-linux/4.8.2/plugin/include/ada/gcc-interface/ada-tree.def
-rw-r--r-- root/root      1562 2013-10-21 11:27 usr/lib64/gcc/x86_64-slackware-linux/4.8.2/plugin/include/pointer-set.h
-rw-r--r-- root/root     71869 2013-10-21 11:27 usr/lib64/gcc/x86_64-slackware-linux/4.8.2/plugin/include/builtins.def
-rw-r--r-- root/root      6549 2013-10-21 11:27 usr/lib64/gcc/x86_64-slackware-linux/4.8.2/plugin/include/coretypes.h
-rw-r--r-- root/root     21183 2013-10-21 11:27 usr/lib64/gcc/x86_64-slackware-linux/4.8.2/plugin/include/cfgloop.h
-rw-r--r-- root/root      1419 2013-10-21 11:27 usr/lib64/gcc/x86_64-slackware-linux/4.8.2/plugin/include/incpath.h
-rw-r--r-- root/root      7928 2013-10-21 11:27 usr/lib64/gcc/x86_64-slackware-linux/4.8.2/plugin/include/debug.h
-rw-r--r-- root/root     57408 2013-10-21 11:27 usr/lib64/gcc/x86_64-slackware-linux/4.8.2/plugin/include/rtl.def
-rw-r--r-- root/root      2335 2013-10-21 11:27 usr/lib64/gcc/x86_64-slackware-linux/4.8.2/plugin/include/ipa-ref.h
-rw-r--r-- root/root    518382 2013-10-21 11:27 usr/lib64/gcc/x86_64-slackware-linux/4.8.2/plugin/include/gtype-desc.h
-rw-r--r-- root/root      5729 2013-10-21 11:27 usr/lib64/gcc/x86_64-slackware-linux/4.8.2/plugin/include/splay-tree.h
-rw-r--r-- root/root      2605 2013-10-21 11:27 usr/lib64/gcc/x86_64-slackware-linux/4.8.2/plugin/include/gsstruct.def
-rw-r--r-- root/root     35098 2013-10-21 11:27 usr/lib64/gcc/x86_64-slackware-linux/4.8.2/plugin/include/tree-flow-inline.h
-rw-r--r-- root/root     10071 2013-10-21 11:27 usr/lib64/gcc/x86_64-slackware-linux/4.8.2/plugin/include/omp-builtins.def
-rw-r--r-- root/root      3595 2013-10-21 11:27 usr/lib64/gcc/x86_64-slackware-linux/4.8.2/plugin/include/diagnostic-core.h
-rw-r--r-- root/root    550899 2013-10-21 11:27 usr/lib64/gcc/x86_64-slackware-linux/4.8.2/plugin/gtype.state
drwxr-xr-x root/root         0 2013-10-21 10:28 usr/lib64/gcc/x86_64-slackware-linux/4.8.2/include-fixed/
-rw-r--r-- root/root      5382 2013-10-21 10:28 usr/lib64/gcc/x86_64-slackware-linux/4.8.2/include-fixed/limits.h
-rw-r--r-- root/root       330 2013-10-21 09:37 usr/lib64/gcc/x86_64-slackware-linux/4.8.2/include-fixed/syslimits.h
-rwxr-xr-x root/root       935 2013-10-21 11:30 usr/lib64/gcc/x86_64-slackware-linux/4.8.2/libcaf_single.la
-rw-r--r-- root/root      3384 2013-10-21 11:27 usr/lib64/gcc/x86_64-slackware-linux/4.8.2/crtprec32.o
-rw-r--r-- root/root      7644 2013-10-21 11:30 usr/lib64/gcc/x86_64-slackware-linux/4.8.2/specs
-rw-r--r-- root/root    209530 2013-10-21 11:30 usr/lib64/libmudflapth.a
drwxr-xr-x root/root         0 2013-10-21 11:26 usr/libexec/
drwxr-xr-x root/root         0 2013-10-21 11:26 usr/libexec/gcc/
drwxr-xr-x root/root         0 2013-10-21 11:26 usr/libexec/gcc/x86_64-slackware-linux/
drwxr-xr-x root/root         0 2013-10-21 11:32 usr/libexec/gcc/x86_64-slackware-linux/4.8.2/
-rwxr-xr-x root/root  12651752 2013-10-21 11:31 usr/libexec/gcc/x86_64-slackware-linux/4.8.2/cc1
-rwxr-xr-x root/root  11982552 2013-10-21 11:31 usr/libexec/gcc/x86_64-slackware-linux/4.8.2/lto1
-rwxr-xr-x root/root       995 2013-10-21 11:30 usr/libexec/gcc/x86_64-slackware-linux/4.8.2/liblto_plugin.la
-rwxr-xr-x root/root     69824 2013-10-21 11:31 usr/libexec/gcc/x86_64-slackware-linux/4.8.2/liblto_plugin.so.0.0.0
-rwxr-xr-x root/root    557040 2013-10-21 11:31 usr/libexec/gcc/x86_64-slackware-linux/4.8.2/lto-wrapper
drwxr-xr-x root/root         0 2013-10-21 11:31 usr/libexec/gcc/x86_64-slackware-linux/4.8.2/install-tools/
-rwxr-xr-x root/root      3160 2013-10-21 11:26 usr/libexec/gcc/x86_64-slackware-linux/4.8.2/install-tools/mkheaders
-rwxr-xr-x root/root    146952 2013-10-21 11:31 usr/libexec/gcc/x86_64-slackware-linux/4.8.2/install-tools/fixincl
-rwxr-xr-x root/root      3538 2013-10-21 11:27 usr/libexec/gcc/x86_64-slackware-linux/4.8.2/install-tools/mkinstalldirs
-rwxr-xr-x root/root     13940 2013-10-21 11:26 usr/libexec/gcc/x86_64-slackware-linux/4.8.2/install-tools/fixinc.sh
drwxr-xr-x root/root         0 2013-10-21 11:31 usr/libexec/gcc/x86_64-slackware-linux/4.8.2/plugin/
-rwxr-xr-x root/root    172144 2013-10-21 11:31 usr/libexec/gcc/x86_64-slackware-linux/4.8.2/plugin/gengtype
-rwxr-xr-x root/root    376536 2013-10-21 11:31 usr/libexec/gcc/x86_64-slackware-linux/4.8.2/collect2
drwxr-xr-x root/root         0 2013-10-21 11:32 usr/lib/
-rw-r--r-- root/root    103072 2013-10-21 11:31 usr/lib/libgcc_s.so.1
-rwxr-xr-x root/root       979 2013-10-21 11:30 usr/lib/libmudflapth.la
-rw-r--r-- root/root    202768 2013-10-21 11:30 usr/lib/libitm.a
-rwxr-xr-x root/root    114268 2013-10-21 11:31 usr/lib/libmudflapth.so.0.0.0
-rwxr-xr-x root/root       939 2013-10-21 11:30 usr/lib/libgomp.la
-rwxr-xr-x root/root       932 2013-10-21 11:30 usr/lib/libitm.la
-rwxr-xr-x root/root       932 2013-10-21 11:30 usr/lib/libssp.la
-rw-r--r-- root/root      1492 2013-10-21 11:30 usr/lib/libssp_nonshared.a
-rw-r--r-- root/root       162 2013-10-21 11:30 usr/lib/libitm.spec
-rwxr-xr-x root/root       962 2013-10-21 11:30 usr/lib/libatomic.la
-rw-r--r-- root/root     84152 2013-10-21 11:30 usr/lib/libatomic.a
-rwxr-xr-x root/root      8288 2013-10-21 11:31 usr/lib/libssp.so.0.0.0
-rwxr-xr-x root/root       914 2013-10-21 11:30 usr/lib/libssp_nonshared.la
-rw-r--r-- root/root    185578 2013-10-21 11:30 usr/lib/libmudflap.a
-rw-r--r-- root/root     23708 2013-10-21 11:30 usr/lib/libssp.a
-rwxr-xr-x root/root    354832 2013-10-21 11:31 usr/lib/libquadmath.so.0.0.0
-rwxr-xr-x root/root     59712 2013-10-21 11:31 usr/lib/libgomp.so.1.0.0
-rwxr-xr-x root/root    111144 2013-10-21 11:31 usr/lib/libmudflap.so.0.0.0
-rw-r--r-- root/root       820 2013-10-21 11:28 usr/lib/libasan_preinit.o
-rwxr-xr-x root/root    114828 2013-10-21 11:31 usr/lib/libitm.so.1.0.0
-rwxr-xr-x root/root    180656 2013-10-21 11:31 usr/lib/libasan.so.0.0.0
-rw-r--r-- root/root    107560 2013-10-21 11:30 usr/lib/libgomp.a
-rwxr-xr-x root/root       971 2013-10-21 11:30 usr/lib/libquadmath.la
-rwxr-xr-x root/root       991 2013-10-21 11:30 usr/lib/libasan.la
-rwxr-xr-x root/root       965 2013-10-21 11:30 usr/lib/libmudflap.la
-rw-r--r-- root/root    524386 2013-10-21 11:30 usr/lib/libquadmath.a
-rw-r--r-- root/root    345298 2013-10-21 11:30 usr/lib/libasan.a
-rw-r--r-- root/root       165 2013-10-21 11:30 usr/lib/libgomp.spec
-rwxr-xr-x root/root     20208 2013-10-21 11:31 usr/lib/libatomic.so.1.0.0
-rw-r--r-- root/root    155638 2013-10-21 11:30 usr/lib/libmudflapth.a
drwxr-xr-x root/root         0 2013-10-21 09:27 usr/doc/
drwxr-xr-x root/root         0 2013-10-21 09:31 usr/doc/gcc-4.8.2/
-rw-r--r-- root/root      3262 2004-05-13 08:41 usr/doc/gcc-4.8.2/ChangeLog.tree-ssa
-rw-r--r-- root/root      3324 2009-04-09 17:00 usr/doc/gcc-4.8.2/COPYING.RUNTIME
-rw-r--r-- root/root     35147 2007-07-17 10:37 usr/doc/gcc-4.8.2/COPYING3
-rw-r--r-- root/root     18002 2005-07-14 03:08 usr/doc/gcc-4.8.2/COPYING
-rw-r--r-- root/root      7639 2007-07-17 10:37 usr/doc/gcc-4.8.2/COPYING3.LIB
-rw-r--r-- root/root     26527 2005-07-14 03:41 usr/doc/gcc-4.8.2/COPYING.LIB
-rw-r--r-- root/root     49059 2013-10-16 09:28 usr/doc/gcc-4.8.2/NEWS
-rw-r--r-- root/root     23258 2013-02-21 19:24 usr/doc/gcc-4.8.2/MAINTAINERS
-rw-r--r-- root/root        58 2013-10-16 09:27 usr/doc/gcc-4.8.2/LAST_UPDATED
-rw-r--r-- root/root      1026 2012-07-16 16:01 usr/doc/gcc-4.8.2/README
drwxr-xr-x root/root         0 2013-10-21 09:31 usr/doc/gcc-4.8.2/gcc/
-rw-r--r-- root/root      2278 2013-01-10 21:38 usr/doc/gcc-4.8.2/gcc/LANGUAGES
-rw-r--r-- root/root         9 2013-10-16 02:16 usr/doc/gcc-4.8.2/gcc/DATESTAMP
-rw-r--r-- root/root     35147 2007-07-17 10:37 usr/doc/gcc-4.8.2/gcc/COPYING3
-rw-r--r-- root/root      6586 2013-01-10 21:38 usr/doc/gcc-4.8.2/gcc/README.Portability
-rw-r--r-- root/root     18002 2005-06-25 04:02 usr/doc/gcc-4.8.2/gcc/COPYING
-rw-r--r-- root/root      7639 2007-07-17 10:37 usr/doc/gcc-4.8.2/gcc/COPYING3.LIB
-rw-r--r-- root/root     26440 2005-06-25 04:02 usr/doc/gcc-4.8.2/gcc/COPYING.LIB
-rw-r--r-- root/root         0 2013-10-16 09:20 usr/doc/gcc-4.8.2/gcc/DEV-PHASE
-rw-r--r-- root/root      2727 2013-01-10 21:38 usr/doc/gcc-4.8.2/gcc/ABOUT-GCC-NLS
-rw-r--r-- root/root     37748 2013-01-10 21:38 usr/doc/gcc-4.8.2/gcc/ONEWS
-rw-r--r-- root/root     28909 2013-10-16 09:18 usr/doc/gcc-4.8.2/ChangeLog
drwxr-xr-x root/root         0 2013-10-16 09:28 usr/doc/gcc-4.8.2/INSTALL/
-rw-r--r-- root/root     72230 2013-10-16 09:28 usr/doc/gcc-4.8.2/INSTALL/specific.html
-rw-r--r-- root/root     80856 2013-10-16 09:28 usr/doc/gcc-4.8.2/INSTALL/configure.html
-rw-r--r-- root/root      5513 2013-10-16 09:28 usr/doc/gcc-4.8.2/INSTALL/index.html
-rw-r--r-- root/root     27369 2013-10-16 09:28 usr/doc/gcc-4.8.2/INSTALL/gfdl.html
-rw-r--r-- root/root      9041 2013-10-16 09:28 usr/doc/gcc-4.8.2/INSTALL/finalinstall.html
-rw-r--r-- root/root      9886 2013-10-16 09:28 usr/doc/gcc-4.8.2/INSTALL/old.html
-rw-r--r-- root/root     12780 2013-10-16 09:28 usr/doc/gcc-4.8.2/INSTALL/test.html
-rw-r--r-- root/root      4288 2013-10-16 09:28 usr/doc/gcc-4.8.2/INSTALL/download.html
-rw-r--r-- root/root       333 2012-08-25 22:48 usr/doc/gcc-4.8.2/INSTALL/README
-rw-r--r-- root/root     20151 2013-10-16 09:28 usr/doc/gcc-4.8.2/INSTALL/build.html
-rw-r--r-- root/root      4922 2013-10-16 09:28 usr/doc/gcc-4.8.2/INSTALL/binaries.html
-rw-r--r-- root/root     14541 2013-10-16 09:28 usr/doc/gcc-4.8.2/INSTALL/prerequisites.html
drwxr-xr-x root/root         0 2013-10-21 11:27 usr/man/
drwxr-xr-x root/root         0 2013-10-21 11:30 usr/man/man7/
-rw-r--r-- root/root     14182 2013-10-21 11:27 usr/man/man7/gpl.7.gz
-rw-r--r-- root/root      2991 2013-10-21 11:27 usr/man/man7/fsf-funding.7.gz
-rw-r--r-- root/root     10121 2013-10-21 11:27 usr/man/man7/gfdl.7.gz
drwxr-xr-x root/root         0 2013-10-21 11:32 usr/man/man1/
-rw-r--r-- root/root    242546 2013-10-21 11:27 usr/man/man1/gcc.1.gz
-rw-r--r-- root/root     14104 2013-10-21 11:27 usr/man/man1/cpp.1.gz
-rw-r--r-- root/root      8654 2013-10-21 11:27 usr/man/man1/gcov.1.gz
drwxr-xr-x root/root         0 2013-10-21 11:32 install/
-rw-r--r-- root/root       760 2013-10-21 09:27 install/slack-desc
-rw-r--r-- root/root      4641 2013-10-21 11:32 install/doinst.sh


