++========================================
||
||   Package:  ./glibc-solibs-2.17_multilib-x86_64-11alien.txz
||
++========================================
drwxr-xr-x root/root         0 2016-02-24 01:13 ./
drwxr-xr-x root/root         0 2016-02-24 01:13 sbin/
-rwxr-xr-x root/root   1050986 2016-02-24 01:09 sbin/ldconfig
drwxr-xr-x root/root         0 2016-02-24 01:13 install/
-rw-r--r-- root/root       786 2016-02-24 01:13 install/slack-desc
-rw-r--r-- root/root      6450 2016-02-24 01:13 install/doinst.sh
drwxr-xr-x root/root         0 2016-02-24 01:13 usr/
drwxr-xr-x root/root         0 2016-02-24 01:13 usr/bin/
-rwxr-xr-x root/root      5201 2016-02-24 01:02 usr/bin/ldd
drwxr-xr-x root/root         0 2016-02-24 01:13 usr/lib64/
drwxr-xr-x root/root         0 2016-02-24 01:09 usr/lib64/gconv/
-rwxr-xr-x root/root     12495 2016-02-24 01:09 usr/lib64/gconv/IBM1025.so
-rwxr-xr-x root/root     12495 2016-02-24 01:09 usr/lib64/gconv/CP1254.so
-rwxr-xr-x root/root     12495 2016-02-24 01:09 usr/lib64/gconv/IBM851.so
-rwxr-xr-x root/root     12495 2016-02-24 01:09 usr/lib64/gconv/IBM1153.so
-rwxr-xr-x root/root     12495 2016-02-24 01:09 usr/lib64/gconv/IBM1146.so
-rwxr-xr-x root/root     12495 2016-02-24 01:09 usr/lib64/gconv/IBM1112.so
-rwxr-xr-x root/root     12495 2016-02-24 01:09 usr/lib64/gconv/INIS.so
-rwxr-xr-x root/root     74200 2016-02-24 01:09 usr/lib64/gconv/IBM932.so
-rwxr-xr-x root/root     12495 2016-02-24 01:09 usr/lib64/gconv/IBM901.so
-rwxr-xr-x root/root     12495 2016-02-24 01:09 usr/lib64/gconv/IBM281.so
-rwxr-xr-x root/root     12495 2016-02-24 01:09 usr/lib64/gconv/IBM290.so
-rwxr-xr-x root/root     12495 2016-02-24 01:09 usr/lib64/gconv/MAC-CENTRALEUROPE.so
-rwxr-xr-x root/root     12495 2016-02-24 01:09 usr/lib64/gconv/IBM918.so
-rwxr-xr-x root/root     12462 2016-02-24 01:09 usr/lib64/gconv/EBCDIC-PT.so
-rwxr-xr-x root/root    471996 2016-02-24 01:09 usr/lib64/gconv/libCNS.so
-rwxr-xr-x root/root     12495 2016-02-24 01:09 usr/lib64/gconv/ASMO_449.so
-rwxr-xr-x root/root     12495 2016-02-24 01:09 usr/lib64/gconv/LATIN-GREEK.so
-rwxr-xr-x root/root     12495 2016-02-24 01:09 usr/lib64/gconv/ISO-IR-209.so
-rwxr-xr-x root/root     16790 2016-02-24 01:09 usr/lib64/gconv/ISO-2022-KR.so
-rwxr-xr-x root/root    115171 2016-02-24 01:09 usr/lib64/gconv/IBM937.so
-rwxr-xr-x root/root     12495 2016-02-24 01:09 usr/lib64/gconv/CP1257.so
-rwxr-xr-x root/root     12495 2016-02-24 01:09 usr/lib64/gconv/IBM4899.so
-rwxr-xr-x root/root     16777 2016-02-24 01:09 usr/lib64/gconv/EUC-KR.so
-rwxr-xr-x root/root     12495 2016-02-24 01:09 usr/lib64/gconv/CP1256.so
-rwxr-xr-x root/root     12495 2016-02-24 01:09 usr/lib64/gconv/CP773.so
-rwxr-xr-x root/root     49064 2016-02-24 01:09 usr/lib64/gconv/libKSC.so
-rwxr-xr-x root/root     12495 2016-02-24 01:09 usr/lib64/gconv/IBM860.so
-rwxr-xr-x root/root     12462 2016-02-24 01:09 usr/lib64/gconv/ISO8859-9.so
-rwxr-xr-x root/root     12495 2016-02-24 01:09 usr/lib64/gconv/ISO8859-8.so
-rwxr-xr-x root/root     20979 2016-02-24 01:09 usr/lib64/gconv/EUC-JISX0213.so
-rwxr-xr-x root/root     12495 2016-02-24 01:09 usr/lib64/gconv/CP1250.so
-rwxr-xr-x root/root     12495 2016-02-24 01:09 usr/lib64/gconv/KOI8-U.so
-rwxr-xr-x root/root     12495 2016-02-24 01:09 usr/lib64/gconv/ISO8859-5.so
-rwxr-xr-x root/root     12495 2016-02-24 01:09 usr/lib64/gconv/IBM1144.so
-rwxr-xr-x root/root     12495 2016-02-24 01:09 usr/lib64/gconv/IBM9066.so
-rwxr-xr-x root/root     12462 2016-02-24 01:09 usr/lib64/gconv/EBCDIC-FI-SE-A.so
-rwxr-xr-x root/root     12495 2016-02-24 01:09 usr/lib64/gconv/KOI8-R.so
-rwxr-xr-x root/root     12495 2016-02-24 01:09 usr/lib64/gconv/EBCDIC-IS-FRISS.so
-rwxr-xr-x root/root     24976 2016-02-24 01:09 usr/lib64/gconv/ISO646.so
-rwxr-xr-x root/root    127466 2016-02-24 01:09 usr/lib64/gconv/IBM1371.so
-rwxr-xr-x root/root     21184 2016-02-24 01:09 usr/lib64/gconv/JOHAB.so
-rwxr-xr-x root/root     12495 2016-02-24 01:09 usr/lib64/gconv/IBM1163.so
-rwxr-xr-x root/root     12495 2016-02-24 01:09 usr/lib64/gconv/IBM1004.so
-rwxr-xr-x root/root     12396 2016-02-24 01:09 usr/lib64/gconv/ISO_11548-1.so
-rwxr-xr-x root/root     12495 2016-02-24 01:09 usr/lib64/gconv/IBM869.so
-rwxr-xr-x root/root     12462 2016-02-24 01:09 usr/lib64/gconv/EBCDIC-ES-S.so
-rwxr-xr-x root/root     12495 2016-02-24 01:09 usr/lib64/gconv/ISIRI-3342.so
-rwxr-xr-x root/root     12495 2016-02-24 01:09 usr/lib64/gconv/IBM1137.so
-rwxr-xr-x root/root     12495 2016-02-24 01:09 usr/lib64/gconv/IBM1124.so
-rwxr-xr-x root/root     12495 2016-02-24 01:09 usr/lib64/gconv/IBM861.so
-rwxr-xr-x root/root     12495 2016-02-24 01:09 usr/lib64/gconv/GEORGIAN-PS.so
-rwxr-xr-x root/root     12495 2016-02-24 01:09 usr/lib64/gconv/ECMA-CYRILLIC.so
-rwxr-xr-x root/root     12495 2016-02-24 01:09 usr/lib64/gconv/IBM1026.so
-rwxr-xr-x root/root     12396 2016-02-24 01:09 usr/lib64/gconv/ISO8859-1.so
-rwxr-xr-x root/root     12495 2016-02-24 01:09 usr/lib64/gconv/ISO_5427-EXT.so
-rwxr-xr-x root/root     12462 2016-02-24 01:09 usr/lib64/gconv/EBCDIC-AT-DE-A.so
-rwxr-xr-x root/root     12495 2016-02-24 01:09 usr/lib64/gconv/CSN_369103.so
-rwxr-xr-x root/root     12495 2016-02-24 01:09 usr/lib64/gconv/IBM880.so
-rwxr-xr-x root/root    122809 2016-02-24 01:09 usr/lib64/gconv/libJISX0213.so
-rwxr-xr-x root/root     12495 2016-02-24 01:09 usr/lib64/gconv/IBM1149.so
-rwxr-xr-x root/root     12495 2016-02-24 01:09 usr/lib64/gconv/INIS-CYRILLIC.so
-rwxr-xr-x root/root     74200 2016-02-24 01:09 usr/lib64/gconv/IBM943.so
-rwxr-xr-x root/root     16721 2016-02-24 01:09 usr/lib64/gconv/CP1258.so
-rwxr-xr-x root/root     12409 2016-02-24 01:09 usr/lib64/gconv/GBGBK.so
-rwxr-xr-x root/root     12495 2016-02-24 01:09 usr/lib64/gconv/IBM424.so
-rwxr-xr-x root/root     25034 2016-02-24 01:09 usr/lib64/gconv/ANSI_X3.110.so
-rwxr-xr-x root/root     12679 2016-02-24 01:09 usr/lib64/gconv/CP737.so
-rwxr-xr-x root/root     12495 2016-02-24 01:09 usr/lib64/gconv/IBM1145.so
-rwxr-xr-x root/root     12495 2016-02-24 01:09 usr/lib64/gconv/CP774.so
-rwxr-xr-x root/root     12495 2016-02-24 01:09 usr/lib64/gconv/CP1253.so
-rwxr-xr-x root/root     38486 2016-02-24 01:09 usr/lib64/gconv/ISO-2022-CN.so
-rwxr-xr-x root/root     74206 2016-02-24 01:09 usr/lib64/gconv/UHC.so
-rwxr-xr-x root/root     12495 2016-02-24 01:09 usr/lib64/gconv/IBM1148.so
-rwxr-xr-x root/root     17051 2016-02-24 01:09 usr/lib64/gconv/EUC-JP.so
-rwxr-xr-x root/root     61246 2016-02-24 01:09 usr/lib64/gconv/libISOIR165.so
-rwxr-xr-x root/root     94795 2016-02-24 01:09 usr/lib64/gconv/IBM935.so
-rwxr-xr-x root/root     57557 2016-02-24 01:09 usr/lib64/gconv/GBBIG5.so
-rwxr-xr-x root/root     12495 2016-02-24 01:09 usr/lib64/gconv/IBM1155.so
-rwxr-xr-x root/root     12495 2016-02-24 01:09 usr/lib64/gconv/IBM862.so
-rwxr-xr-x root/root     12495 2016-02-24 01:09 usr/lib64/gconv/INIS-8.so
-rwxr-xr-x root/root     12495 2016-02-24 01:09 usr/lib64/gconv/IBM1161.so
-rwxr-xr-x root/root     12495 2016-02-24 01:09 usr/lib64/gconv/IBM1156.so
-rwxr-xr-x root/root     98868 2016-02-24 01:09 usr/lib64/gconv/CP932.so
-rwxr-xr-x root/root     24902 2016-02-24 01:09 usr/lib64/gconv/ISO_6937-2.so
-rwxr-xr-x root/root     16754 2016-02-24 01:09 usr/lib64/gconv/CP1255.so
-rwxr-xr-x root/root     12495 2016-02-24 01:09 usr/lib64/gconv/IBM1166.so
-rwxr-xr-x root/root     12495 2016-02-24 01:09 usr/lib64/gconv/IBM866NAV.so
-rwxr-xr-x root/root     12462 2016-02-24 01:09 usr/lib64/gconv/ISO8859-3.so
-rwxr-xr-x root/root     12495 2016-02-24 01:09 usr/lib64/gconv/IBM4909.so
-rwxr-xr-x root/root     12495 2016-02-24 01:09 usr/lib64/gconv/IBM1130.so
-rwxr-xr-x root/root     90896 2016-02-24 01:09 usr/lib64/gconv/BIG5.so
-rwxr-xr-x root/root     12495 2016-02-24 01:09 usr/lib64/gconv/IBM1162.so
-rwxr-xr-x root/root     12462 2016-02-24 01:09 usr/lib64/gconv/IBM891.so
-rwxr-xr-x root/root     12495 2016-02-24 01:09 usr/lib64/gconv/IBM857.so
-rwxr-xr-x root/root     12495 2016-02-24 01:09 usr/lib64/gconv/SAMI-WS2.so
-rwxr-xr-x root/root     16774 2016-02-24 01:09 usr/lib64/gconv/TCVN5712-1.so
-rwxr-xr-x root/root     16558 2016-02-24 01:09 usr/lib64/gconv/IBM423.so
-rwxr-xr-x root/root     12495 2016-02-24 01:09 usr/lib64/gconv/ISO8859-11.so
-rwxr-xr-x root/root     12495 2016-02-24 01:09 usr/lib64/gconv/MAC-UK.so
-rwxr-xr-x root/root     12462 2016-02-24 01:09 usr/lib64/gconv/IBM903.so
-rwxr-xr-x root/root     12495 2016-02-24 01:09 usr/lib64/gconv/MIK.so
-rwxr-xr-x root/root     12495 2016-02-24 01:09 usr/lib64/gconv/CP1251.so
-rwxr-xr-x root/root     26013 2016-02-24 01:09 usr/lib64/gconv/EUC-TW.so
-rwxr-xr-x root/root     12495 2016-02-24 01:09 usr/lib64/gconv/ISO8859-9E.so
-rwxr-xr-x root/root     12495 2016-02-24 01:09 usr/lib64/gconv/IBM1154.so
-rwxr-xr-x root/root     12495 2016-02-24 01:09 usr/lib64/gconv/ISO_5428.so
-rwxr-xr-x root/root     12495 2016-02-24 01:09 usr/lib64/gconv/IBM285.so
-rwxr-xr-x root/root     12495 2016-02-24 01:09 usr/lib64/gconv/IBM273.so
-rwxr-xr-x root/root     12462 2016-02-24 01:09 usr/lib64/gconv/IBM500.so
-rwxr-xr-x root/root     12495 2016-02-24 01:09 usr/lib64/gconv/IBM855.so
-rwxr-xr-x root/root     12495 2016-02-24 01:09 usr/lib64/gconv/IBM297.so
-rwxr-xr-x root/root     12495 2016-02-24 01:09 usr/lib64/gconv/IBM874.so
-rwxr-xr-x root/root     12495 2016-02-24 01:09 usr/lib64/gconv/ISO8859-7.so
-rwxr-xr-x root/root     12495 2016-02-24 01:09 usr/lib64/gconv/CP1252.so
-rwxr-xr-x root/root     12495 2016-02-24 01:09 usr/lib64/gconv/ISO8859-16.so
-rwxr-xr-x root/root     16591 2016-02-24 01:09 usr/lib64/gconv/IBM856.so
-rwxr-xr-x root/root     12495 2016-02-24 01:09 usr/lib64/gconv/GREEK-CCITT.so
-rwxr-xr-x root/root     12462 2016-02-24 01:09 usr/lib64/gconv/EBCDIC-FI-SE.so
-rwxr-xr-x root/root     12495 2016-02-24 01:09 usr/lib64/gconv/IBM1157.so
-rwxr-xr-x root/root     12462 2016-02-24 01:09 usr/lib64/gconv/EBCDIC-FR.so
-rwxr-xr-x root/root     12495 2016-02-24 01:09 usr/lib64/gconv/IBM5347.so
-rwxr-xr-x root/root     12462 2016-02-24 01:09 usr/lib64/gconv/IBM275.so
-rwxr-xr-x root/root     12462 2016-02-24 01:09 usr/lib64/gconv/IBM905.so
-rwxr-xr-x root/root     12495 2016-02-24 01:09 usr/lib64/gconv/IBM9030.so
-rwxr-xr-x root/root     12495 2016-02-24 01:09 usr/lib64/gconv/NATS-DANO.so
-rwxr-xr-x root/root     12495 2016-02-24 01:09 usr/lib64/gconv/ISO_5427.so
-rwxr-xr-x root/root     12495 2016-02-24 01:09 usr/lib64/gconv/ISO-IR-197.so
-rwxr-xr-x root/root     12495 2016-02-24 01:09 usr/lib64/gconv/IBM1046.so
-rwxr-xr-x root/root     12495 2016-02-24 01:09 usr/lib64/gconv/IBM420.so
-rwxr-xr-x root/root     12495 2016-02-24 01:09 usr/lib64/gconv/DEC-MCS.so
-rwxr-xr-x root/root     12495 2016-02-24 01:09 usr/lib64/gconv/IBM1143.so
-rwxr-xr-x root/root     12495 2016-02-24 01:09 usr/lib64/gconv/KOI8-RU.so
-rwxr-xr-x root/root     12495 2016-02-24 01:09 usr/lib64/gconv/CP770.so
-rwxr-xr-x root/root     12495 2016-02-24 01:09 usr/lib64/gconv/IBM864.so
-rwxr-xr-x root/root     12462 2016-02-24 01:09 usr/lib64/gconv/IBM870.so
-rwxr-xr-x root/root     12495 2016-02-24 01:09 usr/lib64/gconv/CP771.so
-rwxr-xr-x root/root     12495 2016-02-24 01:09 usr/lib64/gconv/EBCDIC-UK.so
-rwxr-xr-x root/root     24902 2016-02-24 01:09 usr/lib64/gconv/T.61.so
-rwxr-xr-x root/root     12462 2016-02-24 01:09 usr/lib64/gconv/EBCDIC-DK-NO-A.so
-rwxr-xr-x root/root     12495 2016-02-24 01:09 usr/lib64/gconv/MACINTOSH.so
-rwxr-xr-x root/root    102537 2016-02-24 01:09 usr/lib64/gconv/libJIS.so
-rwxr-xr-x root/root     12462 2016-02-24 01:09 usr/lib64/gconv/EBCDIC-IT.so
-rwxr-xr-x root/root     12495 2016-02-24 01:09 usr/lib64/gconv/IBM12712.so
-rwxr-xr-x root/root     12495 2016-02-24 01:09 usr/lib64/gconv/IBM1147.so
-rwxr-xr-x root/root     12462 2016-02-24 01:09 usr/lib64/gconv/IBM037.so
-rwxr-xr-x root/root    234068 2016-02-24 01:09 usr/lib64/gconv/IBM1399.so
-rwxr-xr-x root/root     21158 2016-02-24 01:09 usr/lib64/gconv/EUC-CN.so
-rwxr-xr-x root/root     12495 2016-02-24 01:09 usr/lib64/gconv/HP-GREEK8.so
-rwxr-xr-x root/root     12480 2016-02-24 01:09 usr/lib64/gconv/ARMSCII-8.so
-rwxr-xr-x root/root     12495 2016-02-24 01:09 usr/lib64/gconv/IBM437.so
-rwxr-xr-x root/root     12495 2016-02-24 01:09 usr/lib64/gconv/IBM1160.so
-rwxr-xr-x root/root     24992 2016-02-24 01:09 usr/lib64/gconv/TSCII.so
-rwxr-xr-x root/root    111179 2016-02-24 01:09 usr/lib64/gconv/IBM939.so
-rwxr-xr-x root/root     46945 2016-02-24 01:09 usr/lib64/gconv/ISO-2022-JP.so
-rwxr-xr-x root/root     12495 2016-02-24 01:09 usr/lib64/gconv/GEORGIAN-ACADEMY.so
-rwxr-xr-x root/root     12409 2016-02-24 01:09 usr/lib64/gconv/IBM1008_420.so
-rwxr-xr-x root/root     12495 2016-02-24 01:09 usr/lib64/gconv/GOST_19768-74.so
-rwxr-xr-x root/root     12495 2016-02-24 01:09 usr/lib64/gconv/HP-ROMAN8.so
-rwxr-xr-x root/root     12703 2016-02-24 01:09 usr/lib64/gconv/CP775.so
-rwxr-xr-x root/root     12495 2016-02-24 01:09 usr/lib64/gconv/GREEK7.so
-rwxr-xr-x root/root     12545 2016-02-24 01:09 usr/lib64/gconv/UNICODE.so
-rwxr-xr-x root/root     12495 2016-02-24 01:09 usr/lib64/gconv/LATIN-GREEK-1.so
-rwxr-xr-x root/root     12495 2016-02-24 01:09 usr/lib64/gconv/IBM921.so
-rwxr-xr-x root/root     12495 2016-02-24 01:09 usr/lib64/gconv/IBM1129.so
-rwxr-xr-x root/root     12462 2016-02-24 01:09 usr/lib64/gconv/IBM038.so
-rwxr-xr-x root/root    234068 2016-02-24 01:09 usr/lib64/gconv/IBM1390.so
-rwxr-xr-x root/root     29416 2016-02-24 01:09 usr/lib64/gconv/ISO-2022-JP-3.so
-rwxr-xr-x root/root     12495 2016-02-24 01:09 usr/lib64/gconv/RK1048.so
-rwxr-xr-x root/root     24935 2016-02-24 01:09 usr/lib64/gconv/UTF-7.so
-rwxr-xr-x root/root     12495 2016-02-24 01:09 usr/lib64/gconv/MAC-IS.so
-rwxr-xr-x root/root    111179 2016-02-24 01:09 usr/lib64/gconv/IBM930.so
-rwxr-xr-x root/root     12495 2016-02-24 01:09 usr/lib64/gconv/VISCII.so
-rwxr-xr-x root/root     12495 2016-02-24 01:09 usr/lib64/gconv/IBM9448.so
-rwxr-xr-x root/root     12495 2016-02-24 01:09 usr/lib64/gconv/IBM865.so
-rwxr-xr-x root/root     12462 2016-02-24 01:09 usr/lib64/gconv/EBCDIC-DK-NO.so
-rwxr-xr-x root/root     90711 2016-02-24 01:09 usr/lib64/gconv/EUC-JP-MS.so
-rwxr-xr-x root/root     12495 2016-02-24 01:09 usr/lib64/gconv/IBM850.so
-rwxr-xr-x root/root    152042 2016-02-24 01:09 usr/lib64/gconv/IBM1364.so
-rwxr-xr-x root/root     16558 2016-02-24 01:09 usr/lib64/gconv/ISO8859-6.so
-rwxr-xr-x root/root     12495 2016-02-24 01:09 usr/lib64/gconv/ISO8859-15.so
-rwxr-xr-x root/root     12495 2016-02-24 01:09 usr/lib64/gconv/CP1125.so
-rwxr-xr-x root/root     12495 2016-02-24 01:09 usr/lib64/gconv/IBM1167.so
-rwxr-xr-x root/root    176618 2016-02-24 01:09 usr/lib64/gconv/IBM1388.so
-rwxr-xr-x root/root     12495 2016-02-24 01:09 usr/lib64/gconv/IEC_P27-1.so
-rwxr-xr-x root/root     12495 2016-02-24 01:09 usr/lib64/gconv/NATS-SEFI.so
-rwxr-xr-x root/root     12495 2016-02-24 01:09 usr/lib64/gconv/IBM852.so
-rwxr-xr-x root/root     12495 2016-02-24 01:09 usr/lib64/gconv/ISO8859-13.so
-rwxr-xr-x root/root     12462 2016-02-24 01:09 usr/lib64/gconv/IBM904.so
-rwxr-xr-x root/root     12495 2016-02-24 01:09 usr/lib64/gconv/BRF.so
-rwxr-xr-x root/root     12495 2016-02-24 01:09 usr/lib64/gconv/EBCDIC-ES.so
-rwxr-xr-x root/root     24902 2016-02-24 01:09 usr/lib64/gconv/ISO_6937.so
-rwxr-xr-x root/root     69780 2016-02-24 01:09 usr/lib64/gconv/libGB.so
-rwxr-xr-x root/root     12495 2016-02-24 01:09 usr/lib64/gconv/ISO8859-14.so
-rwxr-xr-x root/root    115380 2016-02-24 01:09 usr/lib64/gconv/GBK.so
-rwxr-xr-x root/root     12495 2016-02-24 01:09 usr/lib64/gconv/IBM1140.so
-rwxr-xr-x root/root     12462 2016-02-24 01:09 usr/lib64/gconv/IBM1047.so
-rwxr-xr-x root/root     12495 2016-02-24 01:09 usr/lib64/gconv/IBM875.so
-rwxr-xr-x root/root     12462 2016-02-24 01:09 usr/lib64/gconv/EBCDIC-CA-FR.so
-rwxr-xr-x root/root     12462 2016-02-24 01:09 usr/lib64/gconv/ISO8859-2.so
-rwxr-xr-x root/root     12495 2016-02-24 01:09 usr/lib64/gconv/IBM1142.so
-rwxr-xr-x root/root     12495 2016-02-24 01:09 usr/lib64/gconv/EBCDIC-ES-A.so
-rwxr-xr-x root/root     12495 2016-02-24 01:09 usr/lib64/gconv/IBM4517.so
-rwxr-xr-x root/root     12495 2016-02-24 01:09 usr/lib64/gconv/IBM863.so
-rwxr-xr-x root/root     12495 2016-02-24 01:09 usr/lib64/gconv/HP-TURKISH8.so
-rwxr-xr-x root/root     12495 2016-02-24 01:09 usr/lib64/gconv/KOI8-T.so
-rwxr-xr-x root/root     12495 2016-02-24 01:09 usr/lib64/gconv/IBM803.so
-rwxr-xr-x root/root     12462 2016-02-24 01:09 usr/lib64/gconv/IBM274.so
-rwxr-xr-x root/root     12495 2016-02-24 01:09 usr/lib64/gconv/IBM278.so
-rwxr-xr-x root/root     12462 2016-02-24 01:09 usr/lib64/gconv/IBM871.so
-rwxr-xr-x root/root     12495 2016-02-24 01:09 usr/lib64/gconv/TIS-620.so
-rwxr-xr-x root/root     12495 2016-02-24 01:09 usr/lib64/gconv/ISO8859-10.so
-rwxr-xr-x root/root     12495 2016-02-24 01:09 usr/lib64/gconv/IBM1158.so
-rwxr-xr-x root/root     12462 2016-02-24 01:09 usr/lib64/gconv/ISO8859-4.so
-rwxr-xr-x root/root     12495 2016-02-24 01:09 usr/lib64/gconv/IBM277.so
-rwxr-xr-x root/root     12495 2016-02-24 01:09 usr/lib64/gconv/IBM256.so
-rwxr-xr-x root/root     12495 2016-02-24 01:09 usr/lib64/gconv/IBM1097.so
-rwxr-xr-x root/root     12495 2016-02-24 01:09 usr/lib64/gconv/GREEK7-OLD.so
-rwxr-xr-x root/root     12495 2016-02-24 01:09 usr/lib64/gconv/IBM1164.so
-rw-r--r-- root/root     56302 2016-02-24 01:01 usr/lib64/gconv/gconv-modules
-rwxr-xr-x root/root     12495 2016-02-24 01:09 usr/lib64/gconv/IBM280.so
-rwxr-xr-x root/root    180556 2016-02-24 01:09 usr/lib64/gconv/GB18030.so
-rwxr-xr-x root/root     12495 2016-02-24 01:09 usr/lib64/gconv/IBM1141.so
-rwxr-xr-x root/root     16699 2016-02-24 01:09 usr/lib64/gconv/UTF-16.so
-rwxr-xr-x root/root     12495 2016-02-24 01:09 usr/lib64/gconv/IBM1133.so
-rwxr-xr-x root/root     12495 2016-02-24 01:09 usr/lib64/gconv/MAC-SAMI.so
-rwxr-xr-x root/root     12495 2016-02-24 01:09 usr/lib64/gconv/IBM868.so
-rwxr-xr-x root/root     51303 2016-02-24 01:09 usr/lib64/gconv/ISO-2022-CN-EXT.so
-rwxr-xr-x root/root     12495 2016-02-24 01:09 usr/lib64/gconv/ISO_10367-BOX.so
-rwxr-xr-x root/root     16558 2016-02-24 01:09 usr/lib64/gconv/KOI-8.so
-rwxr-xr-x root/root     12495 2016-02-24 01:09 usr/lib64/gconv/IBM16804.so
-rwxr-xr-x root/root     20979 2016-02-24 01:09 usr/lib64/gconv/SHIFT_JISX0213.so
-rwxr-xr-x root/root    229646 2016-02-24 01:09 usr/lib64/gconv/BIG5HKSCS.so
-rwxr-xr-x root/root     12495 2016-02-24 01:09 usr/lib64/gconv/CP772.so
-rwxr-xr-x root/root     98758 2016-02-24 01:09 usr/lib64/gconv/SJIS.so
-rwxr-xr-x root/root     12495 2016-02-24 01:09 usr/lib64/gconv/CWI.so
-rwxr-xr-x root/root     12495 2016-02-24 01:09 usr/lib64/gconv/IBM1123.so
-rwxr-xr-x root/root     12495 2016-02-24 01:09 usr/lib64/gconv/CP10007.so
-rwxr-xr-x root/root     12495 2016-02-24 01:09 usr/lib64/gconv/IBM284.so
-rwxr-xr-x root/root     12495 2016-02-24 01:09 usr/lib64/gconv/IBM4971.so
-rwxr-xr-x root/root     12495 2016-02-24 01:09 usr/lib64/gconv/ISO_2033.so
-rwxr-xr-x root/root     12462 2016-02-24 01:09 usr/lib64/gconv/EBCDIC-AT-DE.so
-rwxr-xr-x root/root     12495 2016-02-24 01:09 usr/lib64/gconv/IBM866.so
-rwxr-xr-x root/root     12462 2016-02-24 01:09 usr/lib64/gconv/EBCDIC-US.so
-rwxr-xr-x root/root     12495 2016-02-24 01:09 usr/lib64/gconv/IBM922.so
-rwxr-xr-x root/root     12495 2016-02-24 01:09 usr/lib64/gconv/IBM1132.so
-rwxr-xr-x root/root     12495 2016-02-24 01:09 usr/lib64/gconv/IBM902.so
-rwxr-xr-x root/root    127563 2016-02-24 01:09 usr/lib64/gconv/IBM933.so
-rwxr-xr-x root/root     12495 2016-02-24 01:09 usr/lib64/gconv/PT154.so
-rwxr-xr-x root/root     12495 2016-02-24 01:09 usr/lib64/gconv/HP-THAI8.so
-rwxr-xr-x root/root     12603 2016-02-24 01:09 usr/lib64/gconv/UTF-32.so
-rwxr-xr-x root/root     12495 2016-02-24 01:09 usr/lib64/gconv/IBM1122.so
-rwxr-xr-x root/root     12495 2016-02-24 01:09 usr/lib64/gconv/HP-ROMAN9.so
-rwxr-xr-x root/root     12495 2016-02-24 01:09 usr/lib64/gconv/IBM1008.so
drwxr-xr-x root/root         0 2016-02-24 01:13 usr/libexec/
drwxr-xr-x root/root         0 2016-02-24 01:13 usr/lib/
drwxr-xr-x root/root         0 2016-02-24 01:09 usr/lib/gconv/
-rwxr-xr-x root/root     11323 2016-02-24 01:09 usr/lib/gconv/IBM1025.so
-rwxr-xr-x root/root     11323 2016-02-24 01:09 usr/lib/gconv/CP1254.so
-rwxr-xr-x root/root     11323 2016-02-24 01:09 usr/lib/gconv/IBM851.so
-rwxr-xr-x root/root     11323 2016-02-24 01:09 usr/lib/gconv/IBM1153.so
-rwxr-xr-x root/root     11323 2016-02-24 01:09 usr/lib/gconv/IBM1146.so
-rwxr-xr-x root/root     11323 2016-02-24 01:09 usr/lib/gconv/IBM1112.so
-rwxr-xr-x root/root     11323 2016-02-24 01:09 usr/lib/gconv/INIS.so
-rwxr-xr-x root/root     72950 2016-02-24 01:09 usr/lib/gconv/IBM932.so
-rwxr-xr-x root/root     11323 2016-02-24 01:09 usr/lib/gconv/IBM901.so
-rwxr-xr-x root/root     11323 2016-02-24 01:09 usr/lib/gconv/IBM281.so
-rwxr-xr-x root/root     11323 2016-02-24 01:09 usr/lib/gconv/IBM290.so
-rwxr-xr-x root/root     11323 2016-02-24 01:09 usr/lib/gconv/MAC-CENTRALEUROPE.so
-rwxr-xr-x root/root     11323 2016-02-24 01:09 usr/lib/gconv/IBM918.so
-rwxr-xr-x root/root     11298 2016-02-24 01:09 usr/lib/gconv/EBCDIC-PT.so
-rwxr-xr-x root/root    466614 2016-02-24 01:09 usr/lib/gconv/libCNS.so
-rwxr-xr-x root/root     11323 2016-02-24 01:09 usr/lib/gconv/ASMO_449.so
-rwxr-xr-x root/root     11323 2016-02-24 01:09 usr/lib/gconv/LATIN-GREEK.so
-rwxr-xr-x root/root     11323 2016-02-24 01:09 usr/lib/gconv/ISO-IR-209.so
-rwxr-xr-x root/root     15556 2016-02-24 01:09 usr/lib/gconv/ISO-2022-KR.so
-rwxr-xr-x root/root    113921 2016-02-24 01:09 usr/lib/gconv/IBM937.so
-rwxr-xr-x root/root     11323 2016-02-24 01:09 usr/lib/gconv/CP1257.so
-rwxr-xr-x root/root     11323 2016-02-24 01:09 usr/lib/gconv/IBM4899.so
-rwxr-xr-x root/root     15543 2016-02-24 01:09 usr/lib/gconv/EUC-KR.so
-rwxr-xr-x root/root     11323 2016-02-24 01:09 usr/lib/gconv/CP1256.so
-rwxr-xr-x root/root     11323 2016-02-24 01:09 usr/lib/gconv/CP773.so
-rwxr-xr-x root/root     47938 2016-02-24 01:09 usr/lib/gconv/libKSC.so
-rwxr-xr-x root/root     11323 2016-02-24 01:09 usr/lib/gconv/IBM860.so
-rwxr-xr-x root/root     11298 2016-02-24 01:09 usr/lib/gconv/ISO8859-9.so
-rwxr-xr-x root/root     11323 2016-02-24 01:09 usr/lib/gconv/ISO8859-8.so
-rwxr-xr-x root/root     15633 2016-02-24 01:09 usr/lib/gconv/EUC-JISX0213.so
-rwxr-xr-x root/root     11323 2016-02-24 01:09 usr/lib/gconv/CP1250.so
-rwxr-xr-x root/root     11323 2016-02-24 01:09 usr/lib/gconv/KOI8-U.so
-rwxr-xr-x root/root     11323 2016-02-24 01:09 usr/lib/gconv/ISO8859-5.so
-rwxr-xr-x root/root     11323 2016-02-24 01:09 usr/lib/gconv/IBM1144.so
-rwxr-xr-x root/root     11323 2016-02-24 01:09 usr/lib/gconv/IBM9066.so
-rwxr-xr-x root/root     11298 2016-02-24 01:09 usr/lib/gconv/EBCDIC-FI-SE-A.so
-rwxr-xr-x root/root     11323 2016-02-24 01:09 usr/lib/gconv/KOI8-R.so
-rwxr-xr-x root/root     11323 2016-02-24 01:09 usr/lib/gconv/EBCDIC-IS-FRISS.so
-rwxr-xr-x root/root     23704 2016-02-24 01:09 usr/lib/gconv/ISO646.so
-rwxr-xr-x root/root    126216 2016-02-24 01:09 usr/lib/gconv/IBM1371.so
-rwxr-xr-x root/root     19878 2016-02-24 01:09 usr/lib/gconv/JOHAB.so
-rwxr-xr-x root/root     11323 2016-02-24 01:09 usr/lib/gconv/IBM1163.so
-rwxr-xr-x root/root     11323 2016-02-24 01:09 usr/lib/gconv/IBM1004.so
-rwxr-xr-x root/root     11210 2016-02-24 01:09 usr/lib/gconv/ISO_11548-1.so
-rwxr-xr-x root/root     11323 2016-02-24 01:09 usr/lib/gconv/IBM869.so
-rwxr-xr-x root/root     11298 2016-02-24 01:09 usr/lib/gconv/EBCDIC-ES-S.so
-rwxr-xr-x root/root     11323 2016-02-24 01:09 usr/lib/gconv/ISIRI-3342.so
-rwxr-xr-x root/root     11323 2016-02-24 01:09 usr/lib/gconv/IBM1137.so
-rwxr-xr-x root/root     11323 2016-02-24 01:09 usr/lib/gconv/IBM1124.so
-rwxr-xr-x root/root     11323 2016-02-24 01:09 usr/lib/gconv/IBM861.so
-rwxr-xr-x root/root     11323 2016-02-24 01:09 usr/lib/gconv/GEORGIAN-PS.so
-rwxr-xr-x root/root     11323 2016-02-24 01:09 usr/lib/gconv/ECMA-CYRILLIC.so
-rwxr-xr-x root/root     11323 2016-02-24 01:09 usr/lib/gconv/IBM1026.so
-rwxr-xr-x root/root     11210 2016-02-24 01:09 usr/lib/gconv/ISO8859-1.so
-rwxr-xr-x root/root     11323 2016-02-24 01:09 usr/lib/gconv/ISO_5427-EXT.so
-rwxr-xr-x root/root     11298 2016-02-24 01:09 usr/lib/gconv/EBCDIC-AT-DE-A.so
-rwxr-xr-x root/root     11323 2016-02-24 01:09 usr/lib/gconv/CSN_369103.so
-rwxr-xr-x root/root     11323 2016-02-24 01:09 usr/lib/gconv/IBM880.so
-rwxr-xr-x root/root    121683 2016-02-24 01:09 usr/lib/gconv/libJISX0213.so
-rwxr-xr-x root/root     11323 2016-02-24 01:09 usr/lib/gconv/IBM1149.so
-rwxr-xr-x root/root     11323 2016-02-24 01:09 usr/lib/gconv/INIS-CYRILLIC.so
-rwxr-xr-x root/root     72950 2016-02-24 01:09 usr/lib/gconv/IBM943.so
-rwxr-xr-x root/root     15519 2016-02-24 01:09 usr/lib/gconv/CP1258.so
-rwxr-xr-x root/root     11223 2016-02-24 01:09 usr/lib/gconv/GBGBK.so
-rwxr-xr-x root/root     11323 2016-02-24 01:09 usr/lib/gconv/IBM424.so
-rwxr-xr-x root/root     23806 2016-02-24 01:09 usr/lib/gconv/ANSI_X3.110.so
-rwxr-xr-x root/root     11507 2016-02-24 01:09 usr/lib/gconv/CP737.so
-rwxr-xr-x root/root     11323 2016-02-24 01:09 usr/lib/gconv/IBM1145.so
-rwxr-xr-x root/root     11323 2016-02-24 01:09 usr/lib/gconv/CP774.so
-rwxr-xr-x root/root     11323 2016-02-24 01:09 usr/lib/gconv/CP1253.so
-rwxr-xr-x root/root     32964 2016-02-24 01:09 usr/lib/gconv/ISO-2022-CN.so
-rwxr-xr-x root/root     72956 2016-02-24 01:09 usr/lib/gconv/UHC.so
-rwxr-xr-x root/root     11323 2016-02-24 01:09 usr/lib/gconv/IBM1148.so
-rwxr-xr-x root/root     15769 2016-02-24 01:09 usr/lib/gconv/EUC-JP.so
-rwxr-xr-x root/root     60136 2016-02-24 01:09 usr/lib/gconv/libISOIR165.so
-rwxr-xr-x root/root     85317 2016-02-24 01:09 usr/lib/gconv/IBM935.so
-rwxr-xr-x root/root     56355 2016-02-24 01:09 usr/lib/gconv/GBBIG5.so
-rwxr-xr-x root/root     11323 2016-02-24 01:09 usr/lib/gconv/IBM1155.so
-rwxr-xr-x root/root     11323 2016-02-24 01:09 usr/lib/gconv/IBM862.so
-rwxr-xr-x root/root     11323 2016-02-24 01:09 usr/lib/gconv/INIS-8.so
-rwxr-xr-x root/root     11323 2016-02-24 01:09 usr/lib/gconv/IBM1161.so
-rwxr-xr-x root/root     11323 2016-02-24 01:09 usr/lib/gconv/IBM1156.so
-rwxr-xr-x root/root     97586 2016-02-24 01:09 usr/lib/gconv/CP932.so
-rwxr-xr-x root/root     23706 2016-02-24 01:09 usr/lib/gconv/ISO_6937-2.so
-rwxr-xr-x root/root     15550 2016-02-24 01:09 usr/lib/gconv/CP1255.so
-rwxr-xr-x root/root     11323 2016-02-24 01:09 usr/lib/gconv/IBM1166.so
-rwxr-xr-x root/root     11323 2016-02-24 01:09 usr/lib/gconv/IBM866NAV.so
-rwxr-xr-x root/root     11298 2016-02-24 01:09 usr/lib/gconv/ISO8859-3.so
-rwxr-xr-x root/root     11323 2016-02-24 01:09 usr/lib/gconv/IBM4909.so
-rwxr-xr-x root/root     11323 2016-02-24 01:09 usr/lib/gconv/IBM1130.so
-rwxr-xr-x root/root     89574 2016-02-24 01:09 usr/lib/gconv/BIG5.so
-rwxr-xr-x root/root     11323 2016-02-24 01:09 usr/lib/gconv/IBM1162.so
-rwxr-xr-x root/root     11298 2016-02-24 01:09 usr/lib/gconv/IBM891.so
-rwxr-xr-x root/root     11323 2016-02-24 01:09 usr/lib/gconv/IBM857.so
-rwxr-xr-x root/root     11323 2016-02-24 01:09 usr/lib/gconv/SAMI-WS2.so
-rwxr-xr-x root/root     15564 2016-02-24 01:09 usr/lib/gconv/TCVN5712-1.so
-rwxr-xr-x root/root     11298 2016-02-24 01:09 usr/lib/gconv/IBM423.so
-rwxr-xr-x root/root     11323 2016-02-24 01:09 usr/lib/gconv/ISO8859-11.so
-rwxr-xr-x root/root     11323 2016-02-24 01:09 usr/lib/gconv/MAC-UK.so
-rwxr-xr-x root/root     11298 2016-02-24 01:09 usr/lib/gconv/IBM903.so
-rwxr-xr-x root/root     11323 2016-02-24 01:09 usr/lib/gconv/MIK.so
-rwxr-xr-x root/root     11323 2016-02-24 01:09 usr/lib/gconv/CP1251.so
-rwxr-xr-x root/root     24619 2016-02-24 01:09 usr/lib/gconv/EUC-TW.so
-rwxr-xr-x root/root     11323 2016-02-24 01:09 usr/lib/gconv/ISO8859-9E.so
-rwxr-xr-x root/root     11323 2016-02-24 01:09 usr/lib/gconv/IBM1154.so
-rwxr-xr-x root/root     11323 2016-02-24 01:09 usr/lib/gconv/ISO_5428.so
-rwxr-xr-x root/root     11323 2016-02-24 01:09 usr/lib/gconv/IBM285.so
-rwxr-xr-x root/root     11323 2016-02-24 01:09 usr/lib/gconv/IBM273.so
-rwxr-xr-x root/root     11298 2016-02-24 01:09 usr/lib/gconv/IBM500.so
-rwxr-xr-x root/root     11323 2016-02-24 01:09 usr/lib/gconv/IBM855.so
-rwxr-xr-x root/root     11323 2016-02-24 01:09 usr/lib/gconv/IBM297.so
-rwxr-xr-x root/root     11323 2016-02-24 01:09 usr/lib/gconv/IBM874.so
-rwxr-xr-x root/root     11323 2016-02-24 01:09 usr/lib/gconv/ISO8859-7.so
-rwxr-xr-x root/root     11323 2016-02-24 01:09 usr/lib/gconv/CP1252.so
-rwxr-xr-x root/root     11323 2016-02-24 01:09 usr/lib/gconv/ISO8859-16.so
-rwxr-xr-x root/root     11323 2016-02-24 01:09 usr/lib/gconv/IBM856.so
-rwxr-xr-x root/root     11323 2016-02-24 01:09 usr/lib/gconv/GREEK-CCITT.so
-rwxr-xr-x root/root     11298 2016-02-24 01:09 usr/lib/gconv/EBCDIC-FI-SE.so
-rwxr-xr-x root/root     11323 2016-02-24 01:09 usr/lib/gconv/IBM1157.so
-rwxr-xr-x root/root     11298 2016-02-24 01:09 usr/lib/gconv/EBCDIC-FR.so
-rwxr-xr-x root/root     11323 2016-02-24 01:09 usr/lib/gconv/IBM5347.so
-rwxr-xr-x root/root     11298 2016-02-24 01:09 usr/lib/gconv/IBM275.so
-rwxr-xr-x root/root     11298 2016-02-24 01:09 usr/lib/gconv/IBM905.so
-rwxr-xr-x root/root     11323 2016-02-24 01:09 usr/lib/gconv/IBM9030.so
-rwxr-xr-x root/root     11323 2016-02-24 01:09 usr/lib/gconv/NATS-DANO.so
-rwxr-xr-x root/root     11323 2016-02-24 01:09 usr/lib/gconv/ISO_5427.so
-rwxr-xr-x root/root     11323 2016-02-24 01:09 usr/lib/gconv/ISO-IR-197.so
-rwxr-xr-x root/root     11323 2016-02-24 01:09 usr/lib/gconv/IBM1046.so
-rwxr-xr-x root/root     11323 2016-02-24 01:09 usr/lib/gconv/IBM420.so
-rwxr-xr-x root/root     11323 2016-02-24 01:09 usr/lib/gconv/DEC-MCS.so
-rwxr-xr-x root/root     11323 2016-02-24 01:09 usr/lib/gconv/IBM1143.so
-rwxr-xr-x root/root     11323 2016-02-24 01:09 usr/lib/gconv/KOI8-RU.so
-rwxr-xr-x root/root     11323 2016-02-24 01:09 usr/lib/gconv/CP770.so
-rwxr-xr-x root/root     11323 2016-02-24 01:09 usr/lib/gconv/IBM864.so
-rwxr-xr-x root/root     11298 2016-02-24 01:09 usr/lib/gconv/IBM870.so
-rwxr-xr-x root/root     11323 2016-02-24 01:09 usr/lib/gconv/CP771.so
-rwxr-xr-x root/root     11323 2016-02-24 01:09 usr/lib/gconv/EBCDIC-UK.so
-rwxr-xr-x root/root     23706 2016-02-24 01:09 usr/lib/gconv/T.61.so
-rwxr-xr-x root/root     11298 2016-02-24 01:09 usr/lib/gconv/EBCDIC-DK-NO-A.so
-rwxr-xr-x root/root     11323 2016-02-24 01:09 usr/lib/gconv/MACINTOSH.so
-rwxr-xr-x root/root    101371 2016-02-24 01:09 usr/lib/gconv/libJIS.so
-rwxr-xr-x root/root     11298 2016-02-24 01:09 usr/lib/gconv/EBCDIC-IT.so
-rwxr-xr-x root/root     11323 2016-02-24 01:09 usr/lib/gconv/IBM12712.so
-rwxr-xr-x root/root     11323 2016-02-24 01:09 usr/lib/gconv/IBM1147.so
-rwxr-xr-x root/root     11298 2016-02-24 01:09 usr/lib/gconv/IBM037.so
-rwxr-xr-x root/root    232802 2016-02-24 01:09 usr/lib/gconv/IBM1399.so
-rwxr-xr-x root/root     19876 2016-02-24 01:09 usr/lib/gconv/EUC-CN.so
-rwxr-xr-x root/root     11323 2016-02-24 01:09 usr/lib/gconv/HP-GREEK8.so
-rwxr-xr-x root/root     11278 2016-02-24 01:09 usr/lib/gconv/ARMSCII-8.so
-rwxr-xr-x root/root     11323 2016-02-24 01:09 usr/lib/gconv/IBM437.so
-rwxr-xr-x root/root     11323 2016-02-24 01:09 usr/lib/gconv/IBM1160.so
-rwxr-xr-x root/root     23750 2016-02-24 01:09 usr/lib/gconv/TSCII.so
-rwxr-xr-x root/root    101701 2016-02-24 01:09 usr/lib/gconv/IBM939.so
-rwxr-xr-x root/root     41335 2016-02-24 01:09 usr/lib/gconv/ISO-2022-JP.so
-rwxr-xr-x root/root     11323 2016-02-24 01:09 usr/lib/gconv/GEORGIAN-ACADEMY.so
-rwxr-xr-x root/root      7127 2016-02-24 01:09 usr/lib/gconv/IBM1008_420.so
-rwxr-xr-x root/root     11323 2016-02-24 01:09 usr/lib/gconv/GOST_19768-74.so
-rwxr-xr-x root/root     11323 2016-02-24 01:09 usr/lib/gconv/HP-ROMAN8.so
-rwxr-xr-x root/root     11531 2016-02-24 01:09 usr/lib/gconv/CP775.so
-rwxr-xr-x root/root     11323 2016-02-24 01:09 usr/lib/gconv/GREEK7.so
-rwxr-xr-x root/root     11323 2016-02-24 01:09 usr/lib/gconv/UNICODE.so
-rwxr-xr-x root/root     11323 2016-02-24 01:09 usr/lib/gconv/LATIN-GREEK-1.so
-rwxr-xr-x root/root     11323 2016-02-24 01:09 usr/lib/gconv/IBM921.so
-rwxr-xr-x root/root     11323 2016-02-24 01:09 usr/lib/gconv/IBM1129.so
-rwxr-xr-x root/root     11298 2016-02-24 01:09 usr/lib/gconv/IBM038.so
-rwxr-xr-x root/root    232802 2016-02-24 01:09 usr/lib/gconv/IBM1390.so
-rwxr-xr-x root/root     28126 2016-02-24 01:09 usr/lib/gconv/ISO-2022-JP-3.so
-rwxr-xr-x root/root     11323 2016-02-24 01:09 usr/lib/gconv/RK1048.so
-rwxr-xr-x root/root     23695 2016-02-24 01:09 usr/lib/gconv/UTF-7.so
-rwxr-xr-x root/root     11323 2016-02-24 01:09 usr/lib/gconv/MAC-IS.so
-rwxr-xr-x root/root    101701 2016-02-24 01:09 usr/lib/gconv/IBM930.so
-rwxr-xr-x root/root     11323 2016-02-24 01:09 usr/lib/gconv/VISCII.so
-rwxr-xr-x root/root     11323 2016-02-24 01:09 usr/lib/gconv/IBM9448.so
-rwxr-xr-x root/root     11323 2016-02-24 01:09 usr/lib/gconv/IBM865.so
-rwxr-xr-x root/root     11298 2016-02-24 01:09 usr/lib/gconv/EBCDIC-DK-NO.so
-rwxr-xr-x root/root     89429 2016-02-24 01:09 usr/lib/gconv/EUC-JP-MS.so
-rwxr-xr-x root/root     11323 2016-02-24 01:09 usr/lib/gconv/IBM850.so
-rwxr-xr-x root/root    150792 2016-02-24 01:09 usr/lib/gconv/IBM1364.so
-rwxr-xr-x root/root     15394 2016-02-24 01:09 usr/lib/gconv/ISO8859-6.so
-rwxr-xr-x root/root     11323 2016-02-24 01:09 usr/lib/gconv/ISO8859-15.so
-rwxr-xr-x root/root     11323 2016-02-24 01:09 usr/lib/gconv/CP1125.so
-rwxr-xr-x root/root     11323 2016-02-24 01:09 usr/lib/gconv/IBM1167.so
-rwxr-xr-x root/root    175368 2016-02-24 01:09 usr/lib/gconv/IBM1388.so
-rwxr-xr-x root/root     11323 2016-02-24 01:09 usr/lib/gconv/IEC_P27-1.so
-rwxr-xr-x root/root     11323 2016-02-24 01:09 usr/lib/gconv/NATS-SEFI.so
-rwxr-xr-x root/root     11323 2016-02-24 01:09 usr/lib/gconv/IBM852.so
-rwxr-xr-x root/root     11323 2016-02-24 01:09 usr/lib/gconv/ISO8859-13.so
-rwxr-xr-x root/root     11298 2016-02-24 01:09 usr/lib/gconv/IBM904.so
-rwxr-xr-x root/root     11323 2016-02-24 01:09 usr/lib/gconv/BRF.so
-rwxr-xr-x root/root     11323 2016-02-24 01:09 usr/lib/gconv/EBCDIC-ES.so
-rwxr-xr-x root/root     23706 2016-02-24 01:09 usr/lib/gconv/ISO_6937.so
-rwxr-xr-x root/root     68614 2016-02-24 01:09 usr/lib/gconv/libGB.so
-rwxr-xr-x root/root     11323 2016-02-24 01:09 usr/lib/gconv/ISO8859-14.so
-rwxr-xr-x root/root    114090 2016-02-24 01:09 usr/lib/gconv/GBK.so
-rwxr-xr-x root/root     11323 2016-02-24 01:09 usr/lib/gconv/IBM1140.so
-rwxr-xr-x root/root     11298 2016-02-24 01:09 usr/lib/gconv/IBM1047.so
-rwxr-xr-x root/root     11323 2016-02-24 01:09 usr/lib/gconv/IBM875.so
-rwxr-xr-x root/root     11298 2016-02-24 01:09 usr/lib/gconv/EBCDIC-CA-FR.so
-rwxr-xr-x root/root     11298 2016-02-24 01:09 usr/lib/gconv/ISO8859-2.so
-rwxr-xr-x root/root     11323 2016-02-24 01:09 usr/lib/gconv/IBM1142.so
-rwxr-xr-x root/root     11323 2016-02-24 01:09 usr/lib/gconv/EBCDIC-ES-A.so
-rwxr-xr-x root/root     11323 2016-02-24 01:09 usr/lib/gconv/IBM4517.so
-rwxr-xr-x root/root     11323 2016-02-24 01:09 usr/lib/gconv/IBM863.so
-rwxr-xr-x root/root     11323 2016-02-24 01:09 usr/lib/gconv/HP-TURKISH8.so
-rwxr-xr-x root/root     11323 2016-02-24 01:09 usr/lib/gconv/KOI8-T.so
-rwxr-xr-x root/root     11323 2016-02-24 01:09 usr/lib/gconv/IBM803.so
-rwxr-xr-x root/root     11298 2016-02-24 01:09 usr/lib/gconv/IBM274.so
-rwxr-xr-x root/root     11323 2016-02-24 01:09 usr/lib/gconv/IBM278.so
-rwxr-xr-x root/root     11298 2016-02-24 01:09 usr/lib/gconv/IBM871.so
-rwxr-xr-x root/root     11323 2016-02-24 01:09 usr/lib/gconv/TIS-620.so
-rwxr-xr-x root/root     11323 2016-02-24 01:09 usr/lib/gconv/ISO8859-10.so
-rwxr-xr-x root/root     11323 2016-02-24 01:09 usr/lib/gconv/IBM1158.so
-rwxr-xr-x root/root     11298 2016-02-24 01:09 usr/lib/gconv/ISO8859-4.so
-rwxr-xr-x root/root     11323 2016-02-24 01:09 usr/lib/gconv/IBM277.so
-rwxr-xr-x root/root     11323 2016-02-24 01:09 usr/lib/gconv/IBM256.so
-rwxr-xr-x root/root     11323 2016-02-24 01:09 usr/lib/gconv/IBM1097.so
-rwxr-xr-x root/root     11323 2016-02-24 01:09 usr/lib/gconv/GREEK7-OLD.so
-rwxr-xr-x root/root     11323 2016-02-24 01:09 usr/lib/gconv/IBM1164.so
-rw-r--r-- root/root     56302 2016-02-24 00:22 usr/lib/gconv/gconv-modules
-rwxr-xr-x root/root     11323 2016-02-24 01:09 usr/lib/gconv/IBM280.so
-rwxr-xr-x root/root    179330 2016-02-24 01:09 usr/lib/gconv/GB18030.so
-rwxr-xr-x root/root     11323 2016-02-24 01:09 usr/lib/gconv/IBM1141.so
-rwxr-xr-x root/root     15463 2016-02-24 01:09 usr/lib/gconv/UTF-16.so
-rwxr-xr-x root/root     11323 2016-02-24 01:09 usr/lib/gconv/IBM1133.so
-rwxr-xr-x root/root     11323 2016-02-24 01:09 usr/lib/gconv/MAC-SAMI.so
-rwxr-xr-x root/root     11323 2016-02-24 01:09 usr/lib/gconv/IBM868.so
-rwxr-xr-x root/root     45687 2016-02-24 01:09 usr/lib/gconv/ISO-2022-CN-EXT.so
-rwxr-xr-x root/root     11323 2016-02-24 01:09 usr/lib/gconv/ISO_10367-BOX.so
-rwxr-xr-x root/root     11298 2016-02-24 01:09 usr/lib/gconv/KOI-8.so
-rwxr-xr-x root/root     11323 2016-02-24 01:09 usr/lib/gconv/IBM16804.so
-rwxr-xr-x root/root     15633 2016-02-24 01:09 usr/lib/gconv/SHIFT_JISX0213.so
-rwxr-xr-x root/root    228428 2016-02-24 01:09 usr/lib/gconv/BIG5HKSCS.so
-rwxr-xr-x root/root     11323 2016-02-24 01:09 usr/lib/gconv/CP772.so
-rwxr-xr-x root/root     97500 2016-02-24 01:09 usr/lib/gconv/SJIS.so
-rwxr-xr-x root/root     11323 2016-02-24 01:09 usr/lib/gconv/CWI.so
-rwxr-xr-x root/root     11323 2016-02-24 01:09 usr/lib/gconv/IBM1123.so
-rwxr-xr-x root/root     11323 2016-02-24 01:09 usr/lib/gconv/CP10007.so
-rwxr-xr-x root/root     11323 2016-02-24 01:09 usr/lib/gconv/IBM284.so
-rwxr-xr-x root/root     11323 2016-02-24 01:09 usr/lib/gconv/IBM4971.so
-rwxr-xr-x root/root     11323 2016-02-24 01:09 usr/lib/gconv/ISO_2033.so
-rwxr-xr-x root/root     11298 2016-02-24 01:09 usr/lib/gconv/EBCDIC-AT-DE.so
-rwxr-xr-x root/root     11323 2016-02-24 01:09 usr/lib/gconv/IBM866.so
-rwxr-xr-x root/root     11298 2016-02-24 01:09 usr/lib/gconv/EBCDIC-US.so
-rwxr-xr-x root/root     11323 2016-02-24 01:09 usr/lib/gconv/IBM922.so
-rwxr-xr-x root/root     11323 2016-02-24 01:09 usr/lib/gconv/IBM1132.so
-rwxr-xr-x root/root     11323 2016-02-24 01:09 usr/lib/gconv/IBM902.so
-rwxr-xr-x root/root    122181 2016-02-24 01:09 usr/lib/gconv/IBM933.so
-rwxr-xr-x root/root     11323 2016-02-24 01:09 usr/lib/gconv/PT154.so
-rwxr-xr-x root/root     11323 2016-02-24 01:09 usr/lib/gconv/HP-THAI8.so
-rwxr-xr-x root/root     11367 2016-02-24 01:09 usr/lib/gconv/UTF-32.so
-rwxr-xr-x root/root     11323 2016-02-24 01:09 usr/lib/gconv/IBM1122.so
-rwxr-xr-x root/root     11323 2016-02-24 01:09 usr/lib/gconv/HP-ROMAN9.so
-rwxr-xr-x root/root     11323 2016-02-24 01:09 usr/lib/gconv/IBM1008.so
drwxr-xr-x root/root         0 2016-02-24 01:13 lib64/
drwxr-xr-x root/root         0 2016-02-24 01:13 lib64/incoming/
-rwxr-xr-x root/root     19291 2016-02-24 01:09 lib64/incoming/libanl-2.17.so
-rwxr-xr-x root/root     27146 2016-02-24 01:09 lib64/incoming/libnss_dns-2.17.so
-rwxr-xr-x root/root     46069 2016-02-24 01:09 lib64/incoming/libnss_compat-2.17.so
-rwxr-xr-x root/root     14149 2016-02-24 01:09 lib64/incoming/libutil-2.17.so
-rwxr-xr-x root/root     27781 2016-02-24 01:09 lib64/incoming/libnss_hesiod-2.17.so
-rwxr-xr-x root/root    110237 2016-02-24 01:09 lib64/incoming/libresolv-2.17.so
-rwxr-xr-x root/root     18988 2016-02-24 01:09 lib64/incoming/libdl-2.17.so
-rwxr-xr-x root/root     61626 2016-02-24 01:09 lib64/incoming/libnss_files-2.17.so
-rwxr-xr-x root/root     23135 2016-02-24 01:09 lib64/incoming/libmemusage.so
-rwxr-xr-x root/root   1125896 2016-02-24 01:09 lib64/incoming/libm-2.17.so
-rwxr-xr-x root/root   2102965 2016-02-24 01:09 lib64/incoming/libc-2.17.so
-rwxr-xr-x root/root    115871 2016-02-24 01:09 lib64/incoming/libnsl-2.17.so
-rwxr-xr-x root/root     56124 2016-02-24 01:09 lib64/incoming/libnss_nis-2.17.so
-rwxr-xr-x root/root     40645 2016-02-24 01:09 lib64/incoming/libthread_db-1.0.so
-rwxr-xr-x root/root     42592 2016-02-24 01:09 lib64/incoming/librt-2.17.so
-rwxr-xr-x root/root    200731 2016-02-24 01:09 lib64/incoming/libcidn-2.17.so
-rwxr-xr-x root/root     65031 2016-02-24 01:09 lib64/incoming/libnss_nisplus-2.17.so
-rwxr-xr-x root/root     37445 2016-02-24 01:09 lib64/incoming/libnss_db-2.17.so
-rwxr-xr-x root/root      8266 2016-02-24 01:09 lib64/incoming/libBrokenLocale-2.17.so
-rwxr-xr-x root/root      8588 2016-02-24 01:09 lib64/incoming/libpcprofile.so
-rwxr-xr-x root/root     48928 2016-02-24 01:09 lib64/incoming/libcrypt-2.17.so
-rwxr-xr-x root/root    134893 2016-02-24 01:09 lib64/incoming/libpthread-2.17.so
-rwxr-xr-x root/root    171470 2016-02-24 01:09 lib64/incoming/ld-2.17.so
-rwxr-xr-x root/root     21752 2016-02-24 01:09 lib64/libSegFault.so
drwxr-xr-x root/root         0 2016-02-24 01:13 etc/
drwxr-xr-x root/root         0 2016-02-24 01:13 etc/profile.d/
-rwxr-xr-x root/root       328 2011-03-27 23:19 etc/profile.d/glibc.csh.new
-rwxr-xr-x root/root       325 2006-09-14 10:26 etc/profile.d/glibc.sh.new
drwxr-xr-x root/root         0 2016-02-24 01:13 lib/
-rwxr-xr-x root/root     17493 2016-02-24 01:09 lib/libanl-2.17.so
-rwxr-xr-x root/root     25419 2016-02-24 01:09 lib/libnss_dns-2.17.so
-rwxr-xr-x root/root     39608 2016-02-24 01:09 lib/libnss_compat-2.17.so
-rwxr-xr-x root/root     12485 2016-02-24 01:09 lib/libutil-2.17.so
-rwxr-xr-x root/root     21818 2016-02-24 01:09 lib/libnss_hesiod-2.17.so
-rwxr-xr-x root/root    102622 2016-02-24 01:09 lib/libresolv-2.17.so
-rwxr-xr-x root/root     17344 2016-02-24 01:09 lib/libdl-2.17.so
-rwxr-xr-x root/root     54519 2016-02-24 01:09 lib/libnss_files-2.17.so
-rwxr-xr-x root/root     21330 2016-02-24 01:09 lib/libmemusage.so
-rwxr-xr-x root/root     20268 2016-02-24 01:09 lib/libSegFault.so
-rwxr-xr-x root/root    296237 2016-02-24 01:09 lib/libm-2.17.so
-rwxr-xr-x root/root   1811214 2016-02-24 01:09 lib/libc-2.17.so
-rwxr-xr-x root/root    110953 2016-02-24 01:09 lib/libnsl-2.17.so
-rwxr-xr-x root/root     49301 2016-02-24 01:09 lib/libnss_nis-2.17.so
-rwxr-xr-x root/root     38597 2016-02-24 01:09 lib/libthread_db-1.0.so
-rwxr-xr-x root/root     38828 2016-02-24 01:09 lib/librt-2.17.so
-rwxr-xr-x root/root    194678 2016-02-24 01:09 lib/libcidn-2.17.so
-rwxr-xr-x root/root     62252 2016-02-24 01:09 lib/libnss_nisplus-2.17.so
-rwxr-xr-x root/root     31128 2016-02-24 01:09 lib/libnss_db-2.17.so
-rwxr-xr-x root/root      7076 2016-02-24 01:09 lib/libBrokenLocale-2.17.so
-rwxr-xr-x root/root      7318 2016-02-24 01:09 lib/libpcprofile.so
-rwxr-xr-x root/root     46929 2016-02-24 01:09 lib/libcrypt-2.17.so
-rwxr-xr-x root/root    123890 2016-02-24 01:09 lib/libpthread-2.17.so
-rwxr-xr-x root/root    151795 2016-02-24 01:09 lib/ld-2.17.so


