++========================================
||
||   Package:  ./slackware64-compat32/x-compat32/fontconfig-compat32-2.10.93-x86_64-1compat32.txz
||
++========================================
drwxr-xr-x root/root         0 2013-06-11 10:17 ./
drwxr-xr-x root/root         0 2013-06-11 10:17 usr/
drwxr-xr-x root/root         0 2013-06-11 10:17 usr/bin/
drwxr-xr-x root/root         0 2013-06-11 10:17 usr/bin/32/
-rwxr-xr-x root/root      8596 2013-05-24 06:13 usr/bin/32/fc-cat
-rwxr-xr-x root/root      5896 2013-05-24 06:13 usr/bin/32/fc-query
-rwxr-xr-x root/root      7584 2013-05-24 06:13 usr/bin/32/fc-match
-rwxr-xr-x root/root      7448 2013-05-24 06:13 usr/bin/32/fc-validate
-rwxr-xr-x root/root      6676 2013-05-24 06:13 usr/bin/32/fc-list
-rwxr-xr-x root/root      6516 2013-05-24 06:13 usr/bin/32/fc-pattern
-rwxr-xr-x root/root     10288 2013-05-24 06:13 usr/bin/32/fc-cache
-rwxr-xr-x root/root      6196 2013-05-24 06:13 usr/bin/32/fc-scan
drwxr-xr-x root/root         0 2013-05-24 06:13 usr/doc/
drwxr-xr-x root/root         0 2013-06-11 10:17 usr/doc/fontconfig-2.10.93/
-rw-r--r-- root/root      1313 2013-01-04 02:47 usr/doc/fontconfig-2.10.93/COPYING
-rw-r--r-- root/root        62 2012-02-20 04:49 usr/doc/fontconfig-2.10.93/AUTHORS
drwxr-xr-x root/root         0 2013-05-24 06:13 usr/lib/
-rwxr-xr-x root/root      1002 2013-05-24 06:13 usr/lib/libfontconfig.la
drwxr-xr-x root/root         0 2013-05-24 06:13 usr/lib/pkgconfig/
-rw-r--r-- root/root       382 2013-05-24 06:13 usr/lib/pkgconfig/fontconfig.pc
-rwxr-xr-x root/root    233812 2013-05-24 06:13 usr/lib/libfontconfig.so.1.7.0
drwxr-xr-x root/root         0 2013-06-11 10:17 install/
-rw-r--r-- root/root       214 2013-06-11 10:17 install/doinst.sh
-rw-r--r-- root/root       979 2013-06-11 10:17 install/slack-desc
drwxr-xr-x root/root         0 2013-05-24 06:13 var/
drwxr-xr-x root/root         0 2013-05-24 06:13 var/log/
drwxr-xr-x root/root         0 2013-05-24 06:13 var/log/setup/
-rwxr-xr-x root/root       657 2013-05-24 06:13 var/log/setup/setup.05.fontconfig
drwxr-xr-x root/root         0 2013-05-24 06:13 var/cache/
drwxr-xr-x root/root         0 2013-05-24 06:13 var/cache/fontconfig/


