++========================================
||
||   Package:  ./slackware64-compat32/x-compat32/libdrm-compat32-2.4.46-x86_64-1compat32.txz
||
++========================================
drwxr-xr-x root/root         0 2013-08-03 04:55 ./
drwxr-xr-x root/root         0 2013-08-06 14:16 usr/
drwxr-xr-x root/root         0 2013-08-03 04:55 usr/lib/
-rwxr-xr-x root/root       915 2013-08-03 04:55 usr/lib/libkms.la
-rwxr-xr-x root/root       963 2013-08-03 04:55 usr/lib/libdrm_nouveau.la
-rwxr-xr-x root/root       957 2013-08-03 04:55 usr/lib/libdrm_radeon.la
-rwxr-xr-x root/root     23592 2013-08-03 04:55 usr/lib/libdrm_nouveau.so.2.0.0
drwxr-xr-x root/root         0 2013-08-03 04:55 usr/lib/pkgconfig/
-rw-r--r-- root/root       261 2013-08-03 04:55 usr/lib/pkgconfig/libdrm_radeon.pc
-rw-r--r-- root/root       294 2013-08-03 04:55 usr/lib/pkgconfig/libdrm_omap.pc
-rw-r--r-- root/root       236 2013-08-03 04:55 usr/lib/pkgconfig/libdrm.pc
-rw-r--r-- root/root       250 2013-08-03 04:55 usr/lib/pkgconfig/libkms.pc
-rw-r--r-- root/root       285 2013-08-03 04:55 usr/lib/pkgconfig/libdrm_nouveau.pc
-rw-r--r-- root/root       259 2013-08-03 04:55 usr/lib/pkgconfig/libdrm_intel.pc
-rw-r--r-- root/root       302 2013-08-03 04:55 usr/lib/pkgconfig/libdrm_exynos.pc
-rwxr-xr-x root/root    130144 2013-08-03 04:55 usr/lib/libdrm_intel.so.1.0.0
-rwxr-xr-x root/root       957 2013-08-03 04:55 usr/lib/libdrm_exynos.la
-rwxr-xr-x root/root     12252 2013-08-03 04:55 usr/lib/libdrm_exynos.so.1.0.0
-rwxr-xr-x root/root     48060 2013-08-03 04:55 usr/lib/libdrm_radeon.so.1.0.1
-rwxr-xr-x root/root     13096 2013-08-03 04:55 usr/lib/libkms.so.1.0.0
-rwxr-xr-x root/root      8444 2013-08-03 04:55 usr/lib/libdrm_omap.so.1.0.0
-rwxr-xr-x root/root       896 2013-08-03 04:55 usr/lib/libdrm.la
-rwxr-xr-x root/root     46784 2013-08-03 04:55 usr/lib/libdrm.so.2.4.0
-rwxr-xr-x root/root       976 2013-08-03 04:55 usr/lib/libdrm_intel.la
-rwxr-xr-x root/root       945 2013-08-03 04:55 usr/lib/libdrm_omap.la
drwxr-xr-x root/root         0 2013-08-06 14:16 install/
-rw-r--r-- root/root      1402 2013-08-06 14:16 install/doinst.sh
-rw-r--r-- root/root       887 2013-08-06 14:16 install/slack-desc


