++========================================
||
||   Package:  ./gcc-g++-4.8.2_multilib-x86_64-1alien.txz
||
++========================================
drwxr-xr-x root/root         0 2013-10-21 11:33 ./
drwxr-xr-x root/root         0 2013-10-21 11:30 usr/
drwxr-xr-x root/root         0 2013-10-21 11:33 usr/bin/
-rwxr-xr-x root/root    763960 2013-10-21 11:31 usr/bin/g++-gcc-4.8.2
drwxr-xr-x root/root         0 2013-10-21 11:30 usr/include/
drwxr-xr-x root/root         0 2013-10-21 11:27 usr/include/c++/
drwxr-xr-x root/root         0 2013-10-21 11:30 usr/include/c++/4.8.2/
-rw-r--r-- root/root      9495 2013-10-21 11:28 usr/include/c++/4.8.2/array
-rw-r--r-- root/root      1949 2013-10-21 11:28 usr/include/c++/4.8.2/csetjmp
-rw-r--r-- root/root      1844 2013-10-21 11:28 usr/include/c++/4.8.2/cstdarg
-rw-r--r-- root/root      4718 2013-10-21 11:28 usr/include/c++/4.8.2/stdexcept
drwxr-xr-x root/root         0 2013-10-21 11:28 usr/include/c++/4.8.2/parallel/
-rw-r--r-- root/root      2831 2013-10-21 11:28 usr/include/c++/4.8.2/parallel/compiletime_settings.h
-rw-r--r-- root/root      6126 2013-10-21 11:28 usr/include/c++/4.8.2/parallel/quicksort.h
-rw-r--r-- root/root     32206 2013-10-21 11:28 usr/include/c++/4.8.2/parallel/algorithmfwd.h
-rw-r--r-- root/root     14590 2013-10-21 11:28 usr/include/c++/4.8.2/parallel/set_operations.h
-rw-r--r-- root/root      9569 2013-10-21 11:28 usr/include/c++/4.8.2/parallel/merge.h
-rw-r--r-- root/root      4031 2013-10-21 11:28 usr/include/c++/4.8.2/parallel/omp_loop.h
-rw-r--r-- root/root     14934 2013-10-21 11:28 usr/include/c++/4.8.2/parallel/partition.h
-rw-r--r-- root/root      1576 2013-10-21 11:28 usr/include/c++/4.8.2/parallel/parallel.h
-rw-r--r-- root/root     12458 2013-10-21 11:28 usr/include/c++/4.8.2/parallel/settings.h
-rw-r--r-- root/root      1586 2013-10-21 11:28 usr/include/c++/4.8.2/parallel/basic_iterator.h
-rw-r--r-- root/root     97954 2013-10-21 11:28 usr/include/c++/4.8.2/parallel/algo.h
-rw-r--r-- root/root      9612 2013-10-21 11:28 usr/include/c++/4.8.2/parallel/workstealing.h
-rw-r--r-- root/root      5391 2013-10-21 11:28 usr/include/c++/4.8.2/parallel/search.h
-rw-r--r-- root/root      5533 2013-10-21 11:28 usr/include/c++/4.8.2/parallel/queue.h
-rw-r--r-- root/root      7474 2013-10-21 11:28 usr/include/c++/4.8.2/parallel/partial_sum.h
-rw-r--r-- root/root      3356 2013-10-21 11:28 usr/include/c++/4.8.2/parallel/equally_split.h
-rw-r--r-- root/root     13591 2013-10-21 11:28 usr/include/c++/4.8.2/parallel/find.h
-rw-r--r-- root/root     16778 2013-10-21 11:28 usr/include/c++/4.8.2/parallel/balanced_quicksort.h
-rw-r--r-- root/root      6992 2013-10-21 11:28 usr/include/c++/4.8.2/parallel/find_selectors.h
-rw-r--r-- root/root     70427 2013-10-21 11:28 usr/include/c++/4.8.2/parallel/multiway_merge.h
-rw-r--r-- root/root      3543 2013-10-21 11:28 usr/include/c++/4.8.2/parallel/features.h
-rw-r--r-- root/root      5982 2013-10-21 11:28 usr/include/c++/4.8.2/parallel/tags.h
-rw-r--r-- root/root      7500 2013-10-21 11:28 usr/include/c++/4.8.2/parallel/numericfwd.h
-rw-r--r-- root/root     12243 2013-10-21 11:28 usr/include/c++/4.8.2/parallel/base.h
-rw-r--r-- root/root      7700 2013-10-21 11:28 usr/include/c++/4.8.2/parallel/sort.h
-rw-r--r-- root/root     22075 2013-10-21 11:28 usr/include/c++/4.8.2/parallel/multiseq_selection.h
-rw-r--r-- root/root      5678 2013-10-21 11:28 usr/include/c++/4.8.2/parallel/iterator.h
-rw-r--r-- root/root     18675 2013-10-21 11:28 usr/include/c++/4.8.2/parallel/random_shuffle.h
-rw-r--r-- root/root      6165 2013-10-21 11:28 usr/include/c++/4.8.2/parallel/unique_copy.h
-rw-r--r-- root/root      3947 2013-10-21 11:28 usr/include/c++/4.8.2/parallel/for_each.h
-rw-r--r-- root/root     10565 2013-10-21 11:28 usr/include/c++/4.8.2/parallel/for_each_selectors.h
-rw-r--r-- root/root      3716 2013-10-21 11:28 usr/include/c++/4.8.2/parallel/types.h
-rw-r--r-- root/root     28448 2013-10-21 11:28 usr/include/c++/4.8.2/parallel/losertree.h
-rw-r--r-- root/root      4227 2013-10-21 11:28 usr/include/c++/4.8.2/parallel/random_number.h
-rw-r--r-- root/root      3790 2013-10-21 11:28 usr/include/c++/4.8.2/parallel/compatibility.h
-rw-r--r-- root/root     11699 2013-10-21 11:28 usr/include/c++/4.8.2/parallel/algobase.h
-rw-r--r-- root/root      6538 2013-10-21 11:28 usr/include/c++/4.8.2/parallel/list_partition.h
-rw-r--r-- root/root      4104 2013-10-21 11:28 usr/include/c++/4.8.2/parallel/omp_loop_static.h
-rw-r--r-- root/root      1381 2013-10-21 11:28 usr/include/c++/4.8.2/parallel/algorithm
-rw-r--r-- root/root      2300 2013-10-21 11:28 usr/include/c++/4.8.2/parallel/checkers.h
-rw-r--r-- root/root     15271 2013-10-21 11:28 usr/include/c++/4.8.2/parallel/multiway_mergesort.h
-rw-r--r-- root/root      4552 2013-10-21 11:28 usr/include/c++/4.8.2/parallel/par_loop.h
-rw-r--r-- root/root     20864 2013-10-21 11:28 usr/include/c++/4.8.2/parallel/numeric
-rw-r--r-- root/root      4262 2013-10-21 11:28 usr/include/c++/4.8.2/cstdio
-rw-r--r-- root/root      2167 2013-10-21 11:28 usr/include/c++/4.8.2/cstdint
-rw-r--r-- root/root      2594 2013-10-21 11:28 usr/include/c++/4.8.2/list
-rw-r--r-- root/root      2051 2013-10-21 11:28 usr/include/c++/4.8.2/cfenv
-rw-r--r-- root/root     34101 2013-10-21 11:28 usr/include/c++/4.8.2/atomic
-rw-r--r-- root/root      1603 2013-10-21 11:28 usr/include/c++/4.8.2/cstddef
-rw-r--r-- root/root      1401 2013-10-21 11:28 usr/include/c++/4.8.2/cstdbool
-rw-r--r-- root/root      2793 2013-10-21 11:28 usr/include/c++/4.8.2/cwctype
-rw-r--r-- root/root     45616 2013-10-21 11:28 usr/include/c++/4.8.2/bitset
-rw-r--r-- root/root      1422 2013-10-21 11:28 usr/include/c++/4.8.2/locale
-rw-r--r-- root/root      2874 2013-10-21 11:28 usr/include/c++/4.8.2/memory
-rw-r--r-- root/root      2725 2013-10-21 11:28 usr/include/c++/4.8.2/vector
-rw-r--r-- root/root     20042 2013-10-21 11:28 usr/include/c++/4.8.2/sstream
-rw-r--r-- root/root      7992 2013-10-21 11:28 usr/include/c++/4.8.2/condition_variable
-rw-r--r-- root/root      2409 2013-10-21 11:28 usr/include/c++/4.8.2/cctype
-rw-r--r-- root/root      1742 2013-10-21 11:28 usr/include/c++/4.8.2/cerrno
-rw-r--r-- root/root      2689 2013-10-21 11:28 usr/include/c++/4.8.2/iostream
-rw-r--r-- root/root      1862 2013-10-21 11:28 usr/include/c++/4.8.2/regex
drwxr-xr-x root/root         0 2013-10-21 11:28 usr/include/c++/4.8.2/ext/
-rw-r--r-- root/root     29603 2013-10-21 11:28 usr/include/c++/4.8.2/ext/slist
-rw-r--r-- root/root      5095 2013-10-21 11:28 usr/include/c++/4.8.2/ext/array_allocator.h
-rw-r--r-- root/root     16314 2013-10-21 11:28 usr/include/c++/4.8.2/ext/sso_string_base.h
-rw-r--r-- root/root      5777 2013-10-21 11:28 usr/include/c++/4.8.2/ext/type_traits.h
-rw-r--r-- root/root      5232 2013-10-21 11:28 usr/include/c++/4.8.2/ext/pod_char_traits.h
-rw-r--r-- root/root     17775 2013-10-21 11:28 usr/include/c++/4.8.2/ext/hash_map
-rw-r--r-- root/root      7156 2013-10-21 11:28 usr/include/c++/4.8.2/ext/memory
-rw-r--r-- root/root      8423 2013-10-21 11:28 usr/include/c++/4.8.2/ext/pool_allocator.h
-rw-r--r-- root/root     16835 2013-10-21 11:28 usr/include/c++/4.8.2/ext/typelist.h
-rw-r--r-- root/root      3211 2013-10-21 11:28 usr/include/c++/4.8.2/ext/string_conversions.h
-rw-r--r-- root/root      4021 2013-10-21 11:28 usr/include/c++/4.8.2/ext/debug_allocator.h
-rw-r--r-- root/root     14292 2013-10-21 11:28 usr/include/c++/4.8.2/ext/functional
-rw-r--r-- root/root      4466 2013-10-21 11:28 usr/include/c++/4.8.2/ext/malloc_allocator.h
-rw-r--r-- root/root      2247 2013-10-21 11:28 usr/include/c++/4.8.2/ext/enc_filebuf.h
-rw-r--r-- root/root      8169 2013-10-21 11:28 usr/include/c++/4.8.2/ext/alloc_traits.h
-rw-r--r-- root/root      3222 2013-10-21 11:28 usr/include/c++/4.8.2/ext/vstring_fwd.h
-rw-r--r-- root/root      5425 2013-10-21 11:28 usr/include/c++/4.8.2/ext/stdio_filebuf.h
-rw-r--r-- root/root     20987 2013-10-21 11:28 usr/include/c++/4.8.2/ext/throw_allocator.h
-rw-r--r-- root/root     84738 2013-10-21 11:28 usr/include/c++/4.8.2/ext/random
-rw-r--r-- root/root     17195 2013-10-21 11:28 usr/include/c++/4.8.2/ext/hash_set
-rw-r--r-- root/root     31324 2013-10-21 11:28 usr/include/c++/4.8.2/ext/bitmap_allocator.h
-rw-r--r-- root/root      6189 2013-10-21 11:28 usr/include/c++/4.8.2/ext/extptr_allocator.h
-rw-r--r-- root/root      4446 2013-10-21 11:28 usr/include/c++/4.8.2/ext/cast.h
-rw-r--r-- root/root      3311 2013-10-21 11:28 usr/include/c++/4.8.2/ext/rb_tree
-rw-r--r-- root/root      5767 2013-10-21 11:28 usr/include/c++/4.8.2/ext/vstring_util.h
drwxr-xr-x root/root         0 2013-10-21 11:28 usr/include/c++/4.8.2/ext/pb_ds/
-rw-r--r-- root/root     12225 2013-10-21 11:28 usr/include/c++/4.8.2/ext/pb_ds/trie_policy.hpp
-rw-r--r-- root/root     30110 2013-10-21 11:28 usr/include/c++/4.8.2/ext/pb_ds/assoc_container.hpp
-rw-r--r-- root/root      4368 2013-10-21 11:28 usr/include/c++/4.8.2/ext/pb_ds/list_update_policy.hpp
-rw-r--r-- root/root      5577 2013-10-21 11:28 usr/include/c++/4.8.2/ext/pb_ds/tree_policy.hpp
drwxr-xr-x root/root         0 2013-10-21 11:28 usr/include/c++/4.8.2/ext/pb_ds/detail/
drwxr-xr-x root/root         0 2013-10-21 11:28 usr/include/c++/4.8.2/ext/pb_ds/detail/pat_trie_/
-rw-r--r-- root/root      3401 2013-10-21 11:28 usr/include/c++/4.8.2/ext/pb_ds/detail/pat_trie_/trace_fn_imps.hpp
-rw-r--r-- root/root     37633 2013-10-21 11:28 usr/include/c++/4.8.2/ext/pb_ds/detail/pat_trie_/pat_trie_base.hpp
-rw-r--r-- root/root      3791 2013-10-21 11:28 usr/include/c++/4.8.2/ext/pb_ds/detail/pat_trie_/debug_fn_imps.hpp
-rw-r--r-- root/root      3480 2013-10-21 11:28 usr/include/c++/4.8.2/ext/pb_ds/detail/pat_trie_/iterators_fn_imps.hpp
-rw-r--r-- root/root      2042 2013-10-21 11:28 usr/include/c++/4.8.2/ext/pb_ds/detail/pat_trie_/update_fn_imps.hpp
-rw-r--r-- root/root      7945 2013-10-21 11:28 usr/include/c++/4.8.2/ext/pb_ds/detail/pat_trie_/erase_fn_imps.hpp
-rw-r--r-- root/root      6305 2013-10-21 11:28 usr/include/c++/4.8.2/ext/pb_ds/detail/pat_trie_/traits.hpp
-rw-r--r-- root/root      2920 2013-10-21 11:28 usr/include/c++/4.8.2/ext/pb_ds/detail/pat_trie_/r_erase_fn_imps.hpp
-rw-r--r-- root/root      2056 2013-10-21 11:28 usr/include/c++/4.8.2/ext/pb_ds/detail/pat_trie_/info_fn_imps.hpp
-rw-r--r-- root/root     16869 2013-10-21 11:28 usr/include/c++/4.8.2/ext/pb_ds/detail/pat_trie_/pat_trie_.hpp
-rw-r--r-- root/root     14475 2013-10-21 11:28 usr/include/c++/4.8.2/ext/pb_ds/detail/pat_trie_/insert_join_fn_imps.hpp
-rw-r--r-- root/root      7875 2013-10-21 11:28 usr/include/c++/4.8.2/ext/pb_ds/detail/pat_trie_/find_fn_imps.hpp
-rw-r--r-- root/root      5712 2013-10-21 11:28 usr/include/c++/4.8.2/ext/pb_ds/detail/pat_trie_/constructors_destructor_fn_imps.hpp
-rw-r--r-- root/root      7725 2013-10-21 11:28 usr/include/c++/4.8.2/ext/pb_ds/detail/pat_trie_/split_fn_imps.hpp
-rw-r--r-- root/root      4330 2013-10-21 11:28 usr/include/c++/4.8.2/ext/pb_ds/detail/pat_trie_/rotate_fn_imps.hpp
-rw-r--r-- root/root      2215 2013-10-21 11:28 usr/include/c++/4.8.2/ext/pb_ds/detail/pat_trie_/policy_access_fn_imps.hpp
-rw-r--r-- root/root      6718 2013-10-21 11:28 usr/include/c++/4.8.2/ext/pb_ds/detail/pat_trie_/synth_access_traits.hpp
-rw-r--r-- root/root     13120 2013-10-21 11:28 usr/include/c++/4.8.2/ext/pb_ds/detail/container_base_dispatch.hpp
-rw-r--r-- root/root      9998 2013-10-21 11:28 usr/include/c++/4.8.2/ext/pb_ds/detail/types_traits.hpp
-rw-r--r-- root/root      5031 2013-10-21 11:28 usr/include/c++/4.8.2/ext/pb_ds/detail/standard_policies.hpp
drwxr-xr-x root/root         0 2013-10-21 11:28 usr/include/c++/4.8.2/ext/pb_ds/detail/list_update_map_/
-rw-r--r-- root/root      2028 2013-10-21 11:28 usr/include/c++/4.8.2/ext/pb_ds/detail/list_update_map_/trace_fn_imps.hpp
-rw-r--r-- root/root      3510 2013-10-21 11:28 usr/include/c++/4.8.2/ext/pb_ds/detail/list_update_map_/insert_fn_imps.hpp
-rw-r--r-- root/root      2117 2013-10-21 11:28 usr/include/c++/4.8.2/ext/pb_ds/detail/list_update_map_/entry_metadata_base.hpp
-rw-r--r-- root/root      2095 2013-10-21 11:28 usr/include/c++/4.8.2/ext/pb_ds/detail/list_update_map_/debug_fn_imps.hpp
-rw-r--r-- root/root      2520 2013-10-21 11:28 usr/include/c++/4.8.2/ext/pb_ds/detail/list_update_map_/iterators_fn_imps.hpp
-rw-r--r-- root/root      3482 2013-10-21 11:28 usr/include/c++/4.8.2/ext/pb_ds/detail/list_update_map_/erase_fn_imps.hpp
-rw-r--r-- root/root      2074 2013-10-21 11:28 usr/include/c++/4.8.2/ext/pb_ds/detail/list_update_map_/info_fn_imps.hpp
-rw-r--r-- root/root      2861 2013-10-21 11:28 usr/include/c++/4.8.2/ext/pb_ds/detail/list_update_map_/find_fn_imps.hpp
-rw-r--r-- root/root     10393 2013-10-21 11:28 usr/include/c++/4.8.2/ext/pb_ds/detail/list_update_map_/lu_map_.hpp
-rw-r--r-- root/root      3584 2013-10-21 11:28 usr/include/c++/4.8.2/ext/pb_ds/detail/list_update_map_/constructor_destructor_fn_imps.hpp
-rw-r--r-- root/root      5134 2013-10-21 11:28 usr/include/c++/4.8.2/ext/pb_ds/detail/tree_trace_base.hpp
drwxr-xr-x root/root         0 2013-10-21 11:28 usr/include/c++/4.8.2/ext/pb_ds/detail/branch_policy/
-rw-r--r-- root/root      4031 2013-10-21 11:28 usr/include/c++/4.8.2/ext/pb_ds/detail/branch_policy/branch_policy.hpp
-rw-r--r-- root/root      2379 2013-10-21 11:28 usr/include/c++/4.8.2/ext/pb_ds/detail/branch_policy/null_node_metadata.hpp
-rw-r--r-- root/root      3254 2013-10-21 11:28 usr/include/c++/4.8.2/ext/pb_ds/detail/branch_policy/traits.hpp
drwxr-xr-x root/root         0 2013-10-21 11:28 usr/include/c++/4.8.2/ext/pb_ds/detail/list_update_policy/
-rw-r--r-- root/root      2672 2013-10-21 11:28 usr/include/c++/4.8.2/ext/pb_ds/detail/list_update_policy/sample_update_policy.hpp
-rw-r--r-- root/root      2850 2013-10-21 11:28 usr/include/c++/4.8.2/ext/pb_ds/detail/list_update_policy/lu_counter_metadata.hpp
drwxr-xr-x root/root         0 2013-10-21 11:28 usr/include/c++/4.8.2/ext/pb_ds/detail/binary_heap_/
-rw-r--r-- root/root      2447 2013-10-21 11:28 usr/include/c++/4.8.2/ext/pb_ds/detail/binary_heap_/trace_fn_imps.hpp
-rw-r--r-- root/root      5014 2013-10-21 11:28 usr/include/c++/4.8.2/ext/pb_ds/detail/binary_heap_/insert_fn_imps.hpp
-rw-r--r-- root/root      4447 2013-10-21 11:28 usr/include/c++/4.8.2/ext/pb_ds/detail/binary_heap_/point_const_iterator.hpp
-rw-r--r-- root/root      2541 2013-10-21 11:28 usr/include/c++/4.8.2/ext/pb_ds/detail/binary_heap_/debug_fn_imps.hpp
-rw-r--r-- root/root      2270 2013-10-21 11:28 usr/include/c++/4.8.2/ext/pb_ds/detail/binary_heap_/iterators_fn_imps.hpp
-rw-r--r-- root/root      2785 2013-10-21 11:28 usr/include/c++/4.8.2/ext/pb_ds/detail/binary_heap_/entry_pred.hpp
-rw-r--r-- root/root      5504 2013-10-21 11:28 usr/include/c++/4.8.2/ext/pb_ds/detail/binary_heap_/erase_fn_imps.hpp
-rw-r--r-- root/root      2820 2013-10-21 11:28 usr/include/c++/4.8.2/ext/pb_ds/detail/binary_heap_/entry_cmp.hpp
-rw-r--r-- root/root      2062 2013-10-21 11:28 usr/include/c++/4.8.2/ext/pb_ds/detail/binary_heap_/info_fn_imps.hpp
-rw-r--r-- root/root      4338 2013-10-21 11:28 usr/include/c++/4.8.2/ext/pb_ds/detail/binary_heap_/const_iterator.hpp
-rw-r--r-- root/root      2597 2013-10-21 11:28 usr/include/c++/4.8.2/ext/pb_ds/detail/binary_heap_/find_fn_imps.hpp
-rw-r--r-- root/root      4189 2013-10-21 11:28 usr/include/c++/4.8.2/ext/pb_ds/detail/binary_heap_/constructors_destructor_fn_imps.hpp
-rw-r--r-- root/root      9313 2013-10-21 11:28 usr/include/c++/4.8.2/ext/pb_ds/detail/binary_heap_/binary_heap_.hpp
-rw-r--r-- root/root      1902 2013-10-21 11:28 usr/include/c++/4.8.2/ext/pb_ds/detail/binary_heap_/policy_access_fn_imps.hpp
-rw-r--r-- root/root      4923 2013-10-21 11:28 usr/include/c++/4.8.2/ext/pb_ds/detail/binary_heap_/split_join_fn_imps.hpp
-rw-r--r-- root/root      6133 2013-10-21 11:28 usr/include/c++/4.8.2/ext/pb_ds/detail/binary_heap_/resize_policy.hpp
drwxr-xr-x root/root         0 2013-10-21 11:28 usr/include/c++/4.8.2/ext/pb_ds/detail/splay_tree_/
-rw-r--r-- root/root      3353 2013-10-21 11:28 usr/include/c++/4.8.2/ext/pb_ds/detail/splay_tree_/insert_fn_imps.hpp
-rw-r--r-- root/root      9307 2013-10-21 11:28 usr/include/c++/4.8.2/ext/pb_ds/detail/splay_tree_/splay_tree_.hpp
-rw-r--r-- root/root      2463 2013-10-21 11:28 usr/include/c++/4.8.2/ext/pb_ds/detail/splay_tree_/debug_fn_imps.hpp
-rw-r--r-- root/root      8049 2013-10-21 11:28 usr/include/c++/4.8.2/ext/pb_ds/detail/splay_tree_/splay_fn_imps.hpp
-rw-r--r-- root/root      3744 2013-10-21 11:28 usr/include/c++/4.8.2/ext/pb_ds/detail/splay_tree_/node.hpp
-rw-r--r-- root/root      4269 2013-10-21 11:28 usr/include/c++/4.8.2/ext/pb_ds/detail/splay_tree_/erase_fn_imps.hpp
-rw-r--r-- root/root      3351 2013-10-21 11:28 usr/include/c++/4.8.2/ext/pb_ds/detail/splay_tree_/traits.hpp
-rw-r--r-- root/root      1689 2013-10-21 11:28 usr/include/c++/4.8.2/ext/pb_ds/detail/splay_tree_/info_fn_imps.hpp
-rw-r--r-- root/root      3319 2013-10-21 11:28 usr/include/c++/4.8.2/ext/pb_ds/detail/splay_tree_/find_fn_imps.hpp
-rw-r--r-- root/root      2847 2013-10-21 11:28 usr/include/c++/4.8.2/ext/pb_ds/detail/splay_tree_/constructors_destructor_fn_imps.hpp
-rw-r--r-- root/root      3634 2013-10-21 11:28 usr/include/c++/4.8.2/ext/pb_ds/detail/splay_tree_/split_join_fn_imps.hpp
drwxr-xr-x root/root         0 2013-10-21 11:28 usr/include/c++/4.8.2/ext/pb_ds/detail/thin_heap_/
-rw-r--r-- root/root      1962 2013-10-21 11:28 usr/include/c++/4.8.2/ext/pb_ds/detail/thin_heap_/trace_fn_imps.hpp
-rw-r--r-- root/root      7483 2013-10-21 11:28 usr/include/c++/4.8.2/ext/pb_ds/detail/thin_heap_/insert_fn_imps.hpp
-rw-r--r-- root/root      3866 2013-10-21 11:28 usr/include/c++/4.8.2/ext/pb_ds/detail/thin_heap_/debug_fn_imps.hpp
-rw-r--r-- root/root      8290 2013-10-21 11:28 usr/include/c++/4.8.2/ext/pb_ds/detail/thin_heap_/thin_heap_.hpp
-rw-r--r-- root/root      6055 2013-10-21 11:28 usr/include/c++/4.8.2/ext/pb_ds/detail/thin_heap_/erase_fn_imps.hpp
-rw-r--r-- root/root      1952 2013-10-21 11:28 usr/include/c++/4.8.2/ext/pb_ds/detail/thin_heap_/find_fn_imps.hpp
-rw-r--r-- root/root      2946 2013-10-21 11:28 usr/include/c++/4.8.2/ext/pb_ds/detail/thin_heap_/constructors_destructor_fn_imps.hpp
-rw-r--r-- root/root      3155 2013-10-21 11:28 usr/include/c++/4.8.2/ext/pb_ds/detail/thin_heap_/split_join_fn_imps.hpp
drwxr-xr-x root/root         0 2013-10-21 11:28 usr/include/c++/4.8.2/ext/pb_ds/detail/trie_policy/
-rw-r--r-- root/root      3338 2013-10-21 11:28 usr/include/c++/4.8.2/ext/pb_ds/detail/trie_policy/node_metadata_selector.hpp
-rw-r--r-- root/root      2348 2013-10-21 11:28 usr/include/c++/4.8.2/ext/pb_ds/detail/trie_policy/sample_trie_node_update.hpp
-rw-r--r-- root/root      4511 2013-10-21 11:28 usr/include/c++/4.8.2/ext/pb_ds/detail/trie_policy/prefix_search_node_update_imp.hpp
-rw-r--r-- root/root      2713 2013-10-21 11:28 usr/include/c++/4.8.2/ext/pb_ds/detail/trie_policy/sample_trie_access_traits.hpp
-rw-r--r-- root/root      4701 2013-10-21 11:28 usr/include/c++/4.8.2/ext/pb_ds/detail/trie_policy/order_statistics_imp.hpp
-rw-r--r-- root/root      3051 2013-10-21 11:28 usr/include/c++/4.8.2/ext/pb_ds/detail/trie_policy/trie_string_access_traits_imp.hpp
-rw-r--r-- root/root      5847 2013-10-21 11:28 usr/include/c++/4.8.2/ext/pb_ds/detail/trie_policy/trie_policy_base.hpp
drwxr-xr-x root/root         0 2013-10-21 11:28 usr/include/c++/4.8.2/ext/pb_ds/detail/binomial_heap_/
-rw-r--r-- root/root      1897 2013-10-21 11:28 usr/include/c++/4.8.2/ext/pb_ds/detail/binomial_heap_/debug_fn_imps.hpp
-rw-r--r-- root/root      2151 2013-10-21 11:28 usr/include/c++/4.8.2/ext/pb_ds/detail/binomial_heap_/constructors_destructor_fn_imps.hpp
-rw-r--r-- root/root      3922 2013-10-21 11:28 usr/include/c++/4.8.2/ext/pb_ds/detail/binomial_heap_/binomial_heap_.hpp
drwxr-xr-x root/root         0 2013-10-21 11:28 usr/include/c++/4.8.2/ext/pb_ds/detail/left_child_next_sibling_heap_/
-rw-r--r-- root/root      2815 2013-10-21 11:28 usr/include/c++/4.8.2/ext/pb_ds/detail/left_child_next_sibling_heap_/trace_fn_imps.hpp
-rw-r--r-- root/root      5201 2013-10-21 11:28 usr/include/c++/4.8.2/ext/pb_ds/detail/left_child_next_sibling_heap_/insert_fn_imps.hpp
-rw-r--r-- root/root      4496 2013-10-21 11:28 usr/include/c++/4.8.2/ext/pb_ds/detail/left_child_next_sibling_heap_/point_const_iterator.hpp
-rw-r--r-- root/root      4075 2013-10-21 11:28 usr/include/c++/4.8.2/ext/pb_ds/detail/left_child_next_sibling_heap_/debug_fn_imps.hpp
-rw-r--r-- root/root      2555 2013-10-21 11:28 usr/include/c++/4.8.2/ext/pb_ds/detail/left_child_next_sibling_heap_/iterators_fn_imps.hpp
-rw-r--r-- root/root      3212 2013-10-21 11:28 usr/include/c++/4.8.2/ext/pb_ds/detail/left_child_next_sibling_heap_/node.hpp
-rw-r--r-- root/root      3959 2013-10-21 11:28 usr/include/c++/4.8.2/ext/pb_ds/detail/left_child_next_sibling_heap_/erase_fn_imps.hpp
-rw-r--r-- root/root      2106 2013-10-21 11:28 usr/include/c++/4.8.2/ext/pb_ds/detail/left_child_next_sibling_heap_/info_fn_imps.hpp
-rw-r--r-- root/root      4924 2013-10-21 11:28 usr/include/c++/4.8.2/ext/pb_ds/detail/left_child_next_sibling_heap_/const_iterator.hpp
-rw-r--r-- root/root      4055 2013-10-21 11:28 usr/include/c++/4.8.2/ext/pb_ds/detail/left_child_next_sibling_heap_/constructors_destructor_fn_imps.hpp
-rw-r--r-- root/root      8175 2013-10-21 11:28 usr/include/c++/4.8.2/ext/pb_ds/detail/left_child_next_sibling_heap_/left_child_next_sibling_heap_.hpp
-rw-r--r-- root/root      1927 2013-10-21 11:28 usr/include/c++/4.8.2/ext/pb_ds/detail/left_child_next_sibling_heap_/policy_access_fn_imps.hpp
drwxr-xr-x root/root         0 2013-10-21 11:28 usr/include/c++/4.8.2/ext/pb_ds/detail/hash_fn/
-rw-r--r-- root/root      2009 2013-10-21 11:28 usr/include/c++/4.8.2/ext/pb_ds/detail/hash_fn/probe_fn_base.hpp
-rw-r--r-- root/root      2391 2013-10-21 11:28 usr/include/c++/4.8.2/ext/pb_ds/detail/hash_fn/mod_based_range_hashing.hpp
-rw-r--r-- root/root      2469 2013-10-21 11:28 usr/include/c++/4.8.2/ext/pb_ds/detail/hash_fn/sample_ranged_hash_fn.hpp
-rw-r--r-- root/root      2094 2013-10-21 11:28 usr/include/c++/4.8.2/ext/pb_ds/detail/hash_fn/direct_mod_range_hashing_imp.hpp
-rw-r--r-- root/root      3290 2013-10-21 11:28 usr/include/c++/4.8.2/ext/pb_ds/detail/hash_fn/mask_based_range_hashing.hpp
-rw-r--r-- root/root     10619 2013-10-21 11:28 usr/include/c++/4.8.2/ext/pb_ds/detail/hash_fn/ranged_hash_fn.hpp
-rw-r--r-- root/root      2487 2013-10-21 11:28 usr/include/c++/4.8.2/ext/pb_ds/detail/hash_fn/sample_range_hashing.hpp
-rw-r--r-- root/root      2104 2013-10-21 11:28 usr/include/c++/4.8.2/ext/pb_ds/detail/hash_fn/direct_mask_range_hashing_imp.hpp
-rw-r--r-- root/root      2598 2013-10-21 11:28 usr/include/c++/4.8.2/ext/pb_ds/detail/hash_fn/sample_ranged_probe_fn.hpp
-rw-r--r-- root/root      1913 2013-10-21 11:28 usr/include/c++/4.8.2/ext/pb_ds/detail/hash_fn/linear_probe_fn_imp.hpp
-rw-r--r-- root/root      2291 2013-10-21 11:28 usr/include/c++/4.8.2/ext/pb_ds/detail/hash_fn/sample_probe_fn.hpp
-rw-r--r-- root/root     10436 2013-10-21 11:28 usr/include/c++/4.8.2/ext/pb_ds/detail/hash_fn/ranged_probe_fn.hpp
-rw-r--r-- root/root      1920 2013-10-21 11:28 usr/include/c++/4.8.2/ext/pb_ds/detail/hash_fn/quadratic_probe_fn_imp.hpp
drwxr-xr-x root/root         0 2013-10-21 11:28 usr/include/c++/4.8.2/ext/pb_ds/detail/tree_policy/
-rw-r--r-- root/root      3338 2013-10-21 11:28 usr/include/c++/4.8.2/ext/pb_ds/detail/tree_policy/node_metadata_selector.hpp
-rw-r--r-- root/root      2346 2013-10-21 11:28 usr/include/c++/4.8.2/ext/pb_ds/detail/tree_policy/sample_tree_node_update.hpp
-rw-r--r-- root/root      3723 2013-10-21 11:28 usr/include/c++/4.8.2/ext/pb_ds/detail/tree_policy/order_statistics_imp.hpp
drwxr-xr-x root/root         0 2013-10-21 11:28 usr/include/c++/4.8.2/ext/pb_ds/detail/rc_binomial_heap_/
-rw-r--r-- root/root      1904 2013-10-21 11:28 usr/include/c++/4.8.2/ext/pb_ds/detail/rc_binomial_heap_/trace_fn_imps.hpp
-rw-r--r-- root/root      4237 2013-10-21 11:28 usr/include/c++/4.8.2/ext/pb_ds/detail/rc_binomial_heap_/insert_fn_imps.hpp
-rw-r--r-- root/root      3538 2013-10-21 11:28 usr/include/c++/4.8.2/ext/pb_ds/detail/rc_binomial_heap_/debug_fn_imps.hpp
-rw-r--r-- root/root      2889 2013-10-21 11:28 usr/include/c++/4.8.2/ext/pb_ds/detail/rc_binomial_heap_/erase_fn_imps.hpp
-rw-r--r-- root/root      5303 2013-10-21 11:28 usr/include/c++/4.8.2/ext/pb_ds/detail/rc_binomial_heap_/rc_binomial_heap_.hpp
-rw-r--r-- root/root      2467 2013-10-21 11:28 usr/include/c++/4.8.2/ext/pb_ds/detail/rc_binomial_heap_/constructors_destructor_fn_imps.hpp
-rw-r--r-- root/root      6265 2013-10-21 11:28 usr/include/c++/4.8.2/ext/pb_ds/detail/rc_binomial_heap_/rc.hpp
-rw-r--r-- root/root      2418 2013-10-21 11:28 usr/include/c++/4.8.2/ext/pb_ds/detail/rc_binomial_heap_/split_join_fn_imps.hpp
drwxr-xr-x root/root         0 2013-10-21 11:28 usr/include/c++/4.8.2/ext/pb_ds/detail/eq_fn/
-rw-r--r-- root/root      3821 2013-10-21 11:28 usr/include/c++/4.8.2/ext/pb_ds/detail/eq_fn/hash_eq_fn.hpp
-rw-r--r-- root/root      2330 2013-10-21 11:28 usr/include/c++/4.8.2/ext/pb_ds/detail/eq_fn/eq_by_less.hpp
drwxr-xr-x root/root         0 2013-10-21 11:28 usr/include/c++/4.8.2/ext/pb_ds/detail/ov_tree_map_/
-rw-r--r-- root/root      8811 2013-10-21 11:28 usr/include/c++/4.8.2/ext/pb_ds/detail/ov_tree_map_/node_iterators.hpp
-rw-r--r-- root/root      2273 2013-10-21 11:28 usr/include/c++/4.8.2/ext/pb_ds/detail/ov_tree_map_/insert_fn_imps.hpp
-rw-r--r-- root/root      2818 2013-10-21 11:28 usr/include/c++/4.8.2/ext/pb_ds/detail/ov_tree_map_/debug_fn_imps.hpp
-rw-r--r-- root/root      3361 2013-10-21 11:28 usr/include/c++/4.8.2/ext/pb_ds/detail/ov_tree_map_/iterators_fn_imps.hpp
-rw-r--r-- root/root      4981 2013-10-21 11:28 usr/include/c++/4.8.2/ext/pb_ds/detail/ov_tree_map_/erase_fn_imps.hpp
-rw-r--r-- root/root      4562 2013-10-21 11:28 usr/include/c++/4.8.2/ext/pb_ds/detail/ov_tree_map_/traits.hpp
-rw-r--r-- root/root      2084 2013-10-21 11:28 usr/include/c++/4.8.2/ext/pb_ds/detail/ov_tree_map_/info_fn_imps.hpp
-rw-r--r-- root/root      6869 2013-10-21 11:28 usr/include/c++/4.8.2/ext/pb_ds/detail/ov_tree_map_/constructors_destructor_fn_imps.hpp
-rw-r--r-- root/root     15366 2013-10-21 11:28 usr/include/c++/4.8.2/ext/pb_ds/detail/ov_tree_map_/ov_tree_map_.hpp
-rw-r--r-- root/root      1887 2013-10-21 11:28 usr/include/c++/4.8.2/ext/pb_ds/detail/ov_tree_map_/policy_access_fn_imps.hpp
-rw-r--r-- root/root      3774 2013-10-21 11:28 usr/include/c++/4.8.2/ext/pb_ds/detail/ov_tree_map_/split_join_fn_imps.hpp
drwxr-xr-x root/root         0 2013-10-21 11:28 usr/include/c++/4.8.2/ext/pb_ds/detail/gp_hash_table_map_/
-rw-r--r-- root/root      2424 2013-10-21 11:28 usr/include/c++/4.8.2/ext/pb_ds/detail/gp_hash_table_map_/trace_fn_imps.hpp
-rw-r--r-- root/root      1896 2013-10-21 11:28 usr/include/c++/4.8.2/ext/pb_ds/detail/gp_hash_table_map_/insert_fn_imps.hpp
-rw-r--r-- root/root      4157 2013-10-21 11:28 usr/include/c++/4.8.2/ext/pb_ds/detail/gp_hash_table_map_/resize_fn_imps.hpp
-rw-r--r-- root/root      2919 2013-10-21 11:28 usr/include/c++/4.8.2/ext/pb_ds/detail/gp_hash_table_map_/erase_store_hash_fn_imps.hpp
-rw-r--r-- root/root      3777 2013-10-21 11:28 usr/include/c++/4.8.2/ext/pb_ds/detail/gp_hash_table_map_/insert_no_store_hash_fn_imps.hpp
-rw-r--r-- root/root      2174 2013-10-21 11:28 usr/include/c++/4.8.2/ext/pb_ds/detail/gp_hash_table_map_/debug_fn_imps.hpp
-rw-r--r-- root/root     20394 2013-10-21 11:28 usr/include/c++/4.8.2/ext/pb_ds/detail/gp_hash_table_map_/gp_ht_map_.hpp
-rw-r--r-- root/root      2505 2013-10-21 11:28 usr/include/c++/4.8.2/ext/pb_ds/detail/gp_hash_table_map_/debug_no_store_hash_fn_imps.hpp
-rw-r--r-- root/root      2885 2013-10-21 11:28 usr/include/c++/4.8.2/ext/pb_ds/detail/gp_hash_table_map_/erase_no_store_hash_fn_imps.hpp
-rw-r--r-- root/root      2202 2013-10-21 11:28 usr/include/c++/4.8.2/ext/pb_ds/detail/gp_hash_table_map_/constructor_destructor_no_store_hash_fn_imps.hpp
-rw-r--r-- root/root      2619 2013-10-21 11:28 usr/include/c++/4.8.2/ext/pb_ds/detail/gp_hash_table_map_/iterator_fn_imps.hpp
-rw-r--r-- root/root      3204 2013-10-21 11:28 usr/include/c++/4.8.2/ext/pb_ds/detail/gp_hash_table_map_/erase_fn_imps.hpp
-rw-r--r-- root/root      2651 2013-10-21 11:28 usr/include/c++/4.8.2/ext/pb_ds/detail/gp_hash_table_map_/resize_store_hash_fn_imps.hpp
-rw-r--r-- root/root      2108 2013-10-21 11:28 usr/include/c++/4.8.2/ext/pb_ds/detail/gp_hash_table_map_/info_fn_imps.hpp
-rw-r--r-- root/root      4085 2013-10-21 11:28 usr/include/c++/4.8.2/ext/pb_ds/detail/gp_hash_table_map_/insert_store_hash_fn_imps.hpp
-rw-r--r-- root/root      2478 2013-10-21 11:28 usr/include/c++/4.8.2/ext/pb_ds/detail/gp_hash_table_map_/find_fn_imps.hpp
-rw-r--r-- root/root      2269 2013-10-21 11:28 usr/include/c++/4.8.2/ext/pb_ds/detail/gp_hash_table_map_/constructor_destructor_store_hash_fn_imps.hpp
-rw-r--r-- root/root      2645 2013-10-21 11:28 usr/include/c++/4.8.2/ext/pb_ds/detail/gp_hash_table_map_/debug_store_hash_fn_imps.hpp
-rw-r--r-- root/root      6606 2013-10-21 11:28 usr/include/c++/4.8.2/ext/pb_ds/detail/gp_hash_table_map_/constructor_destructor_fn_imps.hpp
-rw-r--r-- root/root      2618 2013-10-21 11:28 usr/include/c++/4.8.2/ext/pb_ds/detail/gp_hash_table_map_/resize_no_store_hash_fn_imps.hpp
-rw-r--r-- root/root      2660 2013-10-21 11:28 usr/include/c++/4.8.2/ext/pb_ds/detail/gp_hash_table_map_/policy_access_fn_imps.hpp
-rw-r--r-- root/root      1780 2013-10-21 11:28 usr/include/c++/4.8.2/ext/pb_ds/detail/gp_hash_table_map_/find_store_hash_fn_imps.hpp
-rw-r--r-- root/root      1924 2013-10-21 11:28 usr/include/c++/4.8.2/ext/pb_ds/detail/gp_hash_table_map_/find_no_store_hash_fn_imps.hpp
drwxr-xr-x root/root         0 2013-10-21 11:28 usr/include/c++/4.8.2/ext/pb_ds/detail/pairing_heap_/
-rw-r--r-- root/root      2947 2013-10-21 11:28 usr/include/c++/4.8.2/ext/pb_ds/detail/pairing_heap_/insert_fn_imps.hpp
-rw-r--r-- root/root      1996 2013-10-21 11:28 usr/include/c++/4.8.2/ext/pb_ds/detail/pairing_heap_/debug_fn_imps.hpp
-rw-r--r-- root/root      7191 2013-10-21 11:28 usr/include/c++/4.8.2/ext/pb_ds/detail/pairing_heap_/erase_fn_imps.hpp
-rw-r--r-- root/root      1937 2013-10-21 11:28 usr/include/c++/4.8.2/ext/pb_ds/detail/pairing_heap_/find_fn_imps.hpp
-rw-r--r-- root/root      2506 2013-10-21 11:28 usr/include/c++/4.8.2/ext/pb_ds/detail/pairing_heap_/constructors_destructor_fn_imps.hpp
-rw-r--r-- root/root      5517 2013-10-21 11:28 usr/include/c++/4.8.2/ext/pb_ds/detail/pairing_heap_/pairing_heap_.hpp
-rw-r--r-- root/root      3706 2013-10-21 11:28 usr/include/c++/4.8.2/ext/pb_ds/detail/pairing_heap_/split_join_fn_imps.hpp
drwxr-xr-x root/root         0 2013-10-21 11:28 usr/include/c++/4.8.2/ext/pb_ds/detail/bin_search_tree_/
-rw-r--r-- root/root      5997 2013-10-21 11:28 usr/include/c++/4.8.2/ext/pb_ds/detail/bin_search_tree_/node_iterators.hpp
-rw-r--r-- root/root      5481 2013-10-21 11:28 usr/include/c++/4.8.2/ext/pb_ds/detail/bin_search_tree_/insert_fn_imps.hpp
-rw-r--r-- root/root      8961 2013-10-21 11:28 usr/include/c++/4.8.2/ext/pb_ds/detail/bin_search_tree_/point_iterators.hpp
-rw-r--r-- root/root      8071 2013-10-21 11:28 usr/include/c++/4.8.2/ext/pb_ds/detail/bin_search_tree_/debug_fn_imps.hpp
-rw-r--r-- root/root      3515 2013-10-21 11:28 usr/include/c++/4.8.2/ext/pb_ds/detail/bin_search_tree_/iterators_fn_imps.hpp
-rw-r--r-- root/root     12419 2013-10-21 11:28 usr/include/c++/4.8.2/ext/pb_ds/detail/bin_search_tree_/bin_search_tree_.hpp
-rw-r--r-- root/root      2919 2013-10-21 11:28 usr/include/c++/4.8.2/ext/pb_ds/detail/bin_search_tree_/erase_fn_imps.hpp
-rw-r--r-- root/root      6409 2013-10-21 11:28 usr/include/c++/4.8.2/ext/pb_ds/detail/bin_search_tree_/traits.hpp
-rw-r--r-- root/root      2909 2013-10-21 11:28 usr/include/c++/4.8.2/ext/pb_ds/detail/bin_search_tree_/r_erase_fn_imps.hpp
-rw-r--r-- root/root      2080 2013-10-21 11:28 usr/include/c++/4.8.2/ext/pb_ds/detail/bin_search_tree_/info_fn_imps.hpp
-rw-r--r-- root/root      4679 2013-10-21 11:28 usr/include/c++/4.8.2/ext/pb_ds/detail/bin_search_tree_/find_fn_imps.hpp
-rw-r--r-- root/root      5507 2013-10-21 11:28 usr/include/c++/4.8.2/ext/pb_ds/detail/bin_search_tree_/constructors_destructor_fn_imps.hpp
-rw-r--r-- root/root      4190 2013-10-21 11:28 usr/include/c++/4.8.2/ext/pb_ds/detail/bin_search_tree_/rotate_fn_imps.hpp
-rw-r--r-- root/root      1905 2013-10-21 11:28 usr/include/c++/4.8.2/ext/pb_ds/detail/bin_search_tree_/policy_access_fn_imps.hpp
-rw-r--r-- root/root      4007 2013-10-21 11:28 usr/include/c++/4.8.2/ext/pb_ds/detail/bin_search_tree_/split_join_fn_imps.hpp
drwxr-xr-x root/root         0 2013-10-21 11:28 usr/include/c++/4.8.2/ext/pb_ds/detail/unordered_iterator/
-rw-r--r-- root/root      3806 2013-10-21 11:28 usr/include/c++/4.8.2/ext/pb_ds/detail/unordered_iterator/point_const_iterator.hpp
-rw-r--r-- root/root      3574 2013-10-21 11:28 usr/include/c++/4.8.2/ext/pb_ds/detail/unordered_iterator/point_iterator.hpp
-rw-r--r-- root/root      3345 2013-10-21 11:28 usr/include/c++/4.8.2/ext/pb_ds/detail/unordered_iterator/const_iterator.hpp
-rw-r--r-- root/root      3797 2013-10-21 11:28 usr/include/c++/4.8.2/ext/pb_ds/detail/unordered_iterator/iterator.hpp
-rw-r--r-- root/root      8697 2013-10-21 11:28 usr/include/c++/4.8.2/ext/pb_ds/detail/debug_map_base.hpp
drwxr-xr-x root/root         0 2013-10-21 11:28 usr/include/c++/4.8.2/ext/pb_ds/detail/resize_policy/
-rw-r--r-- root/root      6283 2013-10-21 11:28 usr/include/c++/4.8.2/ext/pb_ds/detail/resize_policy/hash_standard_resize_policy_imp.hpp
-rw-r--r-- root/root      4899 2013-10-21 11:28 usr/include/c++/4.8.2/ext/pb_ds/detail/resize_policy/cc_hash_max_collision_check_resize_trigger_imp.hpp
-rw-r--r-- root/root      2970 2013-10-21 11:28 usr/include/c++/4.8.2/ext/pb_ds/detail/resize_policy/hash_load_check_resize_trigger_size_base.hpp
-rw-r--r-- root/root      3914 2013-10-21 11:28 usr/include/c++/4.8.2/ext/pb_ds/detail/resize_policy/sample_resize_trigger.hpp
-rw-r--r-- root/root      3578 2013-10-21 11:28 usr/include/c++/4.8.2/ext/pb_ds/detail/resize_policy/sample_resize_policy.hpp
-rw-r--r-- root/root      2427 2013-10-21 11:28 usr/include/c++/4.8.2/ext/pb_ds/detail/resize_policy/sample_size_policy.hpp
-rw-r--r-- root/root      7752 2013-10-21 11:28 usr/include/c++/4.8.2/ext/pb_ds/detail/resize_policy/hash_load_check_resize_trigger_imp.hpp
-rw-r--r-- root/root      6139 2013-10-21 11:28 usr/include/c++/4.8.2/ext/pb_ds/detail/resize_policy/hash_prime_size_policy_imp.hpp
-rw-r--r-- root/root      2772 2013-10-21 11:28 usr/include/c++/4.8.2/ext/pb_ds/detail/resize_policy/hash_exponential_size_policy_imp.hpp
drwxr-xr-x root/root         0 2013-10-21 11:28 usr/include/c++/4.8.2/ext/pb_ds/detail/cc_hash_table_map_/
-rw-r--r-- root/root      2363 2013-10-21 11:28 usr/include/c++/4.8.2/ext/pb_ds/detail/cc_hash_table_map_/trace_fn_imps.hpp
-rw-r--r-- root/root      1896 2013-10-21 11:28 usr/include/c++/4.8.2/ext/pb_ds/detail/cc_hash_table_map_/insert_fn_imps.hpp
-rw-r--r-- root/root      2874 2013-10-21 11:28 usr/include/c++/4.8.2/ext/pb_ds/detail/cc_hash_table_map_/cond_key_dtor_entry_dealtor.hpp
-rw-r--r-- root/root     19953 2013-10-21 11:28 usr/include/c++/4.8.2/ext/pb_ds/detail/cc_hash_table_map_/cc_ht_map_.hpp
-rw-r--r-- root/root      4062 2013-10-21 11:28 usr/include/c++/4.8.2/ext/pb_ds/detail/cc_hash_table_map_/resize_fn_imps.hpp
-rw-r--r-- root/root      3225 2013-10-21 11:28 usr/include/c++/4.8.2/ext/pb_ds/detail/cc_hash_table_map_/erase_store_hash_fn_imps.hpp
-rw-r--r-- root/root      2618 2013-10-21 11:28 usr/include/c++/4.8.2/ext/pb_ds/detail/cc_hash_table_map_/insert_no_store_hash_fn_imps.hpp
-rw-r--r-- root/root      2693 2013-10-21 11:28 usr/include/c++/4.8.2/ext/pb_ds/detail/cc_hash_table_map_/debug_fn_imps.hpp
-rw-r--r-- root/root      2664 2013-10-21 11:28 usr/include/c++/4.8.2/ext/pb_ds/detail/cc_hash_table_map_/iterators_fn_imps.hpp
-rw-r--r-- root/root      2000 2013-10-21 11:28 usr/include/c++/4.8.2/ext/pb_ds/detail/cc_hash_table_map_/debug_no_store_hash_fn_imps.hpp
-rw-r--r-- root/root      3264 2013-10-21 11:28 usr/include/c++/4.8.2/ext/pb_ds/detail/cc_hash_table_map_/erase_no_store_hash_fn_imps.hpp
-rw-r--r-- root/root      2109 2013-10-21 11:28 usr/include/c++/4.8.2/ext/pb_ds/detail/cc_hash_table_map_/size_fn_imps.hpp
-rw-r--r-- root/root      2226 2013-10-21 11:28 usr/include/c++/4.8.2/ext/pb_ds/detail/cc_hash_table_map_/constructor_destructor_no_store_hash_fn_imps.hpp
-rw-r--r-- root/root      3245 2013-10-21 11:28 usr/include/c++/4.8.2/ext/pb_ds/detail/cc_hash_table_map_/erase_fn_imps.hpp
-rw-r--r-- root/root      2274 2013-10-21 11:28 usr/include/c++/4.8.2/ext/pb_ds/detail/cc_hash_table_map_/resize_store_hash_fn_imps.hpp
-rw-r--r-- root/root      3111 2013-10-21 11:28 usr/include/c++/4.8.2/ext/pb_ds/detail/cc_hash_table_map_/info_fn_imps.hpp
-rw-r--r-- root/root      2765 2013-10-21 11:28 usr/include/c++/4.8.2/ext/pb_ds/detail/cc_hash_table_map_/cmp_fn_imps.hpp
-rw-r--r-- root/root      2674 2013-10-21 11:28 usr/include/c++/4.8.2/ext/pb_ds/detail/cc_hash_table_map_/insert_store_hash_fn_imps.hpp
-rw-r--r-- root/root      2485 2013-10-21 11:28 usr/include/c++/4.8.2/ext/pb_ds/detail/cc_hash_table_map_/find_fn_imps.hpp
-rw-r--r-- root/root      2306 2013-10-21 11:28 usr/include/c++/4.8.2/ext/pb_ds/detail/cc_hash_table_map_/constructor_destructor_store_hash_fn_imps.hpp
-rw-r--r-- root/root      2148 2013-10-21 11:28 usr/include/c++/4.8.2/ext/pb_ds/detail/cc_hash_table_map_/debug_store_hash_fn_imps.hpp
-rw-r--r-- root/root      5791 2013-10-21 11:28 usr/include/c++/4.8.2/ext/pb_ds/detail/cc_hash_table_map_/constructor_destructor_fn_imps.hpp
-rw-r--r-- root/root      2242 2013-10-21 11:28 usr/include/c++/4.8.2/ext/pb_ds/detail/cc_hash_table_map_/resize_no_store_hash_fn_imps.hpp
-rw-r--r-- root/root      2481 2013-10-21 11:28 usr/include/c++/4.8.2/ext/pb_ds/detail/cc_hash_table_map_/policy_access_fn_imps.hpp
-rw-r--r-- root/root      2954 2013-10-21 11:28 usr/include/c++/4.8.2/ext/pb_ds/detail/cc_hash_table_map_/entry_list_fn_imps.hpp
-rw-r--r-- root/root      1779 2013-10-21 11:28 usr/include/c++/4.8.2/ext/pb_ds/detail/cc_hash_table_map_/find_store_hash_fn_imps.hpp
-rw-r--r-- root/root      4319 2013-10-21 11:28 usr/include/c++/4.8.2/ext/pb_ds/detail/type_utils.hpp
-rw-r--r-- root/root      4140 2013-10-21 11:28 usr/include/c++/4.8.2/ext/pb_ds/detail/priority_queue_base_dispatch.hpp
drwxr-xr-x root/root         0 2013-10-21 11:28 usr/include/c++/4.8.2/ext/pb_ds/detail/binomial_heap_base_/
-rw-r--r-- root/root      5271 2013-10-21 11:28 usr/include/c++/4.8.2/ext/pb_ds/detail/binomial_heap_base_/insert_fn_imps.hpp
-rw-r--r-- root/root      3468 2013-10-21 11:28 usr/include/c++/4.8.2/ext/pb_ds/detail/binomial_heap_base_/debug_fn_imps.hpp
-rw-r--r-- root/root      4482 2013-10-21 11:28 usr/include/c++/4.8.2/ext/pb_ds/detail/binomial_heap_base_/erase_fn_imps.hpp
-rw-r--r-- root/root      6202 2013-10-21 11:28 usr/include/c++/4.8.2/ext/pb_ds/detail/binomial_heap_base_/binomial_heap_base_.hpp
-rw-r--r-- root/root      2345 2013-10-21 11:28 usr/include/c++/4.8.2/ext/pb_ds/detail/binomial_heap_base_/find_fn_imps.hpp
-rw-r--r-- root/root      2688 2013-10-21 11:28 usr/include/c++/4.8.2/ext/pb_ds/detail/binomial_heap_base_/constructors_destructor_fn_imps.hpp
-rw-r--r-- root/root      5365 2013-10-21 11:28 usr/include/c++/4.8.2/ext/pb_ds/detail/binomial_heap_base_/split_join_fn_imps.hpp
drwxr-xr-x root/root         0 2013-10-21 11:28 usr/include/c++/4.8.2/ext/pb_ds/detail/rb_tree_map_/
-rw-r--r-- root/root      3867 2013-10-21 11:28 usr/include/c++/4.8.2/ext/pb_ds/detail/rb_tree_map_/insert_fn_imps.hpp
-rw-r--r-- root/root      2761 2013-10-21 11:28 usr/include/c++/4.8.2/ext/pb_ds/detail/rb_tree_map_/debug_fn_imps.hpp
-rw-r--r-- root/root      3870 2013-10-21 11:28 usr/include/c++/4.8.2/ext/pb_ds/detail/rb_tree_map_/node.hpp
-rw-r--r-- root/root      7051 2013-10-21 11:28 usr/include/c++/4.8.2/ext/pb_ds/detail/rb_tree_map_/erase_fn_imps.hpp
-rw-r--r-- root/root      3283 2013-10-21 11:28 usr/include/c++/4.8.2/ext/pb_ds/detail/rb_tree_map_/traits.hpp
-rw-r--r-- root/root      1841 2013-10-21 11:28 usr/include/c++/4.8.2/ext/pb_ds/detail/rb_tree_map_/info_fn_imps.hpp
-rw-r--r-- root/root      1703 2013-10-21 11:28 usr/include/c++/4.8.2/ext/pb_ds/detail/rb_tree_map_/find_fn_imps.hpp
-rw-r--r-- root/root      2783 2013-10-21 11:28 usr/include/c++/4.8.2/ext/pb_ds/detail/rb_tree_map_/constructors_destructor_fn_imps.hpp
-rw-r--r-- root/root      7962 2013-10-21 11:28 usr/include/c++/4.8.2/ext/pb_ds/detail/rb_tree_map_/rb_tree_.hpp
-rw-r--r-- root/root      7861 2013-10-21 11:28 usr/include/c++/4.8.2/ext/pb_ds/detail/rb_tree_map_/split_join_fn_imps.hpp
-rw-r--r-- root/root      2724 2013-10-21 11:28 usr/include/c++/4.8.2/ext/pb_ds/detail/cond_dealtor.hpp
-rw-r--r-- root/root     16815 2013-10-21 11:28 usr/include/c++/4.8.2/ext/pb_ds/hash_policy.hpp
-rw-r--r-- root/root      2988 2013-10-21 11:28 usr/include/c++/4.8.2/ext/pb_ds/exception.hpp
-rw-r--r-- root/root      5502 2013-10-21 11:28 usr/include/c++/4.8.2/ext/pb_ds/priority_queue.hpp
-rw-r--r-- root/root     12270 2013-10-21 11:28 usr/include/c++/4.8.2/ext/pb_ds/tag_and_trait.hpp
-rw-r--r-- root/root      3493 2013-10-21 11:28 usr/include/c++/4.8.2/ext/atomicity.h
-rw-r--r-- root/root      7953 2013-10-21 11:28 usr/include/c++/4.8.2/ext/stdio_sync_filebuf.h
-rw-r--r-- root/root     43802 2013-10-21 11:28 usr/include/c++/4.8.2/ext/random.tcc
-rw-r--r-- root/root     48429 2013-10-21 11:28 usr/include/c++/4.8.2/ext/ropeimpl.h
-rw-r--r-- root/root     19664 2013-10-21 11:28 usr/include/c++/4.8.2/ext/pointer.h
-rw-r--r-- root/root      4575 2013-10-21 11:28 usr/include/c++/4.8.2/ext/numeric_traits.h
-rw-r--r-- root/root      7611 2013-10-21 11:28 usr/include/c++/4.8.2/ext/concurrence.h
-rw-r--r-- root/root     23597 2013-10-21 11:28 usr/include/c++/4.8.2/ext/vstring.tcc
-rw-r--r-- root/root      4436 2013-10-21 11:28 usr/include/c++/4.8.2/ext/new_allocator.h
-rw-r--r-- root/root     22973 2013-10-21 11:28 usr/include/c++/4.8.2/ext/mt_allocator.h
-rw-r--r-- root/root     23714 2013-10-21 11:28 usr/include/c++/4.8.2/ext/rc_string_base.h
-rw-r--r-- root/root    106432 2013-10-21 11:28 usr/include/c++/4.8.2/ext/vstring.h
-rw-r--r-- root/root     16289 2013-10-21 11:28 usr/include/c++/4.8.2/ext/codecvt_specializations.h
-rw-r--r-- root/root     19290 2013-10-21 11:28 usr/include/c++/4.8.2/ext/algorithm
-rw-r--r-- root/root      6565 2013-10-21 11:28 usr/include/c++/4.8.2/ext/cmath
-rw-r--r-- root/root     87630 2013-10-21 11:28 usr/include/c++/4.8.2/ext/rope
-rw-r--r-- root/root      4031 2013-10-21 11:28 usr/include/c++/4.8.2/ext/iterator
-rw-r--r-- root/root      4731 2013-10-21 11:28 usr/include/c++/4.8.2/ext/numeric
drwxr-xr-x root/root         0 2013-10-21 11:28 usr/include/c++/4.8.2/backward/
-rw-r--r-- root/root     17775 2013-10-21 11:28 usr/include/c++/4.8.2/backward/hash_map
-rw-r--r-- root/root     33719 2013-10-21 11:28 usr/include/c++/4.8.2/backward/hashtable.h
-rw-r--r-- root/root     10524 2013-10-21 11:28 usr/include/c++/4.8.2/backward/auto_ptr.h
-rw-r--r-- root/root      5914 2013-10-21 11:28 usr/include/c++/4.8.2/backward/strstream
-rw-r--r-- root/root     17195 2013-10-21 11:28 usr/include/c++/4.8.2/backward/hash_set
-rw-r--r-- root/root      2491 2013-10-21 11:28 usr/include/c++/4.8.2/backward/backward_warning.h
-rw-r--r-- root/root      7005 2013-10-21 11:28 usr/include/c++/4.8.2/backward/binders.h
-rw-r--r-- root/root      4248 2013-10-21 11:28 usr/include/c++/4.8.2/backward/hash_fun.h
-rw-r--r-- root/root      2020 2013-10-21 11:28 usr/include/c++/4.8.2/fenv.h
-rw-r--r-- root/root      2467 2013-10-21 11:28 usr/include/c++/4.8.2/queue
-rw-r--r-- root/root      1943 2013-10-21 11:28 usr/include/c++/4.8.2/string
-rw-r--r-- root/root     80843 2013-10-21 11:28 usr/include/c++/4.8.2/functional
-rw-r--r-- root/root      6497 2013-10-21 11:28 usr/include/c++/4.8.2/cwchar
-rw-r--r-- root/root      1461 2013-10-21 11:28 usr/include/c++/4.8.2/complex.h
-rw-r--r-- root/root      7685 2013-10-21 11:28 usr/include/c++/4.8.2/typeinfo
-rw-r--r-- root/root     19635 2013-10-21 11:28 usr/include/c++/4.8.2/ostream
-rw-r--r-- root/root      1360 2013-10-21 11:28 usr/include/c++/4.8.2/tgmath.h
-rw-r--r-- root/root      1620 2013-10-21 11:28 usr/include/c++/4.8.2/cassert
-rw-r--r-- root/root      1322 2013-10-21 11:28 usr/include/c++/4.8.2/ctgmath
drwxr-xr-x root/root         0 2013-10-21 11:28 usr/include/c++/4.8.2/profile/
-rw-r--r-- root/root      8079 2013-10-21 11:28 usr/include/c++/4.8.2/profile/array
-rw-r--r-- root/root     11633 2013-10-21 11:28 usr/include/c++/4.8.2/profile/multiset.h
-rw-r--r-- root/root     16745 2013-10-21 11:28 usr/include/c++/4.8.2/profile/list
-rw-r--r-- root/root     10386 2013-10-21 11:28 usr/include/c++/4.8.2/profile/bitset
-rw-r--r-- root/root     15462 2013-10-21 11:28 usr/include/c++/4.8.2/profile/vector
-rw-r--r-- root/root     12148 2013-10-21 11:28 usr/include/c++/4.8.2/profile/multimap.h
-rw-r--r-- root/root      8039 2013-10-21 11:28 usr/include/c++/4.8.2/profile/unordered_base.h
-rw-r--r-- root/root      5405 2013-10-21 11:28 usr/include/c++/4.8.2/profile/forward_list
-rw-r--r-- root/root     13876 2013-10-21 11:28 usr/include/c++/4.8.2/profile/unordered_set
-rw-r--r-- root/root     11779 2013-10-21 11:28 usr/include/c++/4.8.2/profile/set.h
-rw-r--r-- root/root      1734 2013-10-21 11:28 usr/include/c++/4.8.2/profile/base.h
-rw-r--r-- root/root      8992 2013-10-21 11:28 usr/include/c++/4.8.2/profile/iterator_tracker.h
-rw-r--r-- root/root     15115 2013-10-21 11:28 usr/include/c++/4.8.2/profile/unordered_map
-rw-r--r-- root/root      1246 2013-10-21 11:28 usr/include/c++/4.8.2/profile/set
-rw-r--r-- root/root     16236 2013-10-21 11:28 usr/include/c++/4.8.2/profile/map.h
drwxr-xr-x root/root         0 2013-10-21 11:28 usr/include/c++/4.8.2/profile/impl/
-rw-r--r-- root/root      7879 2013-10-21 11:28 usr/include/c++/4.8.2/profile/impl/profiler_map_to_unordered_map.h
-rw-r--r-- root/root      8580 2013-10-21 11:28 usr/include/c++/4.8.2/profile/impl/profiler_list_to_vector.h
-rw-r--r-- root/root      2863 2013-10-21 11:28 usr/include/c++/4.8.2/profile/impl/profiler_vector_size.h
-rw-r--r-- root/root     16148 2013-10-21 11:28 usr/include/c++/4.8.2/profile/impl/profiler.h
-rw-r--r-- root/root      2929 2013-10-21 11:28 usr/include/c++/4.8.2/profile/impl/profiler_hashtable_size.h
-rw-r--r-- root/root      6433 2013-10-21 11:28 usr/include/c++/4.8.2/profile/impl/profiler_container_size.h
-rw-r--r-- root/root      2004 2013-10-21 11:28 usr/include/c++/4.8.2/profile/impl/profiler_state.h
-rw-r--r-- root/root     21330 2013-10-21 11:28 usr/include/c++/4.8.2/profile/impl/profiler_trace.h
-rw-r--r-- root/root      4351 2013-10-21 11:28 usr/include/c++/4.8.2/profile/impl/profiler_node.h
-rw-r--r-- root/root      4962 2013-10-21 11:28 usr/include/c++/4.8.2/profile/impl/profiler_hash_func.h
-rw-r--r-- root/root      3429 2013-10-21 11:28 usr/include/c++/4.8.2/profile/impl/profiler_algos.h
-rw-r--r-- root/root      9092 2013-10-21 11:28 usr/include/c++/4.8.2/profile/impl/profiler_vector_to_list.h
-rw-r--r-- root/root      5298 2013-10-21 11:28 usr/include/c++/4.8.2/profile/impl/profiler_list_to_slist.h
-rw-r--r-- root/root     11088 2013-10-21 11:28 usr/include/c++/4.8.2/profile/deque
-rw-r--r-- root/root      1246 2013-10-21 11:28 usr/include/c++/4.8.2/profile/map
-rw-r--r-- root/root     29160 2013-10-21 11:28 usr/include/c++/4.8.2/streambuf
-rw-r--r-- root/root      1710 2013-10-21 11:28 usr/include/c++/4.8.2/random
-rw-r--r-- root/root     35604 2013-10-21 11:28 usr/include/c++/4.8.2/tuple
-rw-r--r-- root/root     42351 2013-10-21 11:28 usr/include/c++/4.8.2/future
-rw-r--r-- root/root      1577 2013-10-21 11:28 usr/include/c++/4.8.2/forward_list
-rw-r--r-- root/root      6850 2013-10-21 11:28 usr/include/c++/4.8.2/iosfwd
-rw-r--r-- root/root      1407 2013-10-21 11:28 usr/include/c++/4.8.2/cstdalign
-rw-r--r-- root/root     52517 2013-10-21 11:28 usr/include/c++/4.8.2/complex
-rw-r--r-- root/root      3123 2013-10-21 11:28 usr/include/c++/4.8.2/cstring
drwxr-xr-x root/root         0 2013-10-21 11:28 usr/include/c++/4.8.2/tr2/
-rw-r--r-- root/root      7368 2013-10-21 11:28 usr/include/c++/4.8.2/tr2/bool_set
-rw-r--r-- root/root     41490 2013-10-21 11:28 usr/include/c++/4.8.2/tr2/dynamic_bitset
-rw-r--r-- root/root      8319 2013-10-21 11:28 usr/include/c++/4.8.2/tr2/bool_set.tcc
-rw-r--r-- root/root      2699 2013-10-21 11:28 usr/include/c++/4.8.2/tr2/type_traits
-rw-r--r-- root/root      2130 2013-10-21 11:28 usr/include/c++/4.8.2/tr2/ratio
-rw-r--r-- root/root      1856 2013-10-21 11:28 usr/include/c++/4.8.2/unordered_set
-rw-r--r-- root/root      3084 2013-10-21 11:28 usr/include/c++/4.8.2/typeindex
-rw-r--r-- root/root     30018 2013-10-21 11:28 usr/include/c++/4.8.2/fstream
-rw-r--r-- root/root      5069 2013-10-21 11:28 usr/include/c++/4.8.2/exception
-rw-r--r-- root/root      1602 2013-10-21 11:28 usr/include/c++/4.8.2/ios
-rw-r--r-- root/root      2125 2013-10-21 11:28 usr/include/c++/4.8.2/ctime
-rw-r--r-- root/root      5348 2013-10-21 11:28 usr/include/c++/4.8.2/utility
-rw-r--r-- root/root     67254 2013-10-21 11:28 usr/include/c++/4.8.2/limits
-rw-r--r-- root/root     23596 2013-10-21 11:28 usr/include/c++/4.8.2/chrono
drwxr-xr-x root/root         0 2013-10-21 11:28 usr/include/c++/4.8.2/debug/
-rw-r--r-- root/root      8885 2013-10-21 11:28 usr/include/c++/4.8.2/debug/array
-rw-r--r-- root/root     13646 2013-10-21 11:28 usr/include/c++/4.8.2/debug/multiset.h
-rw-r--r-- root/root     15595 2013-10-21 11:28 usr/include/c++/4.8.2/debug/macros.h
-rw-r--r-- root/root     12577 2013-10-21 11:28 usr/include/c++/4.8.2/debug/safe_local_iterator.h
-rw-r--r-- root/root     19612 2013-10-21 11:28 usr/include/c++/4.8.2/debug/list
-rw-r--r-- root/root      3526 2013-10-21 11:28 usr/include/c++/4.8.2/debug/safe_iterator.tcc
-rw-r--r-- root/root      2454 2013-10-21 11:28 usr/include/c++/4.8.2/debug/safe_local_iterator.tcc
-rw-r--r-- root/root     11914 2013-10-21 11:28 usr/include/c++/4.8.2/debug/bitset
-rw-r--r-- root/root     17984 2013-10-21 11:28 usr/include/c++/4.8.2/debug/vector
-rw-r--r-- root/root     23968 2013-10-21 11:28 usr/include/c++/4.8.2/debug/safe_iterator.h
-rw-r--r-- root/root     14265 2013-10-21 11:28 usr/include/c++/4.8.2/debug/multimap.h
-rw-r--r-- root/root     32374 2013-10-21 11:28 usr/include/c++/4.8.2/debug/string
-rw-r--r-- root/root      6577 2013-10-21 11:28 usr/include/c++/4.8.2/debug/safe_unordered_base.h
-rw-r--r-- root/root     13238 2013-10-21 11:28 usr/include/c++/4.8.2/debug/formatter.h
-rw-r--r-- root/root      3318 2013-10-21 11:28 usr/include/c++/4.8.2/debug/safe_unordered_container.h
-rw-r--r-- root/root     23480 2013-10-21 11:28 usr/include/c++/4.8.2/debug/forward_list
-rw-r--r-- root/root     25924 2013-10-21 11:28 usr/include/c++/4.8.2/debug/unordered_set
-rw-r--r-- root/root     13778 2013-10-21 11:28 usr/include/c++/4.8.2/debug/set.h
-rw-r--r-- root/root      3263 2013-10-21 11:28 usr/include/c++/4.8.2/debug/safe_unordered_container.tcc
-rw-r--r-- root/root      8771 2013-10-21 11:28 usr/include/c++/4.8.2/debug/safe_base.h
-rw-r--r-- root/root     26672 2013-10-21 11:28 usr/include/c++/4.8.2/debug/unordered_map
-rw-r--r-- root/root     19172 2013-10-21 11:28 usr/include/c++/4.8.2/debug/functions.h
-rw-r--r-- root/root      1318 2013-10-21 11:28 usr/include/c++/4.8.2/debug/set
-rw-r--r-- root/root     14600 2013-10-21 11:28 usr/include/c++/4.8.2/debug/map.h
-rw-r--r-- root/root      4863 2013-10-21 11:28 usr/include/c++/4.8.2/debug/safe_sequence.tcc
-rw-r--r-- root/root     14434 2013-10-21 11:28 usr/include/c++/4.8.2/debug/deque
-rw-r--r-- root/root      1318 2013-10-21 11:28 usr/include/c++/4.8.2/debug/map
-rw-r--r-- root/root      4540 2013-10-21 11:28 usr/include/c++/4.8.2/debug/safe_sequence.h
-rw-r--r-- root/root      5354 2013-10-21 11:28 usr/include/c++/4.8.2/debug/debug.h
drwxr-xr-x root/root         0 2013-10-21 11:28 usr/include/c++/4.8.2/x86_64-slackware-linux/
drwxr-xr-x root/root         0 2013-10-21 11:28 usr/include/c++/4.8.2/x86_64-slackware-linux/ext/
-rw-r--r-- root/root      4756 2013-10-21 11:28 usr/include/c++/4.8.2/x86_64-slackware-linux/ext/opt_random.h
drwxr-xr-x root/root         0 2013-10-21 11:28 usr/include/c++/4.8.2/x86_64-slackware-linux/32/
drwxr-xr-x root/root         0 2013-10-21 11:28 usr/include/c++/4.8.2/x86_64-slackware-linux/32/ext/
-rw-r--r-- root/root      4756 2013-10-21 11:28 usr/include/c++/4.8.2/x86_64-slackware-linux/32/ext/opt_random.h
drwxr-xr-x root/root         0 2013-10-21 11:28 usr/include/c++/4.8.2/x86_64-slackware-linux/32/bits/
-rw-r--r-- root/root     24237 2013-10-21 11:28 usr/include/c++/4.8.2/x86_64-slackware-linux/32/bits/gthr-default.h
-rw-r--r-- root/root      2890 2013-10-21 11:28 usr/include/c++/4.8.2/x86_64-slackware-linux/32/bits/basic_file.h
-rw-r--r-- root/root      1783 2013-10-21 11:28 usr/include/c++/4.8.2/x86_64-slackware-linux/32/bits/os_defines.h
-rw-r--r-- root/root     24237 2013-10-21 11:28 usr/include/c++/4.8.2/x86_64-slackware-linux/32/bits/gthr-posix.h
-rw-r--r-- root/root      3304 2013-10-21 11:28 usr/include/c++/4.8.2/x86_64-slackware-linux/32/bits/c++locale.h
-rw-r--r-- root/root      5608 2013-10-21 11:28 usr/include/c++/4.8.2/x86_64-slackware-linux/32/bits/gthr.h
-rw-r--r-- root/root      1608 2013-10-21 11:28 usr/include/c++/4.8.2/x86_64-slackware-linux/32/bits/c++io.h
-rw-r--r-- root/root      1741 2013-10-21 11:28 usr/include/c++/4.8.2/x86_64-slackware-linux/32/bits/stdtr1c++.h
-rw-r--r-- root/root      2284 2013-10-21 11:28 usr/include/c++/4.8.2/x86_64-slackware-linux/32/bits/ctype_inline.h
-rw-r--r-- root/root      2098 2013-10-21 11:28 usr/include/c++/4.8.2/x86_64-slackware-linux/32/bits/cxxabi_tweaks.h
-rw-r--r-- root/root      2778 2013-10-21 11:28 usr/include/c++/4.8.2/x86_64-slackware-linux/32/bits/stdc++.h
-rw-r--r-- root/root      1849 2013-10-21 11:28 usr/include/c++/4.8.2/x86_64-slackware-linux/32/bits/c++allocator.h
-rw-r--r-- root/root      1924 2013-10-21 11:28 usr/include/c++/4.8.2/x86_64-slackware-linux/32/bits/atomic_word.h
-rw-r--r-- root/root     48024 2013-10-21 11:28 usr/include/c++/4.8.2/x86_64-slackware-linux/32/bits/c++config.h
-rw-r--r-- root/root      2388 2013-10-21 11:28 usr/include/c++/4.8.2/x86_64-slackware-linux/32/bits/extc++.h
-rw-r--r-- root/root      1333 2013-10-21 11:28 usr/include/c++/4.8.2/x86_64-slackware-linux/32/bits/cpu_defines.h
-rw-r--r-- root/root      4099 2013-10-21 11:28 usr/include/c++/4.8.2/x86_64-slackware-linux/32/bits/messages_members.h
-rw-r--r-- root/root      5177 2013-10-21 11:28 usr/include/c++/4.8.2/x86_64-slackware-linux/32/bits/error_constants.h
-rw-r--r-- root/root      6177 2013-10-21 11:28 usr/include/c++/4.8.2/x86_64-slackware-linux/32/bits/opt_random.h
-rw-r--r-- root/root      2242 2013-10-21 11:28 usr/include/c++/4.8.2/x86_64-slackware-linux/32/bits/ctype_base.h
-rw-r--r-- root/root      6788 2013-10-21 11:28 usr/include/c++/4.8.2/x86_64-slackware-linux/32/bits/gthr-single.h
-rw-r--r-- root/root      2933 2013-10-21 11:28 usr/include/c++/4.8.2/x86_64-slackware-linux/32/bits/time_members.h
drwxr-xr-x root/root         0 2013-10-21 11:28 usr/include/c++/4.8.2/x86_64-slackware-linux/bits/
-rw-r--r-- root/root     24237 2013-10-21 11:28 usr/include/c++/4.8.2/x86_64-slackware-linux/bits/gthr-default.h
-rw-r--r-- root/root      2890 2013-10-21 11:28 usr/include/c++/4.8.2/x86_64-slackware-linux/bits/basic_file.h
-rw-r--r-- root/root      1783 2013-10-21 11:28 usr/include/c++/4.8.2/x86_64-slackware-linux/bits/os_defines.h
-rw-r--r-- root/root     24237 2013-10-21 11:28 usr/include/c++/4.8.2/x86_64-slackware-linux/bits/gthr-posix.h
-rw-r--r-- root/root      3304 2013-10-21 11:28 usr/include/c++/4.8.2/x86_64-slackware-linux/bits/c++locale.h
-rw-r--r-- root/root      5608 2013-10-21 11:28 usr/include/c++/4.8.2/x86_64-slackware-linux/bits/gthr.h
-rw-r--r-- root/root      1608 2013-10-21 11:28 usr/include/c++/4.8.2/x86_64-slackware-linux/bits/c++io.h
-rw-r--r-- root/root      1741 2013-10-21 11:28 usr/include/c++/4.8.2/x86_64-slackware-linux/bits/stdtr1c++.h
-rw-r--r-- root/root      2284 2013-10-21 11:28 usr/include/c++/4.8.2/x86_64-slackware-linux/bits/ctype_inline.h
-rw-r--r-- root/root      2098 2013-10-21 11:28 usr/include/c++/4.8.2/x86_64-slackware-linux/bits/cxxabi_tweaks.h
-rw-r--r-- root/root      2778 2013-10-21 11:28 usr/include/c++/4.8.2/x86_64-slackware-linux/bits/stdc++.h
-rw-r--r-- root/root      1849 2013-10-21 11:28 usr/include/c++/4.8.2/x86_64-slackware-linux/bits/c++allocator.h
-rw-r--r-- root/root      1924 2013-10-21 11:28 usr/include/c++/4.8.2/x86_64-slackware-linux/bits/atomic_word.h
-rw-r--r-- root/root     48027 2013-10-21 11:28 usr/include/c++/4.8.2/x86_64-slackware-linux/bits/c++config.h
-rw-r--r-- root/root      2388 2013-10-21 11:28 usr/include/c++/4.8.2/x86_64-slackware-linux/bits/extc++.h
-rw-r--r-- root/root      1333 2013-10-21 11:28 usr/include/c++/4.8.2/x86_64-slackware-linux/bits/cpu_defines.h
-rw-r--r-- root/root      4099 2013-10-21 11:28 usr/include/c++/4.8.2/x86_64-slackware-linux/bits/messages_members.h
-rw-r--r-- root/root      5177 2013-10-21 11:28 usr/include/c++/4.8.2/x86_64-slackware-linux/bits/error_constants.h
-rw-r--r-- root/root      6177 2013-10-21 11:28 usr/include/c++/4.8.2/x86_64-slackware-linux/bits/opt_random.h
-rw-r--r-- root/root      2242 2013-10-21 11:28 usr/include/c++/4.8.2/x86_64-slackware-linux/bits/ctype_base.h
-rw-r--r-- root/root      6788 2013-10-21 11:28 usr/include/c++/4.8.2/x86_64-slackware-linux/bits/gthr-single.h
-rw-r--r-- root/root      2933 2013-10-21 11:28 usr/include/c++/4.8.2/x86_64-slackware-linux/bits/time_members.h
-rw-r--r-- root/root      1857 2013-10-21 11:28 usr/include/c++/4.8.2/unordered_map
-rw-r--r-- root/root      2391 2013-10-21 11:28 usr/include/c++/4.8.2/stack
-rw-r--r-- root/root      1490 2013-10-21 11:28 usr/include/c++/4.8.2/ciso646
-rw-r--r-- root/root      2559 2013-10-21 11:28 usr/include/c++/4.8.2/set
-rw-r--r-- root/root      6157 2013-10-21 11:28 usr/include/c++/4.8.2/cstdlib
-rw-r--r-- root/root      4184 2013-10-21 11:28 usr/include/c++/4.8.2/new
-rw-r--r-- root/root      2972 2013-10-21 11:28 usr/include/c++/4.8.2/initializer_list
-rw-r--r-- root/root      1855 2013-10-21 11:28 usr/include/c++/4.8.2/csignal
-rw-r--r-- root/root     15564 2013-10-21 11:28 usr/include/c++/4.8.2/scoped_allocator
drwxr-xr-x root/root         0 2013-10-21 11:28 usr/include/c++/4.8.2/decimal/
-rw-r--r-- root/root     17002 2013-10-21 11:28 usr/include/c++/4.8.2/decimal/decimal.h
-rw-r--r-- root/root     17451 2013-10-21 11:28 usr/include/c++/4.8.2/decimal/decimal
-rw-r--r-- root/root      2665 2013-10-21 11:28 usr/include/c++/4.8.2/deque
drwxr-xr-x root/root         0 2013-10-21 11:28 usr/include/c++/4.8.2/bits/
-rw-r--r-- root/root     10910 2013-10-21 11:28 usr/include/c++/4.8.2/bits/regex_nfa.h
-rw-r--r-- root/root      4694 2013-10-21 11:28 usr/include/c++/4.8.2/bits/nested_exception.h
-rw-r--r-- root/root     27048 2013-10-21 11:28 usr/include/c++/4.8.2/bits/boost_concept_check.h
-rw-r--r-- root/root     21157 2013-10-21 11:28 usr/include/c++/4.8.2/bits/algorithmfwd.h
-rw-r--r-- root/root      1643 2013-10-21 11:28 usr/include/c++/4.8.2/bits/exception_defines.h
-rw-r--r-- root/root     26164 2013-10-21 11:28 usr/include/c++/4.8.2/bits/vector.tcc
-rw-r--r-- root/root      4002 2013-10-21 11:28 usr/include/c++/4.8.2/bits/ostream_insert.h
-rw-r--r-- root/root      9340 2013-10-21 11:28 usr/include/c++/4.8.2/bits/slice_array.h
-rw-r--r-- root/root      2146 2013-10-21 11:28 usr/include/c++/4.8.2/bits/hash_bytes.h
-rw-r--r-- root/root     49773 2013-10-21 11:28 usr/include/c++/4.8.2/bits/stl_vector.h
-rw-r--r-- root/root     38935 2013-10-21 11:28 usr/include/c++/4.8.2/bits/locale_facets.tcc
-rw-r--r-- root/root      9490 2013-10-21 11:28 usr/include/c++/4.8.2/bits/sstream.tcc
-rw-r--r-- root/root     44292 2013-10-21 11:28 usr/include/c++/4.8.2/bits/unordered_set.h
-rw-r--r-- root/root     42400 2013-10-21 11:28 usr/include/c++/4.8.2/bits/stl_algobase.h
-rw-r--r-- root/root      9789 2013-10-21 11:28 usr/include/c++/4.8.2/bits/cpp_type_traits.h
-rw-r--r-- root/root      4965 2013-10-21 11:28 usr/include/c++/4.8.2/bits/regex_nfa.tcc
-rw-r--r-- root/root     19423 2013-10-21 11:28 usr/include/c++/4.8.2/bits/shared_ptr.h
-rw-r--r-- root/root      5413 2013-10-21 11:28 usr/include/c++/4.8.2/bits/exception_ptr.h
-rw-r--r-- root/root      5804 2013-10-21 11:28 usr/include/c++/4.8.2/bits/move.h
-rw-r--r-- root/root    112117 2013-10-21 11:28 usr/include/c++/4.8.2/bits/basic_string.h
-rw-r--r-- root/root     62513 2013-10-21 11:28 usr/include/c++/4.8.2/bits/hashtable.h
-rw-r--r-- root/root     22985 2013-10-21 11:28 usr/include/c++/4.8.2/bits/locale_classes.h
-rw-r--r-- root/root     65035 2013-10-21 11:28 usr/include/c++/4.8.2/bits/locale_facets_nonio.h
-rw-r--r-- root/root     47842 2013-10-21 11:28 usr/include/c++/4.8.2/bits/forward_list.h
-rw-r--r-- root/root      2253 2013-10-21 11:28 usr/include/c++/4.8.2/bits/atomic_lockfree_defines.h
-rw-r--r-- root/root     20433 2013-10-21 11:28 usr/include/c++/4.8.2/bits/stl_uninitialized.h
-rw-r--r-- root/root     29055 2013-10-21 11:28 usr/include/c++/4.8.2/bits/stl_multiset.h
-rw-r--r-- root/root      6195 2013-10-21 11:28 usr/include/c++/4.8.2/bits/functional_hash.h
-rw-r--r-- root/root     48902 2013-10-21 11:28 usr/include/c++/4.8.2/bits/unordered_map.h
-rw-r--r-- root/root     32672 2013-10-21 11:28 usr/include/c++/4.8.2/bits/deque.tcc
-rw-r--r-- root/root      9877 2013-10-21 11:28 usr/include/c++/4.8.2/bits/stl_stack.h
-rw-r--r-- root/root      9865 2013-10-21 11:28 usr/include/c++/4.8.2/bits/stl_pair.h
-rw-r--r-- root/root      8381 2013-10-21 11:28 usr/include/c++/4.8.2/bits/locale_classes.tcc
-rw-r--r-- root/root     17601 2013-10-21 11:28 usr/include/c++/4.8.2/bits/unique_ptr.h
-rw-r--r-- root/root     20472 2013-10-21 11:28 usr/include/c++/4.8.2/bits/stl_heap.h
-rw-r--r-- root/root      4611 2013-10-21 11:28 usr/include/c++/4.8.2/bits/regex_error.h
-rw-r--r-- root/root     12315 2013-10-21 11:28 usr/include/c++/4.8.2/bits/ostream.tcc
-rw-r--r-- root/root     30933 2013-10-21 11:28 usr/include/c++/4.8.2/bits/istream.tcc
-rw-r--r-- root/root      8344 2013-10-21 11:28 usr/include/c++/4.8.2/bits/stl_tempbuf.h
-rw-r--r-- root/root     29675 2013-10-21 11:28 usr/include/c++/4.8.2/bits/stl_bvector.h
-rw-r--r-- root/root     18084 2013-10-21 11:28 usr/include/c++/4.8.2/bits/alloc_traits.h
-rw-r--r-- root/root     34751 2013-10-21 11:28 usr/include/c++/4.8.2/bits/stl_multimap.h
-rw-r--r-- root/root     15531 2013-10-21 11:28 usr/include/c++/4.8.2/bits/forward_list.tcc
-rw-r--r-- root/root      7861 2013-10-21 11:28 usr/include/c++/4.8.2/bits/indirect_array.h
-rw-r--r-- root/root     28515 2013-10-21 11:28 usr/include/c++/4.8.2/bits/ios_base.h
-rw-r--r-- root/root      8388 2013-10-21 11:28 usr/include/c++/4.8.2/bits/stl_iterator_base_types.h
-rw-r--r-- root/root      5294 2013-10-21 11:28 usr/include/c++/4.8.2/bits/ptr_traits.h
-rw-r--r-- root/root     37660 2013-10-21 11:28 usr/include/c++/4.8.2/bits/stl_map.h
-rw-r--r-- root/root      8208 2013-10-21 11:28 usr/include/c++/4.8.2/bits/postypes.h
-rw-r--r-- root/root     85498 2013-10-21 11:28 usr/include/c++/4.8.2/bits/regex.h
-rw-r--r-- root/root     21743 2013-10-21 11:28 usr/include/c++/4.8.2/bits/valarray_array.h
-rw-r--r-- root/root      7254 2013-10-21 11:28 usr/include/c++/4.8.2/bits/valarray_array.tcc
-rw-r--r-- root/root     15116 2013-10-21 11:28 usr/include/c++/4.8.2/bits/basic_ios.h
-rw-r--r-- root/root     18652 2013-10-21 11:28 usr/include/c++/4.8.2/bits/stl_queue.h
-rw-r--r-- root/root     41649 2013-10-21 11:28 usr/include/c++/4.8.2/bits/shared_ptr_base.h
-rw-r--r-- root/root     13820 2013-10-21 11:28 usr/include/c++/4.8.2/bits/stl_numeric.h
-rw-r--r-- root/root     36625 2013-10-21 11:28 usr/include/c++/4.8.2/bits/stl_iterator.h
-rw-r--r-- root/root      4332 2013-10-21 11:28 usr/include/c++/4.8.2/bits/regex_grep_matcher.h
-rw-r--r-- root/root     41830 2013-10-21 11:28 usr/include/c++/4.8.2/bits/locale_facets_nonio.tcc
-rw-r--r-- root/root      3340 2013-10-21 11:28 usr/include/c++/4.8.2/bits/concept_check.h
-rw-r--r-- root/root     12624 2013-10-21 11:28 usr/include/c++/4.8.2/bits/streambuf_iterator.h
-rw-r--r-- root/root    177346 2013-10-21 11:28 usr/include/c++/4.8.2/bits/random.h
-rw-r--r-- root/root     11066 2013-10-21 11:28 usr/include/c++/4.8.2/bits/regex_constants.h
-rw-r--r-- root/root      1505 2013-10-21 11:28 usr/include/c++/4.8.2/bits/c++0x_warning.h
-rw-r--r-- root/root      6245 2013-10-21 11:28 usr/include/c++/4.8.2/bits/allocator.h
-rw-r--r-- root/root      3577 2013-10-21 11:28 usr/include/c++/4.8.2/bits/uses_allocator.h
-rw-r--r-- root/root     25579 2013-10-21 11:28 usr/include/c++/4.8.2/bits/atomic_base.h
-rw-r--r-- root/root     54838 2013-10-21 11:28 usr/include/c++/4.8.2/bits/stl_tree.h
-rw-r--r-- root/root    109149 2013-10-21 11:28 usr/include/c++/4.8.2/bits/random.tcc
-rw-r--r-- root/root      5518 2013-10-21 11:28 usr/include/c++/4.8.2/bits/gslice.h
-rw-r--r-- root/root     28348 2013-10-21 11:28 usr/include/c++/4.8.2/bits/regex_compiler.h
-rw-r--r-- root/root     90971 2013-10-21 11:28 usr/include/c++/4.8.2/bits/locale_facets.h
-rw-r--r-- root/root      6961 2013-10-21 11:28 usr/include/c++/4.8.2/bits/stl_iterator_base_funcs.h
-rw-r--r-- root/root      7769 2013-10-21 11:28 usr/include/c++/4.8.2/bits/gslice_array.h
-rw-r--r-- root/root      7587 2013-10-21 11:28 usr/include/c++/4.8.2/bits/mask_array.h
-rw-r--r-- root/root      6032 2013-10-21 11:28 usr/include/c++/4.8.2/bits/basic_ios.tcc
-rw-r--r-- root/root     18228 2013-10-21 11:28 usr/include/c++/4.8.2/bits/valarray_before.h
-rw-r--r-- root/root     29295 2013-10-21 11:28 usr/include/c++/4.8.2/bits/stl_set.h
-rw-r--r-- root/root      2419 2013-10-21 11:28 usr/include/c++/4.8.2/bits/memoryfwd.h
-rw-r--r-- root/root     54094 2013-10-21 11:28 usr/include/c++/4.8.2/bits/stl_list.h
-rw-r--r-- root/root     39353 2013-10-21 11:28 usr/include/c++/4.8.2/bits/basic_string.tcc
-rw-r--r-- root/root     17360 2013-10-21 11:28 usr/include/c++/4.8.2/bits/char_traits.h
-rw-r--r-- root/root     68001 2013-10-21 11:28 usr/include/c++/4.8.2/bits/stl_deque.h
-rw-r--r-- root/root     22655 2013-10-21 11:28 usr/include/c++/4.8.2/bits/valarray_after.h
-rw-r--r-- root/root      5541 2013-10-21 11:28 usr/include/c++/4.8.2/bits/regex_grep_matcher.tcc
-rw-r--r-- root/root      2761 2013-10-21 11:28 usr/include/c++/4.8.2/bits/regex_cursor.h
-rw-r--r-- root/root    217512 2013-10-21 11:28 usr/include/c++/4.8.2/bits/stl_algo.h
-rw-r--r-- root/root      5220 2013-10-21 11:28 usr/include/c++/4.8.2/bits/localefwd.h
-rw-r--r-- root/root      5170 2013-10-21 11:28 usr/include/c++/4.8.2/bits/stl_construct.h
-rw-r--r-- root/root     12494 2013-10-21 11:28 usr/include/c++/4.8.2/bits/list.tcc
-rw-r--r-- root/root     16617 2013-10-21 11:28 usr/include/c++/4.8.2/bits/codecvt.h
-rw-r--r-- root/root      2426 2013-10-21 11:28 usr/include/c++/4.8.2/bits/stringfwd.h
-rw-r--r-- root/root      4929 2013-10-21 11:28 usr/include/c++/4.8.2/bits/streambuf.tcc
-rw-r--r-- root/root      1811 2013-10-21 11:28 usr/include/c++/4.8.2/bits/cxxabi_forced.h
-rw-r--r-- root/root     22585 2013-10-21 11:28 usr/include/c++/4.8.2/bits/stl_function.h
-rw-r--r-- root/root      3455 2013-10-21 11:28 usr/include/c++/4.8.2/bits/stl_raw_storage_iter.h
-rw-r--r-- root/root      4599 2013-10-21 11:28 usr/include/c++/4.8.2/bits/stl_relops.h
-rw-r--r-- root/root      3116 2013-10-21 11:28 usr/include/c++/4.8.2/bits/functexcept.h
-rw-r--r-- root/root      6597 2013-10-21 11:28 usr/include/c++/4.8.2/bits/stream_iterator.h
-rw-r--r-- root/root     28936 2013-10-21 11:28 usr/include/c++/4.8.2/bits/fstream.tcc
-rw-r--r-- root/root     53987 2013-10-21 11:28 usr/include/c++/4.8.2/bits/hashtable_policy.h
-rw-r--r-- root/root      3132 2013-10-21 11:28 usr/include/c++/4.8.2/bits/range_access.h
-rw-r--r-- root/root      1885 2013-10-21 11:28 usr/include/c++/4.8.2/climits
-rw-r--r-- root/root     11479 2013-10-21 11:28 usr/include/c++/4.8.2/iomanip
-rw-r--r-- root/root     10348 2013-10-21 11:28 usr/include/c++/4.8.2/system_error
-rw-r--r-- root/root     40259 2013-10-21 11:28 usr/include/c++/4.8.2/valarray
drwxr-xr-x root/root         0 2013-10-21 11:28 usr/include/c++/4.8.2/tr1/
-rw-r--r-- root/root      4553 2013-10-21 11:28 usr/include/c++/4.8.2/tr1/math.h
-rw-r--r-- root/root      6964 2013-10-21 11:28 usr/include/c++/4.8.2/tr1/array
-rw-r--r-- root/root      1246 2013-10-21 11:28 usr/include/c++/4.8.2/tr1/cstdarg
-rw-r--r-- root/root      1476 2013-10-21 11:28 usr/include/c++/4.8.2/tr1/cstdio
-rw-r--r-- root/root      2623 2013-10-21 11:28 usr/include/c++/4.8.2/tr1/cstdint
-rw-r--r-- root/root      2004 2013-10-21 11:28 usr/include/c++/4.8.2/tr1/cfenv
-rw-r--r-- root/root      1255 2013-10-21 11:28 usr/include/c++/4.8.2/tr1/wctype.h
-rw-r--r-- root/root      1344 2013-10-21 11:28 usr/include/c++/4.8.2/tr1/cstdbool
-rw-r--r-- root/root      9540 2013-10-21 11:28 usr/include/c++/4.8.2/tr1/unordered_set.h
-rw-r--r-- root/root      1214 2013-10-21 11:28 usr/include/c++/4.8.2/tr1/stdint.h
-rw-r--r-- root/root      1459 2013-10-21 11:28 usr/include/c++/4.8.2/tr1/cwctype
-rw-r--r-- root/root     32672 2013-10-21 11:28 usr/include/c++/4.8.2/tr1/shared_ptr.h
-rw-r--r-- root/root      1791 2013-10-21 11:28 usr/include/c++/4.8.2/tr1/memory
-rw-r--r-- root/root     41537 2013-10-21 11:28 usr/include/c++/4.8.2/tr1/hashtable.h
-rw-r--r-- root/root      1412 2013-10-21 11:28 usr/include/c++/4.8.2/tr1/cctype
-rw-r--r-- root/root      5834 2013-10-21 11:28 usr/include/c++/4.8.2/tr1/functional_hash.h
-rw-r--r-- root/root     92946 2013-10-21 11:28 usr/include/c++/4.8.2/tr1/regex
-rw-r--r-- root/root     10216 2013-10-21 11:28 usr/include/c++/4.8.2/tr1/unordered_map.h
-rw-r--r-- root/root     27715 2013-10-21 11:28 usr/include/c++/4.8.2/tr1/hypergeometric.tcc
-rw-r--r-- root/root      1204 2013-10-21 11:28 usr/include/c++/4.8.2/tr1/fenv.h
-rw-r--r-- root/root      4819 2013-10-21 11:28 usr/include/c++/4.8.2/tr1/special_function_util.h
-rw-r--r-- root/root     70814 2013-10-21 11:28 usr/include/c++/4.8.2/tr1/functional
-rw-r--r-- root/root      1214 2013-10-21 11:28 usr/include/c++/4.8.2/tr1/limits.h
-rw-r--r-- root/root      1712 2013-10-21 11:28 usr/include/c++/4.8.2/tr1/cwchar
-rw-r--r-- root/root      1261 2013-10-21 11:28 usr/include/c++/4.8.2/tr1/complex.h
-rw-r--r-- root/root      1209 2013-10-21 11:28 usr/include/c++/4.8.2/tr1/ctype.h
-rw-r--r-- root/root      1255 2013-10-21 11:28 usr/include/c++/4.8.2/tr1/tgmath.h
-rw-r--r-- root/root      1480 2013-10-21 11:28 usr/include/c++/4.8.2/tr1/stdlib.h
-rw-r--r-- root/root      1248 2013-10-21 11:28 usr/include/c++/4.8.2/tr1/ctgmath
-rw-r--r-- root/root      1589 2013-10-21 11:28 usr/include/c++/4.8.2/tr1/random
-rw-r--r-- root/root     12119 2013-10-21 11:28 usr/include/c++/4.8.2/tr1/tuple
-rw-r--r-- root/root     12327 2013-10-21 11:28 usr/include/c++/4.8.2/tr1/complex
-rw-r--r-- root/root      3699 2013-10-21 11:28 usr/include/c++/4.8.2/tr1/poly_hermite.tcc
-rw-r--r-- root/root      1574 2013-10-21 11:28 usr/include/c++/4.8.2/tr1/unordered_set
-rw-r--r-- root/root     11341 2013-10-21 11:28 usr/include/c++/4.8.2/tr1/poly_laguerre.tcc
-rw-r--r-- root/root     13664 2013-10-21 11:28 usr/include/c++/4.8.2/tr1/riemann_zeta.tcc
-rw-r--r-- root/root     15780 2013-10-21 11:28 usr/include/c++/4.8.2/tr1/exp_integral.tcc
-rw-r--r-- root/root     73193 2013-10-21 11:28 usr/include/c++/4.8.2/tr1/random.h
-rw-r--r-- root/root      1234 2013-10-21 11:28 usr/include/c++/4.8.2/tr1/ctime
-rw-r--r-- root/root      3225 2013-10-21 11:28 usr/include/c++/4.8.2/tr1/utility
-rw-r--r-- root/root     10566 2013-10-21 11:28 usr/include/c++/4.8.2/tr1/legendre_function.tcc
-rw-r--r-- root/root     22122 2013-10-21 11:28 usr/include/c++/4.8.2/tr1/bessel_function.tcc
-rw-r--r-- root/root      1574 2013-10-21 11:28 usr/include/c++/4.8.2/tr1/unordered_map
-rw-r--r-- root/root     53996 2013-10-21 11:28 usr/include/c++/4.8.2/tr1/random.tcc
-rw-r--r-- root/root      1783 2013-10-21 11:28 usr/include/c++/4.8.2/tr1/cstdlib
-rw-r--r-- root/root      1214 2013-10-21 11:28 usr/include/c++/4.8.2/tr1/stdarg.h
-rw-r--r-- root/root      1209 2013-10-21 11:28 usr/include/c++/4.8.2/tr1/stdio.h
-rw-r--r-- root/root     27498 2013-10-21 11:28 usr/include/c++/4.8.2/tr1/ell_integral.tcc
-rw-r--r-- root/root      5605 2013-10-21 11:28 usr/include/c++/4.8.2/tr1/beta_function.tcc
-rw-r--r-- root/root      1454 2013-10-21 11:28 usr/include/c++/4.8.2/tr1/climits
-rw-r--r-- root/root      1209 2013-10-21 11:28 usr/include/c++/4.8.2/tr1/float.h
-rw-r--r-- root/root      1219 2013-10-21 11:28 usr/include/c++/4.8.2/tr1/stdbool.h
-rw-r--r-- root/root      1267 2013-10-21 11:28 usr/include/c++/4.8.2/tr1/inttypes.h
-rw-r--r-- root/root      1255 2013-10-21 11:28 usr/include/c++/4.8.2/tr1/ccomplex
-rw-r--r-- root/root     14310 2013-10-21 11:28 usr/include/c++/4.8.2/tr1/gamma.tcc
-rw-r--r-- root/root      1380 2013-10-21 11:28 usr/include/c++/4.8.2/tr1/cfloat
-rw-r--r-- root/root      2256 2013-10-21 11:28 usr/include/c++/4.8.2/tr1/cinttypes
-rw-r--r-- root/root     19019 2013-10-21 11:28 usr/include/c++/4.8.2/tr1/type_traits
-rw-r--r-- root/root     37423 2013-10-21 11:28 usr/include/c++/4.8.2/tr1/cmath
-rw-r--r-- root/root      1249 2013-10-21 11:28 usr/include/c++/4.8.2/tr1/wchar.h
-rw-r--r-- root/root     25231 2013-10-21 11:28 usr/include/c++/4.8.2/tr1/hashtable_policy.h
-rw-r--r-- root/root     15716 2013-10-21 11:28 usr/include/c++/4.8.2/tr1/modified_bessel_func.tcc
-rw-r--r-- root/root      1905 2013-10-21 11:28 usr/include/c++/4.8.2/clocale
-rw-r--r-- root/root     20131 2013-10-21 11:28 usr/include/c++/4.8.2/mutex
-rw-r--r-- root/root      1318 2013-10-21 11:28 usr/include/c++/4.8.2/ccomplex
-rw-r--r-- root/root      7252 2013-10-21 11:28 usr/include/c++/4.8.2/thread
-rw-r--r-- root/root      2559 2013-10-21 11:28 usr/include/c++/4.8.2/map
-rw-r--r-- root/root      1861 2013-10-21 11:28 usr/include/c++/4.8.2/cfloat
-rw-r--r-- root/root      2157 2013-10-21 11:28 usr/include/c++/4.8.2/cinttypes
-rw-r--r-- root/root     58931 2013-10-21 11:28 usr/include/c++/4.8.2/type_traits
-rw-r--r-- root/root     21747 2013-10-21 11:28 usr/include/c++/4.8.2/cxxabi.h
-rw-r--r-- root/root      2518 2013-10-21 11:28 usr/include/c++/4.8.2/algorithm
-rw-r--r-- root/root     19142 2013-10-21 11:28 usr/include/c++/4.8.2/ratio
-rw-r--r-- root/root     42445 2013-10-21 11:28 usr/include/c++/4.8.2/cmath
-rw-r--r-- root/root      2644 2013-10-21 11:28 usr/include/c++/4.8.2/iterator
-rw-r--r-- root/root     29849 2013-10-21 11:28 usr/include/c++/4.8.2/istream
-rw-r--r-- root/root      2782 2013-10-21 11:28 usr/include/c++/4.8.2/numeric
drwxr-xr-x root/root         0 2013-10-21 11:33 usr/lib64/
-rwxr-xr-x root/root       895 2013-10-21 11:30 usr/lib64/libsupc++.la
-rw-r--r-- root/root   2894814 2013-10-21 11:31 usr/lib64/libstdc++.a
-rw-r--r-- root/root    327676 2013-10-21 11:31 usr/lib64/libsupc++.a
-rwxr-xr-x root/root       961 2013-10-21 11:30 usr/lib64/libstdc++.la
-rwxr-xr-x root/root    970768 2013-10-21 11:31 usr/lib64/libstdc++.so.6.0.18
drwxr-xr-x root/root         0 2013-10-21 11:30 usr/libexec/
drwxr-xr-x root/root         0 2013-10-21 11:30 usr/libexec/gcc/
drwxr-xr-x root/root         0 2013-10-21 11:30 usr/libexec/gcc/x86_64-slackware-linux/
drwxr-xr-x root/root         0 2013-10-21 11:31 usr/libexec/gcc/x86_64-slackware-linux/4.8.2/
-rwxr-xr-x root/root  13721512 2013-10-21 11:31 usr/libexec/gcc/x86_64-slackware-linux/4.8.2/cc1plus
drwxr-xr-x root/root         0 2013-10-21 11:33 usr/lib/
-rwxr-xr-x root/root       893 2013-10-21 11:30 usr/lib/libsupc++.la
-rw-r--r-- root/root   2300510 2013-10-21 11:31 usr/lib/libstdc++.a
-rw-r--r-- root/root    254732 2013-10-21 11:31 usr/lib/libsupc++.a
-rwxr-xr-x root/root       959 2013-10-21 11:30 usr/lib/libstdc++.la
-rwxr-xr-x root/root    917900 2013-10-21 11:31 usr/lib/libstdc++.so.6.0.18
drwxr-xr-x root/root         0 2013-10-21 09:27 usr/doc/
drwxr-xr-x root/root         0 2013-10-21 09:27 usr/doc/gcc-4.8.2/
drwxr-xr-x root/root         0 2013-10-21 11:30 usr/man/
drwxr-xr-x root/root         0 2013-10-21 11:33 usr/man/man1/
-rw-r--r-- root/root    242546 2013-10-21 11:27 usr/man/man1/g++.1.gz
drwxr-xr-x root/root         0 2013-10-21 11:33 install/
-rw-r--r-- root/root       753 2013-10-21 09:27 install/slack-desc
-rw-r--r-- root/root       839 2013-10-21 11:33 install/doinst.sh


