++========================================
||
||   Package:  ./slackware64-compat32/n-compat32/cyrus-sasl-compat32-2.1.23-x86_64-5compat32.txz
||
++========================================
drwxr-xr-x root/root         0 2013-08-06 14:16 ./
drwxr-xr-x root/root         0 2013-08-06 14:16 usr/
drwxr-xr-x root/root         0 2013-07-16 07:29 usr/doc/
drwxr-xr-x root/root         0 2013-08-06 14:16 usr/doc/cyrus-sasl-2.1.23/
-rw-r--r-- root/root      1861 2003-11-28 00:06 usr/doc/cyrus-sasl-2.1.23/COPYING
-rw-r--r-- root/root      1788 2009-04-28 17:09 usr/doc/cyrus-sasl-2.1.23/AUTHORS
drwxr-xr-x root/root         0 2013-07-16 07:29 usr/lib/
drwxr-xr-x root/root         0 2013-07-16 07:29 usr/lib/sasl2/
-rwxr-xr-x root/root       684 2013-07-16 07:29 usr/lib/sasl2/libsasldb.la
-rwxr-xr-x root/root     15440 2013-07-16 07:29 usr/lib/sasl2/liblogin.so.2.0.23
-rwxr-xr-x root/root       670 2013-07-16 07:29 usr/lib/sasl2/liblogin.la
-rwxr-xr-x root/root     15504 2013-07-16 07:29 usr/lib/sasl2/libplain.so.2.0.23
-rwxr-xr-x root/root       670 2013-07-16 07:29 usr/lib/sasl2/libplain.la
-rwxr-xr-x root/root     62280 2013-07-16 07:29 usr/lib/sasl2/libotp.so.2.0.23
-rwxr-xr-x root/root     20956 2013-07-16 07:29 usr/lib/sasl2/libsasldb.so.2.0.23
-rwxr-xr-x root/root       704 2013-07-16 07:29 usr/lib/sasl2/libdigestmd5.la
-rwxr-xr-x root/root     17264 2013-07-16 07:29 usr/lib/sasl2/libcrammd5.so.2.0.23
-rwxr-xr-x root/root       674 2013-07-16 07:29 usr/lib/sasl2/libcrammd5.la
-rwxr-xr-x root/root     47112 2013-07-16 07:29 usr/lib/sasl2/libdigestmd5.so.2.0.23
-rwxr-xr-x root/root       659 2013-07-16 07:29 usr/lib/sasl2/libotp.la
-rwxr-xr-x root/root    101712 2013-07-16 07:29 usr/lib/libsasl2.so.2.0.23
-rwxr-xr-x root/root       657 2013-07-16 07:29 usr/lib/libsasl2.la
drwxr-xr-x root/root         0 2013-08-06 14:16 install/
-rw-r--r-- root/root      1823 2013-08-06 14:16 install/doinst.sh
-rw-r--r-- root/root      1006 2013-08-06 14:16 install/slack-desc
drwxr-xr-x root/root         0 2013-07-16 07:29 var/
drwxr-xr-x root/root         0 2013-07-16 07:29 var/state/
drwxr-xr-x root/root         0 2013-07-16 07:29 var/state/saslauthd/


